------------------Day 0 -----------------
Tipo merce 0:
	- Non scaduta:
		a) nei porti: 51
		b) in nave: 30
	- Scaduta:
		a) nei porti: 21
		b) in nave: 0
	- Consegnata: 0
Tipo merce 1:
	- Non scaduta:
		a) nei porti: 19
		b) in nave: 70
	- Scaduta:
		a) nei porti: 49
		b) in nave: 0
	- Consegnata: 0
Tipo merce 2:
	- Non scaduta:
		a) nei porti: 18
		b) in nave: 100
	- Scaduta:
		a) nei porti: 52
		b) in nave: 0
	- Consegnata: 0
Tipo merce 3:
	- Non scaduta:
		a) nei porti: 39
		b) in nave: 0
	- Scaduta:
		a) nei porti: 23
		b) in nave: 0
	- Consegnata: 0
Tipo merce 4:
	- Non scaduta:
		a) nei porti: 81
		b) in nave: 80
	- Scaduta:
		a) nei porti: 147
		b) in nave: 0
	- Consegnata: 0
------------------Day 1 -----------------
Tipo merce 0:
	- Non scaduta:
		a) nei porti: 51
		b) in nave: 30
	- Scaduta:
		a) nei porti: 21
		b) in nave: 0
	- Consegnata: 0
Tipo merce 1:
	- Non scaduta:
		a) nei porti: 19
		b) in nave: 70
	- Scaduta:
		a) nei porti: 49
		b) in nave: 0
	- Consegnata: 0
Tipo merce 2:
	- Non scaduta:
		a) nei porti: 18
		b) in nave: 100
	- Scaduta:
		a) nei porti: 52
		b) in nave: 0
	- Consegnata: 0
Tipo merce 3:
	- Non scaduta:
		a) nei porti: 39
		b) in nave: 0
	- Scaduta:
		a) nei porti: 23
		b) in nave: 0
	- Consegnata: 0
Tipo merce 4:
	- Non scaduta:
		a) nei porti: 81
		b) in nave: 80
	- Scaduta:
		a) nei porti: 147
		b) in nave: 0
	- Consegnata: 0
