<<<<<<< HEAD
=======
DAY: 0:ðŸš¢ 0 âªï¸ 28|3 âªï¸ Porto 1
DAY: 0:ðŸš¢ 0 âªï¸ 17|1 âªï¸ Porto 1
DAY: 2:ðŸš¢ 0 âªï¸ 15|1 âªï¸ Porto 0
DAY: 3:ðŸš¢ 0 âªï¸ 37|3 âªï¸ Porto 1
DAY: 3:ðŸš¢ 0 âªï¸ 31|3 âªï¸ Porto 1
DAY: 3:ðŸš¢ 0 âªï¸ 22|1 âªï¸ Porto 1
DAY: 5:ðŸš¢ 0 â©ï¸ 22|1 â©ï¸ Porto 2
DAY: 5:ðŸš¢ 0 â©ï¸ 17|1 â©ï¸ Porto 2
DAY: 5:ðŸš¢ 0 â©ï¸ 15|1 â©ï¸ Porto 2
DAY: 5:ðŸš¢ 0 âªï¸ 33|3 âªï¸ Porto 2
DAY: 7:ðŸš¢ 0 âªï¸ 21|1 âªï¸ Porto 0
DAY: 9:ðŸš¢ 0 â©ï¸ 21|1 â©ï¸ Porto 2
DAY: 10:ðŸš¢ 0 âªï¸ 21|3 âªï¸ Porto 1
DAY: 13:ðŸš¢ 0 â©ï¸ 21|3 â©ï¸ Porto 3
DAY: 13:ðŸš¢ 0 â©ï¸ 28|3 â©ï¸ Porto 3
DAY: 13:ðŸš¢ 0 â©ï¸ 33|3 â©ï¸ Porto 3
DAY: 13:ðŸš¢ 0 â©ï¸ 37|3 â©ï¸ Porto 3
DAY: 13:ðŸš¢ 0 â©ï¸ 31|3 â©ï¸ Porto 3
DAY: 15:ðŸš¢ 0 âªï¸ 38|1 âªï¸ Porto 1
DAY: 15:ðŸš¢ 0 âªï¸ 34|3 âªï¸ Porto 1
DAY: 15:ðŸš¢ 0 âªï¸ 31|3 âªï¸ Porto 1
DAY: 15:ðŸš¢ 0 âªï¸ 30|3 âªï¸ Porto 1
DAY: 16:ðŸš¢ 0 âªï¸ 17|1 âªï¸ Porto 0
DAY: 18:ðŸš¢ 0 â©ï¸ 17|1 â©ï¸ Porto 3
DAY: 18:ðŸš¢ 0 â©ï¸ 38|1 â©ï¸ Porto 3
DAY: 18:ðŸš¢ 0 â©ï¸ 34|3 â©ï¸ Porto 3
DAY: 18:ðŸš¢ 0 â©ï¸ 31|3 â©ï¸ Porto 3
DAY: 18:ðŸš¢ 0 â©ï¸ 30|3 â©ï¸ Porto 3
DAY: 20:ðŸš¢ 0 âªï¸ 36|1 âªï¸ Porto 0
>>>>>>> 36ba4bd37598dce637c162cc7bdde960689df440
