ЁЯТеЁЯТеЁЯТеЁЯТеЁЯТеЁЯТеЁЯТеЁЯТе
ERROR: msg get error handler
ERRNO: No space left on device
CTX: creaCodePortiDischarge
HASH: 1848495794
ЁЯТеЁЯТеЁЯТеЁЯТеЁЯТеЁЯТеЁЯТеЁЯТе
ЁЯТеЁЯТеЁЯТеЁЯТеЁЯТеЁЯТеЁЯТеЁЯТе
ERROR: msg get error handler
ERRNO: No space left on device
CTX: creaCodePortiDischarge
HASH: 22888609
ЁЯТеЁЯТеЁЯТеЁЯТеЁЯТеЁЯТеЁЯТеЁЯТе
ЁЯТеЁЯТеЁЯТеЁЯТеЁЯТеЁЯТеЁЯТеЁЯТе
ERROR: msg get error handler
ERRNO: No space left on device
CTX: creaCodePortiDischarge
HASH: 289278650
ЁЯТеЁЯТеЁЯТеЁЯТеЁЯТеЁЯТеЁЯТеЁЯТе
ЁЯТеЁЯТеЁЯТеЁЯТеЁЯТеЁЯТеЁЯТеЁЯТе
ERROR: msg get error handler
ERRNO: No space left on device
CTX: creaCodePortiDischarge
HASH: 3293742
ЁЯТеЁЯТеЁЯТеЁЯТеЁЯТеЁЯТеЁЯТеЁЯТе
ЁЯТеЁЯТеЁЯТеЁЯТеЁЯТеЁЯТеЁЯТеЁЯТе
ERROR: msg get error handler
ERRNO: No space left on device
CTX: creaCodePortiDischarge
HASH: 1670830619
ЁЯТеЁЯТеЁЯТеЁЯТеЁЯТеЁЯТеЁЯТеЁЯТе
ЁЯТеЁЯТеЁЯТеЁЯТеЁЯТеЁЯТеЁЯТеЁЯТе
ERROR: msg get error handler
ERRNO: No space left on device
CTX: creaCodePortiDischarge
HASH: 1154045361
ЁЯТеЁЯТеЁЯТеЁЯТеЁЯТеЁЯТеЁЯТеЁЯТе
ЁЯТеЁЯТеЁЯТеЁЯТеЁЯТеЁЯТеЁЯТеЁЯТе
ERROR: msg get error handler
ERRNO: No space left on device
CTX: creaCodePortiDischarge
HASH: 2115566270
ЁЯТеЁЯТеЁЯТеЁЯТеЁЯТеЁЯТеЁЯТеЁЯТе
ЁЯТеЁЯТеЁЯТеЁЯТеЁЯТеЁЯТеЁЯТеЁЯТе
ERROR: msg get error handler
ERRNO: No space left on device
CTX: creaCodePortiDischarge
HASH: 435556511
ЁЯТеЁЯТеЁЯТеЁЯТеЁЯТеЁЯТеЁЯТеЁЯТе
ЁЯТеЁЯТеЁЯТеЁЯТеЁЯТеЁЯТеЁЯТеЁЯТе
ERROR: msg get error handler
ERRNO: No space left on device
CTX: creaCodePortiDischarge
HASH: 1774011401
ЁЯТеЁЯТеЁЯТеЁЯТеЁЯТеЁЯТеЁЯТеЁЯТе
ЁЯТеЁЯТеЁЯТеЁЯТеЁЯТеЁЯТеЁЯТеЁЯТе
ERROR: msg get error handler
ERRNO: No space left on device
CTX: creaCodePortiDischarge
HASH: 146661659
ЁЯТеЁЯТеЁЯТеЁЯТеЁЯТеЁЯТеЁЯТеЁЯТе
ЁЯТеЁЯТеЁЯТеЁЯТеЁЯТеЁЯТеЁЯТеЁЯТе
ERROR: msg get error handler
ERRNO: No space left on device
CTX: creaCodePortiDischarge
HASH: 1778759704
ЁЯТеЁЯТеЁЯТеЁЯТеЁЯТеЁЯТеЁЯТеЁЯТе
ЁЯТеЁЯТеЁЯТеЁЯТеЁЯТеЁЯТеЁЯТеЁЯТе
ERROR: msg get error handler
ERRNO: No space left on device
CTX: creaCodePortiDischarge
HASH: 494495241
ЁЯТеЁЯТеЁЯТеЁЯТеЁЯТеЁЯТеЁЯТеЁЯТе
ЁЯТеЁЯТеЁЯТеЁЯТеЁЯТеЁЯТеЁЯТеЁЯТе
ERROR: msg get error handler
ERRNO: No space left on device
CTX: creaCodePortiDischarge
HASH: 219801597
ЁЯТеЁЯТеЁЯТеЁЯТеЁЯТеЁЯТеЁЯТеЁЯТе
ЁЯТеЁЯТеЁЯТеЁЯТеЁЯТеЁЯТеЁЯТеЁЯТе
ERROR: msg get error handler
ERRNO: No space left on device
CTX: creaCodePortiDischarge
HASH: 533567939
ЁЯТеЁЯТеЁЯТеЁЯТеЁЯТеЁЯТеЁЯТеЁЯТе
ЁЯТеЁЯТеЁЯТеЁЯТеЁЯТеЁЯТеЁЯТеЁЯТе
ERROR: msg get error handler
ERRNO: No space left on device
CTX: creaCodePortiDischarge
HASH: 1932124548
ЁЯТеЁЯТеЁЯТеЁЯТеЁЯТеЁЯТеЁЯТеЁЯТе
ЁЯТеЁЯТеЁЯТеЁЯТеЁЯТеЁЯТеЁЯТеЁЯТе
ERROR: msg get error handler
ERRNO: No space left on device
CTX: creaCodePortiDischarge
HASH: 1117051949
ЁЯТеЁЯТеЁЯТеЁЯТеЁЯТеЁЯТеЁЯТеЁЯТе
ЁЯТеЁЯТеЁЯТеЁЯТеЁЯТеЁЯТеЁЯТеЁЯТе
ERROR: msg get error handler
ERRNO: No space left on device
CTX: creaCodePortiDischarge
HASH: 990064769
ЁЯТеЁЯТеЁЯТеЁЯТеЁЯТеЁЯТеЁЯТеЁЯТе
ЁЯТеЁЯТеЁЯТеЁЯТеЁЯТеЁЯТеЁЯТеЁЯТе
ERROR: msg get error handler
ERRNO: No space left on device
CTX: creaCodePortiDischarge
HASH: 1315275627
ЁЯТеЁЯТеЁЯТеЁЯТеЁЯТеЁЯТеЁЯТеЁЯТе
ЁЯТеЁЯТеЁЯТеЁЯТеЁЯТеЁЯТеЁЯТеЁЯТе
ERROR: msg get error handler
ERRNO: No space left on device
CTX: creaCodePortiDischarge
HASH: 1788284418
ЁЯТеЁЯТеЁЯТеЁЯТеЁЯТеЁЯТеЁЯТеЁЯТе
ЁЯТеЁЯТеЁЯТеЁЯТеЁЯТеЁЯТеЁЯТеЁЯТе
ERROR: msg get error handler
ERRNO: No space left on device
CTX: creaCodePortiDischarge
HASH: 1662573561
ЁЯТеЁЯТеЁЯТеЁЯТеЁЯТеЁЯТеЁЯТеЁЯТе
ЁЯТеЁЯТеЁЯТеЁЯТеЁЯТеЁЯТеЁЯТеЁЯТе
ERROR: msg get error handler
ERRNO: No space left on device
CTX: creaCodePortiDischarge
HASH: 1964108610
ЁЯТеЁЯТеЁЯТеЁЯТеЁЯТеЁЯТеЁЯТеЁЯТе
ЁЯТеЁЯТеЁЯТеЁЯТеЁЯТеЁЯТеЁЯТеЁЯТе
ERROR: msg get error handler
ERRNO: No space left on device
CTX: creaCodePortiDischarge
HASH: 1802270233
ЁЯТеЁЯТеЁЯТеЁЯТеЁЯТеЁЯТеЁЯТеЁЯТе
ЁЯТеЁЯТеЁЯТеЁЯТеЁЯТеЁЯТеЁЯТеЁЯТе
ERROR: msg get error handler
ERRNO: No space left on device
CTX: creaCodePortiDischarge
HASH: 498965096
ЁЯТеЁЯТеЁЯТеЁЯТеЁЯТеЁЯТеЁЯТеЁЯТе
ЁЯТеЁЯТеЁЯТеЁЯТеЁЯТеЁЯТеЁЯТеЁЯТе
ERROR: msg get error handler
ERRNO: No space left on device
CTX: creaCodeNavi
HASH: 182726937
ЁЯТеЁЯТеЁЯТеЁЯТеЁЯТеЁЯТеЁЯТеЁЯТе
ЁЯТеЁЯТеЁЯТеЁЯТеЁЯТеЁЯТеЁЯТеЁЯТе
ERROR: msg get error handler
ERRNO: No space left on device
CTX: creaCodeNavi
HASH: 190014949
ЁЯТеЁЯТеЁЯТеЁЯТеЁЯТеЁЯТеЁЯТеЁЯТе
ЁЯТеЁЯТеЁЯТеЁЯТеЁЯТеЁЯТеЁЯТеЁЯТе
ERROR: msg get error handler
ERRNO: No space left on device
CTX: creaCodeNavi
HASH: 273064754
ЁЯТеЁЯТеЁЯТеЁЯТеЁЯТеЁЯТеЁЯТеЁЯТе
ЁЯТеЁЯТеЁЯТеЁЯТеЁЯТеЁЯТеЁЯТеЁЯТе
ERROR: msg get error handler
ERRNO: No space left on device
CTX: creaCodeNavi
HASH: 226766839
ЁЯТеЁЯТеЁЯТеЁЯТеЁЯТеЁЯТеЁЯТеЁЯТе
ЁЯТеЁЯТеЁЯТеЁЯТеЁЯТеЁЯТеЁЯТеЁЯТе
ERROR: msg get error handler
ERRNO: No space left on device
CTX: creaCodeNavi
HASH: 1634273295
ЁЯТеЁЯТеЁЯТеЁЯТеЁЯТеЁЯТеЁЯТеЁЯТе
ЁЯТеЁЯТеЁЯТеЁЯТеЁЯТеЁЯТеЁЯТеЁЯТе
ERROR: msg get error handler
ERRNO: No space left on device
CTX: creaCodeNavi
HASH: 915423935
ЁЯТеЁЯТеЁЯТеЁЯТеЁЯТеЁЯТеЁЯТеЁЯТе
ЁЯТеЁЯТеЁЯТеЁЯТеЁЯТеЁЯТеЁЯТеЁЯТе
ERROR: msg get error handler
ERRNO: No space left on device
CTX: creaCodeNavi
HASH: 957228437
ЁЯТеЁЯТеЁЯТеЁЯТеЁЯТеЁЯТеЁЯТеЁЯТе
ЁЯТеЁЯТеЁЯТеЁЯТеЁЯТеЁЯТеЁЯТеЁЯТе
ERROR: msg get error handler
ERRNO: No space left on device
CTX: creaCodeNavi
HASH: 1338340982
ЁЯТеЁЯТеЁЯТеЁЯТеЁЯТеЁЯТеЁЯТеЁЯТе
ЁЯТеЁЯТеЁЯТеЁЯТеЁЯТеЁЯТеЁЯТеЁЯТе
ERROR: numero di carichi ottimali: 19
 error handler
ERRNO: Undefined error: 0
CTX: numeroDiCarichiOttimale
HASH: 1622650073
ЁЯТеЁЯТеЁЯТеЁЯТеЁЯТеЁЯТеЁЯТеЁЯТе
ЁЯТеЁЯТеЁЯТеЁЯТеЁЯТеЁЯТеЁЯТеЁЯТе
ERROR: numero di carichi ottimali: 19
 error handler
ERRNO: Undefined error: 0
CTX: numeroDiCarichiOttimale
HASH: 1622650073
ЁЯТеЁЯТеЁЯТеЁЯТеЁЯТеЁЯТеЁЯТеЁЯТе
ЁЯТеЁЯТеЁЯТеЁЯТеЁЯТеЁЯТеЁЯТеЁЯТе
ERROR: numero di carichi ottimali: 19
 error handler
ERRNO: Undefined error: 0
CTX: numeroDiCarichiOttimale
HASH: 1622650073
ЁЯТеЁЯТеЁЯТеЁЯТеЁЯТеЁЯТеЁЯТеЁЯТе
ЁЯТеЁЯТеЁЯТеЁЯТеЁЯТеЁЯТеЁЯТеЁЯТе
ERROR: msg get error handler
ERRNO: No such file or directory
CTX: communicate ports
HASH: 984943658
ЁЯТеЁЯТеЁЯТеЁЯТеЁЯТеЁЯТеЁЯТеЁЯТе
ЁЯТеЁЯТеЁЯТеЁЯТеЁЯТеЁЯТеЁЯТеЁЯТе
ERROR: msg rcv error handler
ERRNO: Invalid argument
CTX: msg recv communicatePortsForCharge
HASH: 1144108930
ЁЯТеЁЯТеЁЯТеЁЯТеЁЯТеЁЯТеЁЯТеЁЯТе
ЁЯТеЁЯТеЁЯТеЁЯТеЁЯТеЁЯТеЁЯТеЁЯТе
ERROR: msg get error handler
ERRNO: No such file or directory
CTX: communicate ports
HASH: 984943658
ЁЯТеЁЯТеЁЯТеЁЯТеЁЯТеЁЯТеЁЯТеЁЯТе
ЁЯТеЁЯТеЁЯТеЁЯТеЁЯТеЁЯТеЁЯТеЁЯТе
ERROR: msg rcv error handler
ERRNO: Invalid argument
CTX: msg recv communicatePortsForCharge
HASH: 1144108930
ЁЯТеЁЯТеЁЯТеЁЯТеЁЯТеЁЯТеЁЯТеЁЯТе
ЁЯТеЁЯТеЁЯТеЁЯТеЁЯТеЁЯТеЁЯТеЁЯТе
ERROR: msg get error handler
ERRNO: No such file or directory
CTX: communicate ports
HASH: 984943658
ЁЯТеЁЯТеЁЯТеЁЯТеЁЯТеЁЯТеЁЯТеЁЯТе
ЁЯТеЁЯТеЁЯТеЁЯТеЁЯТеЁЯТеЁЯТеЁЯТе
ERROR: msg rcv error handler
ERRNO: Invalid argument
CTX: msg recv communicatePortsForCharge
HASH: 1144108930
ЁЯТеЁЯТеЁЯТеЁЯТеЁЯТеЁЯТеЁЯТеЁЯТе
ЁЯТеЁЯТеЁЯТеЁЯТеЁЯТеЁЯТеЁЯТеЁЯТе
ERROR: numero di carichi ottimali: 19
 error handler
ERRNO: Undefined error: 0
CTX: numeroDiCarichiOttimale
HASH: 1622650073
ЁЯТеЁЯТеЁЯТеЁЯТеЁЯТеЁЯТеЁЯТеЁЯТе
ЁЯТеЁЯТеЁЯТеЁЯТеЁЯТеЁЯТеЁЯТеЁЯТе
ERROR: msg get error handler
ERRNO: No such file or directory
CTX: RecvDischargerHandler->shipQueueID
HASH: 2049403031
ЁЯТеЁЯТеЁЯТеЁЯТеЁЯТеЁЯТеЁЯТеЁЯТе
ЁЯТеЁЯТеЁЯТеЁЯТеЁЯТеЁЯТеЁЯТеЁЯТе
ERROR: msg get error handler
ERRNO: No such file or directory
CTX: communicate ports
HASH: 984943658
ЁЯТеЁЯТеЁЯТеЁЯТеЁЯТеЁЯТеЁЯТеЁЯТе
ЁЯТеЁЯТеЁЯТеЁЯТеЁЯТеЁЯТеЁЯТеЁЯТе
ERROR: msg rcv error handler
ERRNO: Invalid argument
CTX: msg recv communicatePortsForCharge
HASH: 1144108930
ЁЯТеЁЯТеЁЯТеЁЯТеЁЯТеЁЯТеЁЯТеЁЯТе
ЁЯТеЁЯТеЁЯТеЁЯТеЁЯТеЁЯТеЁЯТеЁЯТе
ERROR: msg get error handler
ERRNO: No such file or directory
CTX: RecvDischargerHandler->shipQueueID
HASH: 2049403031
ЁЯТеЁЯТеЁЯТеЁЯТеЁЯТеЁЯТеЁЯТеЁЯТе
ЁЯТеЁЯТеЁЯТеЁЯТеЁЯТеЁЯТеЁЯТеЁЯТе
ERROR: numero di carichi ottimali: 19
 error handler
ERRNO: Undefined error: 0
CTX: numeroDiCarichiOttimale
HASH: 1622650073
ЁЯТеЁЯТеЁЯТеЁЯТеЁЯТеЁЯТеЁЯТеЁЯТе
ЁЯТеЁЯТеЁЯТеЁЯТеЁЯТеЁЯТеЁЯТеЁЯТе
ERROR: numero di carichi ottimali: 19
 error handler
ERRNO: Undefined error: 0
CTX: numeroDiCarichiOttimale
HASH: 1622650073
ЁЯТеЁЯТеЁЯТеЁЯТеЁЯТеЁЯТеЁЯТеЁЯТе
ЁЯТеЁЯТеЁЯТеЁЯТеЁЯТеЁЯТеЁЯТеЁЯТе
ERROR: numero di carichi ottimali: 19
 error handler
ERRNO: Undefined error: 0
CTX: numeroDiCarichiOttimale
HASH: 1622650073
ЁЯТеЁЯТеЁЯТеЁЯТеЁЯТеЁЯТеЁЯТеЁЯТе
ЁЯТеЁЯТеЁЯТеЁЯТеЁЯТеЁЯТеЁЯТеЁЯТе
ERROR: msg get error handler
ERRNO: No such file or directory
CTX: communicate ports
HASH: 984943658
ЁЯТеЁЯТеЁЯТеЁЯТеЁЯТеЁЯТеЁЯТеЁЯТе
ЁЯТеЁЯТеЁЯТеЁЯТеЁЯТеЁЯТеЁЯТеЁЯТе
ERROR: msg get error handler
ERRNO: No such file or directory
CTX: communicate ports
HASH: 984943658
ЁЯТеЁЯТеЁЯТеЁЯТеЁЯТеЁЯТеЁЯТеЁЯТе
ЁЯТеЁЯТеЁЯТеЁЯТеЁЯТеЁЯТеЁЯТеЁЯТе
ERROR: msg rcv error handler
ERRNO: Invalid argument
CTX: msg recv communicatePortsForCharge
HASH: 1144108930
ЁЯТеЁЯТеЁЯТеЁЯТеЁЯТеЁЯТеЁЯТеЁЯТе
ЁЯТеЁЯТеЁЯТеЁЯТеЁЯТеЁЯТеЁЯТеЁЯТе
ERROR: msg get error handler
ERRNO: No such file or directory
CTX: RecvDischargerHandler->shipQueueID
HASH: 2049403031
ЁЯТеЁЯТеЁЯТеЁЯТеЁЯТеЁЯТеЁЯТеЁЯТе
ЁЯТеЁЯТеЁЯТеЁЯТеЁЯТеЁЯТеЁЯТеЁЯТе
ERROR: msg rcv error handler
ERRNO: Invalid argument
CTX: msg recv communicatePortsForCharge
HASH: 1144108930
ЁЯТеЁЯТеЁЯТеЁЯТеЁЯТеЁЯТеЁЯТеЁЯТе
ЁЯТеЁЯТеЁЯТеЁЯТеЁЯТеЁЯТеЁЯТеЁЯТе
ERROR: msg get error handler
ERRNO: No such file or directory
CTX: communicate ports
HASH: 984943658
ЁЯТеЁЯТеЁЯТеЁЯТеЁЯТеЁЯТеЁЯТеЁЯТе
ЁЯТеЁЯТеЁЯТеЁЯТеЁЯТеЁЯТеЁЯТеЁЯТе
ERROR: msg rcv error handler
ERRNO: Invalid argument
CTX: msg recv communicatePortsForCharge
HASH: 1144108930
ЁЯТеЁЯТеЁЯТеЁЯТеЁЯТеЁЯТеЁЯТеЁЯТе
ЁЯТеЁЯТеЁЯТеЁЯТеЁЯТеЁЯТеЁЯТеЁЯТе
ERROR: numero di carichi ottimali: 19
 error handler
ERRNO: Undefined error: 0
CTX: numeroDiCarichiOttimale
HASH: 1622650073
ЁЯТеЁЯТеЁЯТеЁЯТеЁЯТеЁЯТеЁЯТеЁЯТе
ЁЯТеЁЯТеЁЯТеЁЯТеЁЯТеЁЯТеЁЯТеЁЯТе
ERROR: msg get error handler
ERRNO: No such file or directory
CTX: RecvDischargerHandler->shipQueueID
HASH: 2049403031
ЁЯТеЁЯТеЁЯТеЁЯТеЁЯТеЁЯТеЁЯТеЁЯТе
ЁЯТеЁЯТеЁЯТеЁЯТеЁЯТеЁЯТеЁЯТеЁЯТе
ERROR: msg get error handler
ERRNO: No such file or directory
CTX: RecvDischargerHandler->shipQueueID
HASH: 2049403031
ЁЯТеЁЯТеЁЯТеЁЯТеЁЯТеЁЯТеЁЯТеЁЯТе
ЁЯТеЁЯТеЁЯТеЁЯТеЁЯТеЁЯТеЁЯТеЁЯТе
ERROR: msg get error handler
ERRNO: No such file or directory
CTX: RecvDischargerHandler->shipQueueID
HASH: 2049403031
ЁЯТеЁЯТеЁЯТеЁЯТеЁЯТеЁЯТеЁЯТеЁЯТе
ЁЯТеЁЯТеЁЯТеЁЯТеЁЯТеЁЯТеЁЯТеЁЯТе
ERROR: msg get error handler
ERRNO: No such file or directory
CTX: communicate ports
HASH: 984943658
ЁЯТеЁЯТеЁЯТеЁЯТеЁЯТеЁЯТеЁЯТеЁЯТе
ЁЯТеЁЯТеЁЯТеЁЯТеЁЯТеЁЯТеЁЯТеЁЯТе
ERROR: msg rcv error handler
ERRNO: Invalid argument
CTX: msg recv communicatePortsForCharge
HASH: 1144108930
ЁЯТеЁЯТеЁЯТеЁЯТеЁЯТеЁЯТеЁЯТеЁЯТе
ЁЯТеЁЯТеЁЯТеЁЯТеЁЯТеЁЯТеЁЯТеЁЯТе
ERROR: msg get error handler
ERRNO: No such file or directory
CTX: RecvDischargerHandler->shipQueueID
HASH: 2049403031
ЁЯТеЁЯТеЁЯТеЁЯТеЁЯТеЁЯТеЁЯТеЁЯТе
ЁЯТеЁЯТеЁЯТеЁЯТеЁЯТеЁЯТеЁЯТеЁЯТе
ERROR: msg snd error handler
ERRNO: Invalid argument
CTX: risposta negativa recvDischargerHandler
HASH: 826527784
ЁЯТеЁЯТеЁЯТеЁЯТеЁЯТеЁЯТеЁЯТеЁЯТе
ЁЯТеЁЯТеЁЯТеЁЯТеЁЯТеЁЯТеЁЯТеЁЯТе
ERROR: msg get error handler
ERRNO: No such file or directory
CTX: RecvDischargerHandler->shipQueueID
HASH: 2049403031
ЁЯТеЁЯТеЁЯТеЁЯТеЁЯТеЁЯТеЁЯТеЁЯТе
ЁЯТеЁЯТеЁЯТеЁЯТеЁЯТеЁЯТеЁЯТеЁЯТе
ERROR: msg snd error handler
ERRNO: Invalid argument
CTX: risposta negativa recvDischargerHandler
HASH: 826527784
ЁЯТеЁЯТеЁЯТеЁЯТеЁЯТеЁЯТеЁЯТеЁЯТе
ЁЯТеЁЯТеЁЯТеЁЯТеЁЯТеЁЯТеЁЯТеЁЯТе
ERROR: msg snd error handler
ERRNO: Invalid argument
CTX: risposta negativa recvDischargerHandler
HASH: 826527784
ЁЯТеЁЯТеЁЯТеЁЯТеЁЯТеЁЯТеЁЯТеЁЯТе
ЁЯТеЁЯТеЁЯТеЁЯТеЁЯТеЁЯТеЁЯТеЁЯТе
ERROR: msg snd error handler
ERRNO: Invalid argument
CTX: risposta negativa recvDischargerHandler
HASH: 826527784
ЁЯТеЁЯТеЁЯТеЁЯТеЁЯТеЁЯТеЁЯТеЁЯТе
ЁЯТеЁЯТеЁЯТеЁЯТеЁЯТеЁЯТеЁЯТеЁЯТе
ERROR: msg snd error handler
ERRNO: Invalid argument
CTX: risposta negativa recvDischargerHandler
HASH: 826527784
ЁЯТеЁЯТеЁЯТеЁЯТеЁЯТеЁЯТеЁЯТеЁЯТе
ЁЯТеЁЯТеЁЯТеЁЯТеЁЯТеЁЯТеЁЯТеЁЯТе
ERROR: msg snd error handler
ERRNO: Invalid argument
CTX: risposta negativa recvDischargerHandler
HASH: 826527784
ЁЯТеЁЯТеЁЯТеЁЯТеЁЯТеЁЯТеЁЯТеЁЯТе
ЁЯТеЁЯТеЁЯТеЁЯТеЁЯТеЁЯТеЁЯТеЁЯТе
ERROR: msg snd error handler
ERRNO: Invalid argument
CTX: risposta negativa recvDischargerHandler
HASH: 826527784
ЁЯТеЁЯТеЁЯТеЁЯТеЁЯТеЁЯТеЁЯТеЁЯТе
ЁЯТеЁЯТеЁЯТеЁЯТеЁЯТеЁЯТеЁЯТеЁЯТе
ERROR: msg snd error handler
ERRNO: Invalid argument
CTX: risposta negativa recvDischargerHandler
HASH: 826527784
ЁЯТеЁЯТеЁЯТеЁЯТеЁЯТеЁЯТеЁЯТеЁЯТе
