<<<<<<< HEAD
DUMP: PORT IDX: 0, tolgo 300
DUMP: PORT IDX: 1, tolgo 300
DUMP: PORT IDX: 2, tolgo 300
DUMP: PORT IDX: 3, tolgo 300
DUMP: PORT IDX: 1, aggiungo 300
DUMP: PORT IDX: 2, aggiungo 300
DUMP: PORT IDX: 3, aggiungo 300
DUMP: NAVE IDX: 0, aggiungo 300
DUMP: PORT IDX: 0, tolgo 300
DUMP: PORT IDX: 1, tolgo 300
DUMP: PORT IDX: 2, tolgo 300
DUMP: PORT IDX: 3, tolgo 300
DUMP: PORT IDX: 0, aggiungo 300
DUMP: PORT IDX: 2, aggiungo 300
DUMP: PORT IDX: 3, aggiungo 300
DUMP: NAVE IDX: 0, aggiungo 300
DUMP: PORT IDX: 0, tolgo 300
DUMP: PORT IDX: 1, tolgo 300
DUMP: PORT IDX: 2, tolgo 300
DUMP: PORT IDX: 3, tolgo 300
DUMP: PORT IDX: 1, aggiungo 300
DUMP: PORT IDX: 2, aggiungo 300
DUMP: PORT IDX: 3, aggiungo 300
DUMP: NAVE IDX: 0, aggiungo 300
DUMP: PORT IDX: 0, tolgo 300
DUMP: PORT IDX: 1, tolgo 300
DUMP: PORT IDX: 2, tolgo 300
DUMP: PORT IDX: 3, tolgo 300
DUMP: PORT IDX: 1, aggiungo 300
DUMP: PORT IDX: 2, aggiungo 300
DUMP: PORT IDX: 3, aggiungo 300
DUMP: NAVE IDX: 0, aggiungo 300
DUMP: PORT IDX: 0, tolgo 300
DUMP: PORT IDX: 1, tolgo 300
DUMP: PORT IDX: 2, tolgo 300
DUMP: PORT IDX: 3, tolgo 300
DUMP: PORT IDX: 0, aggiungo 300
DUMP: PORT IDX: 2, aggiungo 300
DUMP: PORT IDX: 3, aggiungo 300
DUMP: NAVE IDX: 0, aggiungo 300
DUMP: PORT IDX: 0, tolgo 300
DUMP: PORT IDX: 1, tolgo 300
DUMP: PORT IDX: 2, tolgo 300
DUMP: PORT IDX: 3, tolgo 300
DUMP: PORT IDX: 1, aggiungo 300
DUMP: PORT IDX: 2, aggiungo 300
DUMP: PORT IDX: 3, aggiungo 300
DUMP: NAVE IDX: 0, aggiungo 300
=======
DUMP: PORT IDX: 0, tolgo 100
DUMP: PORT IDX: 2, tolgo 100
DUMP: PORT IDX: 2, aggiungo 100
DUMP: PORT IDX: 2, tolgo 100
DUMP: PORT IDX: 3, tolgo 97
DUMP: PORT IDX: 0, tolgo 79
DUMP: PORT IDX: 2, tolgo 74
DUMP: PORT IDX: 2, tolgo 54
DUMP: PORT IDX: 0, tolgo 1
DUMP: PORT IDX: 0, tolgo 100
DUMP: PORT IDX: 2, tolgo 100
DUMP: PORT IDX: 2, tolgo 100
DUMP: PORT IDX: 3, tolgo 100
DUMP: PORT IDX: 2, aggiungo 100
DUMP: PORT IDX: 3, aggiungo 100
DUMP: PORT IDX: 3, tolgo 100
DUMP: PORT IDX: 3, aggiungo 100
DUMP: PORT IDX: 2, tolgo 100
DUMP: PORT IDX: 3, tolgo 100
DUMP: PORT IDX: 0, tolgo 65
DUMP: PORT IDX: 2, tolgo 48
DUMP: PORT IDX: 3, tolgo 48
DUMP: PORT IDX: 3, aggiungo 48
DUMP: PORT IDX: 3, tolgo 48
DUMP: PORT IDX: 2, tolgo 37
DUMP: PORT IDX: 0, tolgo 8
DUMP: PORT IDX: 2, tolgo 100
DUMP: PORT IDX: 3, tolgo 100
DUMP: PORT IDX: 3, aggiungo 100
DUMP: PORT IDX: 2, tolgo 100
DUMP: PORT IDX: 3, tolgo 100
DUMP: PORT IDX: 3, aggiungo 100
DUMP: PORT IDX: 3, tolgo 100
DUMP: PORT IDX: 2, tolgo 68
DUMP: PORT IDX: 0, tolgo 41
DUMP: PORT IDX: 0, tolgo 39
DUMP: PORT IDX: 2, tolgo 39
DUMP: PORT IDX: 2, aggiungo 39
DUMP: PORT IDX: 2, tolgo 39
DUMP: PORT IDX: 3, tolgo 28
>>>>>>> a3a11ea2b5ed69235492d4b2d55708572526b285
