------------------Day 0 -----------------
Tipo merce 0:
	- Non scaduta:
		a) nei porti: 32
		b) in nave: 0
	- Scaduta:
		a) nei porti: 0
		b) in nave: 0
	- Consegnata: 0
Tipo merce 1:
	- Non scaduta:
		a) nei porti: 29
		b) in nave: 0
	- Scaduta:
		a) nei porti: 0
		b) in nave: 0
	- Consegnata: 0
Tipo merce 2:
	- Non scaduta:
		a) nei porti: 28
		b) in nave: 0
	- Scaduta:
		a) nei porti: 0
		b) in nave: 0
	- Consegnata: 0
Tipo merce 3:
	- Non scaduta:
		a) nei porti: 32
		b) in nave: 0
	- Scaduta:
		a) nei porti: 0
		b) in nave: 0
	- Consegnata: 0
Tipo merce 4:
	- Non scaduta:
		a) nei porti: 129
		b) in nave: 0
	- Scaduta:
		a) nei porti: 0
		b) in nave: 0
	- Consegnata: 0
Porto 0:
DOMANDE:
106, 
113, 
116, 
104, 
182, 
SUPPLIES:
GIORNO 0: [ 3, 3, 3, 3, 12, ]
GIORNO 1: [ -1, -1, -1, -1, -1, ]
GIORNO 2: [ -1, -1, -1, -1, -1, ]
GIORNO 3: [ -1, -1, -1, -1, -1, ]
GIORNO 4: [ -1, -1, -1, -1, -1, ]
GIORNO 5: [ -1, -1, -1, -1, -1, ]
GIORNO 6: [ -1, -1, -1, -1, -1, ]
GIORNO 7: [ -1, -1, -1, -1, -1, ]
GIORNO 8: [ -1, -1, -1, -1, -1, ]
GIORNO 9: [ -1, -1, -1, -1, -1, ]
GIORNO 10: [ -1, -1, -1, -1, -1, ]
GIORNO 11: [ -1, -1, -1, -1, -1, ]
GIORNO 12: [ -1, -1, -1, -1, -1, ]
GIORNO 13: [ -1, -1, -1, -1, -1, ]
GIORNO 14: [ -1, -1, -1, -1, -1, ]
GIORNO 15: [ -1, -1, -1, -1, -1, ]
GIORNO 16: [ -1, -1, -1, -1, -1, ]
GIORNO 17: [ -1, -1, -1, -1, -1, ]
GIORNO 18: [ -1, -1, -1, -1, -1, ]
GIORNO 19: [ -1, -1, -1, -1, -1, ]
GIORNO 20: [ -1, -1, -1, -1, -1, ]
GIORNO 21: [ -1, -1, -1, -1, -1, ]
GIORNO 22: [ -1, -1, -1, -1, -1, ]
GIORNO 23: [ -1, -1, -1, -1, -1, ]
GIORNO 24: [ -1, -1, -1, -1, -1, ]
GIORNO 25: [ -1, -1, -1, -1, -1, ]
GIORNO 26: [ -1, -1, -1, -1, -1, ]
GIORNO 27: [ -1, -1, -1, -1, -1, ]
GIORNO 28: [ -1, -1, -1, -1, -1, ]
GIORNO 29: [ -1, -1, -1, -1, -1, ]
GIORNO 30: [ -1, -1, -1, -1, -1, ]
GIORNO 31: [ -1, -1, -1, -1, -1, ]
GIORNO 32: [ -1, -1, -1, -1, -1, ]
GIORNO 33: [ -1, -1, -1, -1, -1, ]
GIORNO 34: [ -1, -1, -1, -1, -1, ]
GIORNO 35: [ -1, -1, -1, -1, -1, ]
GIORNO 36: [ -1, -1, -1, -1, -1, ]
GIORNO 37: [ -1, -1, -1, -1, -1, ]
GIORNO 38: [ -1, -1, -1, -1, -1, ]
GIORNO 39: [ -1, -1, -1, -1, -1, ]
EXP TIMES:
[6, 7, 6, 7, 7, 6, 5, 6, 3, 6, 3, 7, 3, 3, 3, 5, 6, 3, 4, 7, 4, 5, 4, 4, 7, 5, 5, 4, 7, 7, 6, 7, 3, 6, 3, 4, 7, 6, 3, 7, 6, 5, 3, 7, 5, 3, 6, 5, 3, 3, 4, 6, 7, 7, 7, 3, 4, 6, 4, 3, 7, 4, 4, 5, 3, 4, 6, 7, 4, 6, 3, 3, 5, 3, 7, 4, 3, 5, 6, 5, 7, 4, 4, 3, 3, 5, 3, 4, 6, 4, 6, 7, 6, 4, 4, 3, 6, 3, 7, 4, 3, 7, 4, 6, 4, 5, 7, 6, 5, 3, 5, 4, 4, 6, 5, 5, 6, 7, 3, 4, 4, 4, 3, 4, 5, 5, 4, 5, 7, 5, 7, 7, 4, 5, 7, 7, 3, 4, 5, 5, 4, 7, 3, 5, 3, 7, 4, 6, 7, 7, 4, 3, 3, 6, 6, 5, 3, 4, 3, 4, 6, 4, 4, 7, 6, 5, 3, 3, 6, 5, 7, 7, 6, 3, 7, 6, 7, 5, 6, 6, 4, 7, 3, 4, 6, 3, 4, 3, 4, 6, 5, 7, 7, 3, 3, 7, 7, 3, 3, 6, ]
--------------------------------------
coords:
x: 0.000000
y: 0.000000
______________________________________________
Porto 1:
DOMANDE:
0, 
0, 
0, 
125, 
0, 
SUPPLIES:
GIORNO 0: [ 3, 3, 3, 3, 12, ]
GIORNO 1: [ -1, -1, -1, -1, -1, ]
GIORNO 2: [ -1, -1, -1, -1, -1, ]
GIORNO 3: [ -1, -1, -1, -1, -1, ]
GIORNO 4: [ -1, -1, -1, -1, -1, ]
GIORNO 5: [ -1, -1, -1, -1, -1, ]
GIORNO 6: [ -1, -1, -1, -1, -1, ]
GIORNO 7: [ -1, -1, -1, -1, -1, ]
GIORNO 8: [ -1, -1, -1, -1, -1, ]
GIORNO 9: [ -1, -1, -1, -1, -1, ]
GIORNO 10: [ -1, -1, -1, -1, -1, ]
GIORNO 11: [ -1, -1, -1, -1, -1, ]
GIORNO 12: [ -1, -1, -1, -1, -1, ]
GIORNO 13: [ -1, -1, -1, -1, -1, ]
GIORNO 14: [ -1, -1, -1, -1, -1, ]
GIORNO 15: [ -1, -1, -1, -1, -1, ]
GIORNO 16: [ -1, -1, -1, -1, -1, ]
GIORNO 17: [ -1, -1, -1, -1, -1, ]
GIORNO 18: [ -1, -1, -1, -1, -1, ]
GIORNO 19: [ -1, -1, -1, -1, -1, ]
GIORNO 20: [ -1, -1, -1, -1, -1, ]
GIORNO 21: [ -1, -1, -1, -1, -1, ]
GIORNO 22: [ -1, -1, -1, -1, -1, ]
GIORNO 23: [ -1, -1, -1, -1, -1, ]
GIORNO 24: [ -1, -1, -1, -1, -1, ]
GIORNO 25: [ -1, -1, -1, -1, -1, ]
GIORNO 26: [ -1, -1, -1, -1, -1, ]
GIORNO 27: [ -1, -1, -1, -1, -1, ]
GIORNO 28: [ -1, -1, -1, -1, -1, ]
GIORNO 29: [ -1, -1, -1, -1, -1, ]
GIORNO 30: [ -1, -1, -1, -1, -1, ]
GIORNO 31: [ -1, -1, -1, -1, -1, ]
GIORNO 32: [ -1, -1, -1, -1, -1, ]
GIORNO 33: [ -1, -1, -1, -1, -1, ]
GIORNO 34: [ -1, -1, -1, -1, -1, ]
GIORNO 35: [ -1, -1, -1, -1, -1, ]
GIORNO 36: [ -1, -1, -1, -1, -1, ]
GIORNO 37: [ -1, -1, -1, -1, -1, ]
GIORNO 38: [ -1, -1, -1, -1, -1, ]
GIORNO 39: [ -1, -1, -1, -1, -1, ]
EXP TIMES:
[7, 5, 7, 4, 6, 6, 5, 5, 6, 4, 3, 3, 3, 5, 3, 4, 7, 3, 5, 5, 5, 4, 6, 6, 3, 7, 6, 5, 6, 6, 7, 3, 3, 7, 4, 7, 7, 3, 6, 5, 6, 3, 3, 6, 7, 3, 4, 6, 6, 7, 5, 3, 3, 5, 6, 5, 6, 6, 7, 5, 4, 4, 7, 5, 5, 3, 6, 4, 6, 6, 4, 4, 6, 4, 5, 3, 6, 6, 6, 4, 7, 6, 7, 4, 3, 7, 6, 7, 6, 3, 6, 4, 4, 5, 6, 3, 7, 6, 6, 7, 6, 7, 6, 5, 5, 3, 5, 6, 3, 5, 4, 3, 5, 3, 4, 6, 3, 5, 7, 3, 5, 5, 4, 3, 4, 5, 3, 3, 3, 6, 5, 7, 3, 3, 6, 7, 5, 5, 5, 5, 4, 4, 5, 7, 6, 4, 7, 6, 6, 6, 3, 3, 5, 5, 5, 3, 7, 5, 3, 4, 5, 7, 5, 7, 7, 5, 7, 4, 4, 6, 4, 6, 7, 3, 7, 3, 4, 6, 6, 4, 6, 4, 6, 5, 6, 3, 5, 7, 7, 7, 5, 5, 7, 3, 6, 3, 7, 5, 7, 4, ]
--------------------------------------
coords:
x: 7.000000
y: 0.000000
______________________________________________
Porto 2:
DOMANDE:
0, 
154, 
115, 
0, 
0, 
SUPPLIES:
GIORNO 0: [ 3, 1, 2, 2, 10, ]
GIORNO 1: [ -1, -1, -1, -1, -1, ]
GIORNO 2: [ -1, -1, -1, -1, -1, ]
GIORNO 3: [ -1, -1, -1, -1, -1, ]
GIORNO 4: [ -1, -1, -1, -1, -1, ]
GIORNO 5: [ -1, -1, -1, -1, -1, ]
GIORNO 6: [ -1, -1, -1, -1, -1, ]
GIORNO 7: [ -1, -1, -1, -1, -1, ]
GIORNO 8: [ -1, -1, -1, -1, -1, ]
GIORNO 9: [ -1, -1, -1, -1, -1, ]
GIORNO 10: [ -1, -1, -1, -1, -1, ]
GIORNO 11: [ -1, -1, -1, -1, -1, ]
GIORNO 12: [ -1, -1, -1, -1, -1, ]
GIORNO 13: [ -1, -1, -1, -1, -1, ]
GIORNO 14: [ -1, -1, -1, -1, -1, ]
GIORNO 15: [ -1, -1, -1, -1, -1, ]
GIORNO 16: [ -1, -1, -1, -1, -1, ]
GIORNO 17: [ -1, -1, -1, -1, -1, ]
GIORNO 18: [ -1, -1, -1, -1, -1, ]
GIORNO 19: [ -1, -1, -1, -1, -1, ]
GIORNO 20: [ -1, -1, -1, -1, -1, ]
GIORNO 21: [ -1, -1, -1, -1, -1, ]
GIORNO 22: [ -1, -1, -1, -1, -1, ]
GIORNO 23: [ -1, -1, -1, -1, -1, ]
GIORNO 24: [ -1, -1, -1, -1, -1, ]
GIORNO 25: [ -1, -1, -1, -1, -1, ]
GIORNO 26: [ -1, -1, -1, -1, -1, ]
GIORNO 27: [ -1, -1, -1, -1, -1, ]
GIORNO 28: [ -1, -1, -1, -1, -1, ]
GIORNO 29: [ -1, -1, -1, -1, -1, ]
GIORNO 30: [ -1, -1, -1, -1, -1, ]
GIORNO 31: [ -1, -1, -1, -1, -1, ]
GIORNO 32: [ -1, -1, -1, -1, -1, ]
GIORNO 33: [ -1, -1, -1, -1, -1, ]
GIORNO 34: [ -1, -1, -1, -1, -1, ]
GIORNO 35: [ -1, -1, -1, -1, -1, ]
GIORNO 36: [ -1, -1, -1, -1, -1, ]
GIORNO 37: [ -1, -1, -1, -1, -1, ]
GIORNO 38: [ -1, -1, -1, -1, -1, ]
GIORNO 39: [ -1, -1, -1, -1, -1, ]
EXP TIMES:
[4, 3, 3, 5, 3, 4, 4, 3, 6, 5, 5, 3, 5, 7, 7, 6, 3, 4, 5, 4, 3, 7, 3, 4, 4, 7, 6, 7, 5, 3, 7, 6, 3, 7, 3, 5, 5, 5, 5, 4, 4, 5, 6, 3, 4, 5, 3, 6, 6, 5, 7, 3, 5, 7, 7, 3, 3, 5, 3, 6, 7, 7, 6, 7, 3, 4, 6, 7, 3, 4, 5, 6, 3, 3, 6, 6, 3, 7, 4, 6, 4, 3, 4, 3, 5, 3, 4, 5, 7, 6, 5, 6, 5, 6, 7, 7, 7, 5, 3, 7, 3, 6, 5, 3, 6, 3, 3, 6, 4, 4, 7, 3, 5, 3, 3, 4, 3, 4, 3, 4, 7, 6, 7, 6, 4, 6, 7, 5, 3, 3, 4, 6, 6, 6, 3, 6, 3, 4, 7, 5, 7, 3, 7, 4, 3, 7, 5, 5, 6, 6, 6, 7, 6, 7, 3, 4, 5, 4, 6, 7, 4, 4, 7, 4, 4, 3, 5, 4, 6, 4, 3, 5, 4, 4, 4, 6, 4, 6, 5, 4, 6, 5, 3, 6, 4, 5, 4, 3, 7, 7, 4, 5, 5, 4, 7, 6, 6, 6, 5, 4, ]
--------------------------------------
coords:
x: 7.000000
y: 7.000000
______________________________________________
Porto 3:
DOMANDE:
0, 
0, 
66, 
84, 
0, 
SUPPLIES:
GIORNO 0: [ 1, 3, 2, 2, 9, ]
GIORNO 1: [ -1, -1, -1, -1, -1, ]
GIORNO 2: [ -1, -1, -1, -1, -1, ]
GIORNO 3: [ -1, -1, -1, -1, -1, ]
GIORNO 4: [ -1, -1, -1, -1, -1, ]
GIORNO 5: [ -1, -1, -1, -1, -1, ]
GIORNO 6: [ -1, -1, -1, -1, -1, ]
GIORNO 7: [ -1, -1, -1, -1, -1, ]
GIORNO 8: [ -1, -1, -1, -1, -1, ]
GIORNO 9: [ -1, -1, -1, -1, -1, ]
GIORNO 10: [ -1, -1, -1, -1, -1, ]
GIORNO 11: [ -1, -1, -1, -1, -1, ]
GIORNO 12: [ -1, -1, -1, -1, -1, ]
GIORNO 13: [ -1, -1, -1, -1, -1, ]
GIORNO 14: [ -1, -1, -1, -1, -1, ]
GIORNO 15: [ -1, -1, -1, -1, -1, ]
GIORNO 16: [ -1, -1, -1, -1, -1, ]
GIORNO 17: [ -1, -1, -1, -1, -1, ]
GIORNO 18: [ -1, -1, -1, -1, -1, ]
GIORNO 19: [ -1, -1, -1, -1, -1, ]
GIORNO 20: [ -1, -1, -1, -1, -1, ]
GIORNO 21: [ -1, -1, -1, -1, -1, ]
GIORNO 22: [ -1, -1, -1, -1, -1, ]
GIORNO 23: [ -1, -1, -1, -1, -1, ]
GIORNO 24: [ -1, -1, -1, -1, -1, ]
GIORNO 25: [ -1, -1, -1, -1, -1, ]
GIORNO 26: [ -1, -1, -1, -1, -1, ]
GIORNO 27: [ -1, -1, -1, -1, -1, ]
GIORNO 28: [ -1, -1, -1, -1, -1, ]
GIORNO 29: [ -1, -1, -1, -1, -1, ]
GIORNO 30: [ -1, -1, -1, -1, -1, ]
GIORNO 31: [ -1, -1, -1, -1, -1, ]
GIORNO 32: [ -1, -1, -1, -1, -1, ]
GIORNO 33: [ -1, -1, -1, -1, -1, ]
GIORNO 34: [ -1, -1, -1, -1, -1, ]
GIORNO 35: [ -1, -1, -1, -1, -1, ]
GIORNO 36: [ -1, -1, -1, -1, -1, ]
GIORNO 37: [ -1, -1, -1, -1, -1, ]
GIORNO 38: [ -1, -1, -1, -1, -1, ]
GIORNO 39: [ -1, -1, -1, -1, -1, ]
EXP TIMES:
[6, 7, 6, 3, 4, 3, 7, 4, 6, 4, 3, 6, 7, 4, 3, 7, 4, 6, 6, 4, 6, 7, 5, 6, 4, 3, 3, 7, 7, 4, 7, 6, 5, 7, 3, 3, 7, 4, 4, 7, 6, 6, 5, 5, 7, 7, 6, 5, 5, 5, 4, 3, 4, 6, 3, 7, 4, 4, 7, 5, 7, 3, 5, 4, 7, 5, 4, 3, 7, 7, 7, 5, 5, 4, 7, 6, 3, 5, 3, 7, 4, 4, 7, 7, 5, 5, 4, 6, 6, 3, 3, 7, 3, 6, 5, 7, 3, 6, 7, 4, 7, 3, 6, 4, 4, 7, 7, 6, 7, 4, 5, 5, 6, 6, 7, 3, 3, 3, 3, 3, 5, 5, 7, 5, 3, 4, 6, 6, 4, 7, 4, 5, 7, 3, 6, 5, 7, 7, 5, 3, 4, 7, 6, 4, 7, 5, 6, 3, 5, 6, 5, 7, 3, 7, 6, 6, 5, 6, 6, 4, 5, 7, 6, 6, 7, 7, 5, 4, 6, 7, 4, 4, 3, 7, 5, 7, 6, 3, 7, 5, 6, 7, 4, 4, 6, 4, 7, 3, 7, 7, 4, 6, 6, 5, 6, 3, 4, 3, 6, 7, ]
--------------------------------------
coords:
x: 0.000000
y: 7.000000
______________________________________________
Porto 4:
DOMANDE:
143, 
175, 
0, 
0, 
330, 
SUPPLIES:
GIORNO 0: [ 4, 2, 2, 3, 12, ]
GIORNO 1: [ -1, -1, -1, -1, -1, ]
GIORNO 2: [ -1, -1, -1, -1, -1, ]
GIORNO 3: [ -1, -1, -1, -1, -1, ]
GIORNO 4: [ -1, -1, -1, -1, -1, ]
GIORNO 5: [ -1, -1, -1, -1, -1, ]
GIORNO 6: [ -1, -1, -1, -1, -1, ]
GIORNO 7: [ -1, -1, -1, -1, -1, ]
GIORNO 8: [ -1, -1, -1, -1, -1, ]
GIORNO 9: [ -1, -1, -1, -1, -1, ]
GIORNO 10: [ -1, -1, -1, -1, -1, ]
GIORNO 11: [ -1, -1, -1, -1, -1, ]
GIORNO 12: [ -1, -1, -1, -1, -1, ]
GIORNO 13: [ -1, -1, -1, -1, -1, ]
GIORNO 14: [ -1, -1, -1, -1, -1, ]
GIORNO 15: [ -1, -1, -1, -1, -1, ]
GIORNO 16: [ -1, -1, -1, -1, -1, ]
GIORNO 17: [ -1, -1, -1, -1, -1, ]
GIORNO 18: [ -1, -1, -1, -1, -1, ]
GIORNO 19: [ -1, -1, -1, -1, -1, ]
GIORNO 20: [ -1, -1, -1, -1, -1, ]
GIORNO 21: [ -1, -1, -1, -1, -1, ]
GIORNO 22: [ -1, -1, -1, -1, -1, ]
GIORNO 23: [ -1, -1, -1, -1, -1, ]
GIORNO 24: [ -1, -1, -1, -1, -1, ]
GIORNO 25: [ -1, -1, -1, -1, -1, ]
GIORNO 26: [ -1, -1, -1, -1, -1, ]
GIORNO 27: [ -1, -1, -1, -1, -1, ]
GIORNO 28: [ -1, -1, -1, -1, -1, ]
GIORNO 29: [ -1, -1, -1, -1, -1, ]
GIORNO 30: [ -1, -1, -1, -1, -1, ]
GIORNO 31: [ -1, -1, -1, -1, -1, ]
GIORNO 32: [ -1, -1, -1, -1, -1, ]
GIORNO 33: [ -1, -1, -1, -1, -1, ]
GIORNO 34: [ -1, -1, -1, -1, -1, ]
GIORNO 35: [ -1, -1, -1, -1, -1, ]
GIORNO 36: [ -1, -1, -1, -1, -1, ]
GIORNO 37: [ -1, -1, -1, -1, -1, ]
GIORNO 38: [ -1, -1, -1, -1, -1, ]
GIORNO 39: [ -1, -1, -1, -1, -1, ]
EXP TIMES:
[4, 4, 7, 4, 4, 6, 5, 5, 7, 3, 5, 5, 7, 3, 6, 5, 5, 3, 6, 5, 3, 7, 6, 6, 7, 3, 5, 7, 5, 4, 6, 6, 5, 7, 3, 4, 5, 7, 6, 6, 5, 5, 3, 6, 7, 4, 3, 4, 4, 3, 6, 7, 3, 6, 7, 4, 7, 6, 3, 4, 7, 6, 5, 7, 7, 7, 3, 5, 6, 3, 3, 5, 5, 6, 3, 5, 7, 5, 3, 5, 6, 7, 6, 3, 7, 5, 4, 3, 5, 4, 7, 7, 5, 4, 3, 4, 3, 3, 6, 3, 5, 4, 6, 4, 7, 3, 3, 3, 6, 4, 5, 6, 5, 4, 6, 4, 3, 7, 5, 3, 5, 4, 7, 7, 7, 7, 6, 7, 4, 4, 4, 6, 7, 4, 4, 6, 5, 5, 6, 3, 6, 6, 3, 3, 4, 6, 4, 6, 7, 3, 6, 6, 4, 5, 6, 5, 6, 4, 6, 4, 7, 3, 4, 4, 4, 6, 7, 6, 3, 3, 3, 6, 3, 3, 3, 4, 3, 4, 7, 7, 5, 3, 3, 3, 5, 6, 6, 6, 4, 4, 7, 5, 6, 6, 6, 3, 4, 3, 3, 4, ]
--------------------------------------
coords:
x: 5.449327
y: 6.259939
______________________________________________
Porto 5:
DOMANDE:
0, 
124, 
0, 
100, 
0, 
SUPPLIES:
GIORNO 0: [ 2, 1, 1, 2, 6, ]
GIORNO 1: [ -1, -1, -1, -1, -1, ]
GIORNO 2: [ -1, -1, -1, -1, -1, ]
GIORNO 3: [ -1, -1, -1, -1, -1, ]
GIORNO 4: [ -1, -1, -1, -1, -1, ]
GIORNO 5: [ -1, -1, -1, -1, -1, ]
GIORNO 6: [ -1, -1, -1, -1, -1, ]
GIORNO 7: [ -1, -1, -1, -1, -1, ]
GIORNO 8: [ -1, -1, -1, -1, -1, ]
GIORNO 9: [ -1, -1, -1, -1, -1, ]
GIORNO 10: [ -1, -1, -1, -1, -1, ]
GIORNO 11: [ -1, -1, -1, -1, -1, ]
GIORNO 12: [ -1, -1, -1, -1, -1, ]
GIORNO 13: [ -1, -1, -1, -1, -1, ]
GIORNO 14: [ -1, -1, -1, -1, -1, ]
GIORNO 15: [ -1, -1, -1, -1, -1, ]
GIORNO 16: [ -1, -1, -1, -1, -1, ]
GIORNO 17: [ -1, -1, -1, -1, -1, ]
GIORNO 18: [ -1, -1, -1, -1, -1, ]
GIORNO 19: [ -1, -1, -1, -1, -1, ]
GIORNO 20: [ -1, -1, -1, -1, -1, ]
GIORNO 21: [ -1, -1, -1, -1, -1, ]
GIORNO 22: [ -1, -1, -1, -1, -1, ]
GIORNO 23: [ -1, -1, -1, -1, -1, ]
GIORNO 24: [ -1, -1, -1, -1, -1, ]
GIORNO 25: [ -1, -1, -1, -1, -1, ]
GIORNO 26: [ -1, -1, -1, -1, -1, ]
GIORNO 27: [ -1, -1, -1, -1, -1, ]
GIORNO 28: [ -1, -1, -1, -1, -1, ]
GIORNO 29: [ -1, -1, -1, -1, -1, ]
GIORNO 30: [ -1, -1, -1, -1, -1, ]
GIORNO 31: [ -1, -1, -1, -1, -1, ]
GIORNO 32: [ -1, -1, -1, -1, -1, ]
GIORNO 33: [ -1, -1, -1, -1, -1, ]
GIORNO 34: [ -1, -1, -1, -1, -1, ]
GIORNO 35: [ -1, -1, -1, -1, -1, ]
GIORNO 36: [ -1, -1, -1, -1, -1, ]
GIORNO 37: [ -1, -1, -1, -1, -1, ]
GIORNO 38: [ -1, -1, -1, -1, -1, ]
GIORNO 39: [ -1, -1, -1, -1, -1, ]
EXP TIMES:
[6, 5, 7, 3, 4, 7, 4, 6, 7, 5, 4, 5, 5, 6, 4, 4, 6, 5, 7, 5, 4, 4, 7, 4, 6, 4, 7, 4, 5, 3, 4, 3, 7, 6, 5, 6, 5, 6, 4, 6, 4, 5, 3, 3, 6, 5, 4, 6, 7, 3, 3, 6, 6, 7, 7, 6, 5, 3, 7, 7, 6, 3, 4, 5, 3, 7, 5, 5, 5, 7, 6, 3, 6, 3, 3, 6, 7, 6, 4, 4, 3, 6, 7, 6, 3, 3, 6, 5, 6, 5, 7, 4, 3, 5, 3, 3, 4, 6, 3, 4, 7, 3, 4, 5, 3, 7, 4, 3, 5, 7, 4, 6, 6, 5, 6, 6, 5, 5, 5, 3, 7, 6, 6, 4, 4, 4, 7, 5, 7, 4, 6, 3, 4, 5, 5, 4, 4, 3, 6, 6, 3, 7, 4, 3, 6, 5, 6, 4, 7, 3, 6, 3, 4, 7, 5, 5, 3, 6, 7, 4, 7, 3, 4, 3, 7, 3, 6, 5, 4, 5, 3, 6, 6, 7, 6, 5, 6, 6, 3, 5, 3, 6, 5, 4, 7, 4, 6, 7, 4, 3, 5, 3, 5, 6, 5, 4, 4, 4, 6, 5, ]
--------------------------------------
coords:
x: 6.413358
y: 5.660061
______________________________________________
Porto 6:
DOMANDE:
0, 
0, 
92, 
0, 
327, 
SUPPLIES:
GIORNO 0: [ 2, 4, 2, 2, 11, ]
GIORNO 1: [ -1, -1, -1, -1, -1, ]
GIORNO 2: [ -1, -1, -1, -1, -1, ]
GIORNO 3: [ -1, -1, -1, -1, -1, ]
GIORNO 4: [ -1, -1, -1, -1, -1, ]
GIORNO 5: [ -1, -1, -1, -1, -1, ]
GIORNO 6: [ -1, -1, -1, -1, -1, ]
GIORNO 7: [ -1, -1, -1, -1, -1, ]
GIORNO 8: [ -1, -1, -1, -1, -1, ]
GIORNO 9: [ -1, -1, -1, -1, -1, ]
GIORNO 10: [ -1, -1, -1, -1, -1, ]
GIORNO 11: [ -1, -1, -1, -1, -1, ]
GIORNO 12: [ -1, -1, -1, -1, -1, ]
GIORNO 13: [ -1, -1, -1, -1, -1, ]
GIORNO 14: [ -1, -1, -1, -1, -1, ]
GIORNO 15: [ -1, -1, -1, -1, -1, ]
GIORNO 16: [ -1, -1, -1, -1, -1, ]
GIORNO 17: [ -1, -1, -1, -1, -1, ]
GIORNO 18: [ -1, -1, -1, -1, -1, ]
GIORNO 19: [ -1, -1, -1, -1, -1, ]
GIORNO 20: [ -1, -1, -1, -1, -1, ]
GIORNO 21: [ -1, -1, -1, -1, -1, ]
GIORNO 22: [ -1, -1, -1, -1, -1, ]
GIORNO 23: [ -1, -1, -1, -1, -1, ]
GIORNO 24: [ -1, -1, -1, -1, -1, ]
GIORNO 25: [ -1, -1, -1, -1, -1, ]
GIORNO 26: [ -1, -1, -1, -1, -1, ]
GIORNO 27: [ -1, -1, -1, -1, -1, ]
GIORNO 28: [ -1, -1, -1, -1, -1, ]
GIORNO 29: [ -1, -1, -1, -1, -1, ]
GIORNO 30: [ -1, -1, -1, -1, -1, ]
GIORNO 31: [ -1, -1, -1, -1, -1, ]
GIORNO 32: [ -1, -1, -1, -1, -1, ]
GIORNO 33: [ -1, -1, -1, -1, -1, ]
GIORNO 34: [ -1, -1, -1, -1, -1, ]
GIORNO 35: [ -1, -1, -1, -1, -1, ]
GIORNO 36: [ -1, -1, -1, -1, -1, ]
GIORNO 37: [ -1, -1, -1, -1, -1, ]
GIORNO 38: [ -1, -1, -1, -1, -1, ]
GIORNO 39: [ -1, -1, -1, -1, -1, ]
EXP TIMES:
[5, 7, 6, 7, 4, 5, 5, 6, 4, 7, 3, 7, 3, 4, 6, 4, 6, 7, 5, 5, 3, 4, 6, 5, 6, 4, 7, 3, 6, 6, 4, 6, 5, 5, 7, 3, 7, 4, 3, 5, 6, 3, 4, 6, 4, 7, 4, 4, 3, 6, 4, 5, 5, 7, 5, 5, 6, 4, 5, 6, 4, 3, 4, 3, 5, 4, 3, 6, 7, 3, 3, 7, 5, 4, 7, 4, 5, 4, 5, 7, 7, 3, 5, 6, 3, 7, 3, 3, 5, 7, 6, 3, 3, 5, 3, 5, 3, 5, 4, 4, 5, 6, 6, 4, 5, 5, 5, 7, 3, 5, 4, 5, 5, 6, 3, 7, 7, 6, 7, 6, 5, 3, 6, 7, 7, 3, 5, 4, 5, 3, 7, 4, 3, 5, 5, 5, 5, 5, 7, 5, 7, 3, 7, 6, 6, 5, 6, 7, 3, 7, 5, 7, 7, 5, 7, 3, 5, 6, 6, 4, 3, 6, 5, 3, 3, 4, 6, 5, 6, 5, 5, 7, 5, 4, 6, 5, 3, 6, 4, 3, 5, 3, 5, 7, 7, 4, 4, 6, 4, 3, 7, 4, 6, 6, 4, 3, 7, 4, 3, 3, ]
--------------------------------------
coords:
x: 4.283528
y: 0.498172
______________________________________________
Porto 7:
DOMANDE:
91, 
121, 
111, 
0, 
0, 
SUPPLIES:
GIORNO 0: [ 2, 1, 1, 1, 9, ]
GIORNO 1: [ -1, -1, -1, -1, -1, ]
GIORNO 2: [ -1, -1, -1, -1, -1, ]
GIORNO 3: [ -1, -1, -1, -1, -1, ]
GIORNO 4: [ -1, -1, -1, -1, -1, ]
GIORNO 5: [ -1, -1, -1, -1, -1, ]
GIORNO 6: [ -1, -1, -1, -1, -1, ]
GIORNO 7: [ -1, -1, -1, -1, -1, ]
GIORNO 8: [ -1, -1, -1, -1, -1, ]
GIORNO 9: [ -1, -1, -1, -1, -1, ]
GIORNO 10: [ -1, -1, -1, -1, -1, ]
GIORNO 11: [ -1, -1, -1, -1, -1, ]
GIORNO 12: [ -1, -1, -1, -1, -1, ]
GIORNO 13: [ -1, -1, -1, -1, -1, ]
GIORNO 14: [ -1, -1, -1, -1, -1, ]
GIORNO 15: [ -1, -1, -1, -1, -1, ]
GIORNO 16: [ -1, -1, -1, -1, -1, ]
GIORNO 17: [ -1, -1, -1, -1, -1, ]
GIORNO 18: [ -1, -1, -1, -1, -1, ]
GIORNO 19: [ -1, -1, -1, -1, -1, ]
GIORNO 20: [ -1, -1, -1, -1, -1, ]
GIORNO 21: [ -1, -1, -1, -1, -1, ]
GIORNO 22: [ -1, -1, -1, -1, -1, ]
GIORNO 23: [ -1, -1, -1, -1, -1, ]
GIORNO 24: [ -1, -1, -1, -1, -1, ]
GIORNO 25: [ -1, -1, -1, -1, -1, ]
GIORNO 26: [ -1, -1, -1, -1, -1, ]
GIORNO 27: [ -1, -1, -1, -1, -1, ]
GIORNO 28: [ -1, -1, -1, -1, -1, ]
GIORNO 29: [ -1, -1, -1, -1, -1, ]
GIORNO 30: [ -1, -1, -1, -1, -1, ]
GIORNO 31: [ -1, -1, -1, -1, -1, ]
GIORNO 32: [ -1, -1, -1, -1, -1, ]
GIORNO 33: [ -1, -1, -1, -1, -1, ]
GIORNO 34: [ -1, -1, -1, -1, -1, ]
GIORNO 35: [ -1, -1, -1, -1, -1, ]
GIORNO 36: [ -1, -1, -1, -1, -1, ]
GIORNO 37: [ -1, -1, -1, -1, -1, ]
GIORNO 38: [ -1, -1, -1, -1, -1, ]
GIORNO 39: [ -1, -1, -1, -1, -1, ]
EXP TIMES:
[6, 5, 7, 7, 4, 3, 5, 5, 7, 5, 4, 6, 7, 5, 6, 6, 5, 4, 3, 4, 4, 4, 5, 7, 7, 6, 3, 3, 6, 3, 7, 6, 6, 3, 5, 7, 4, 4, 7, 5, 6, 5, 3, 6, 3, 3, 6, 5, 5, 6, 3, 6, 3, 5, 7, 4, 6, 4, 6, 6, 5, 6, 4, 5, 6, 6, 6, 4, 5, 5, 7, 3, 3, 4, 3, 5, 5, 7, 7, 4, 7, 3, 4, 4, 7, 6, 6, 5, 7, 4, 3, 6, 4, 4, 3, 5, 5, 7, 6, 7, 6, 5, 4, 6, 4, 7, 5, 3, 6, 5, 6, 5, 7, 7, 4, 6, 7, 7, 4, 7, 3, 4, 5, 5, 3, 3, 7, 5, 7, 7, 6, 5, 7, 7, 6, 3, 6, 3, 5, 6, 7, 3, 6, 3, 4, 7, 4, 4, 6, 5, 5, 3, 3, 7, 7, 5, 7, 3, 7, 3, 3, 5, 3, 7, 7, 3, 4, 7, 5, 6, 6, 5, 3, 6, 7, 4, 5, 3, 5, 5, 7, 4, 7, 5, 4, 7, 7, 5, 7, 4, 3, 7, 3, 3, 3, 7, 5, 4, 7, 7, ]
--------------------------------------
coords:
x: 4.479372
y: 4.967244
______________________________________________
Porto 8:
DOMANDE:
131, 
0, 
82, 
90, 
284, 
SUPPLIES:
GIORNO 0: [ 4, 3, 2, 3, 13, ]
GIORNO 1: [ -1, -1, -1, -1, -1, ]
GIORNO 2: [ -1, -1, -1, -1, -1, ]
GIORNO 3: [ -1, -1, -1, -1, -1, ]
GIORNO 4: [ -1, -1, -1, -1, -1, ]
GIORNO 5: [ -1, -1, -1, -1, -1, ]
GIORNO 6: [ -1, -1, -1, -1, -1, ]
GIORNO 7: [ -1, -1, -1, -1, -1, ]
GIORNO 8: [ -1, -1, -1, -1, -1, ]
GIORNO 9: [ -1, -1, -1, -1, -1, ]
GIORNO 10: [ -1, -1, -1, -1, -1, ]
GIORNO 11: [ -1, -1, -1, -1, -1, ]
GIORNO 12: [ -1, -1, -1, -1, -1, ]
GIORNO 13: [ -1, -1, -1, -1, -1, ]
GIORNO 14: [ -1, -1, -1, -1, -1, ]
GIORNO 15: [ -1, -1, -1, -1, -1, ]
GIORNO 16: [ -1, -1, -1, -1, -1, ]
GIORNO 17: [ -1, -1, -1, -1, -1, ]
GIORNO 18: [ -1, -1, -1, -1, -1, ]
GIORNO 19: [ -1, -1, -1, -1, -1, ]
GIORNO 20: [ -1, -1, -1, -1, -1, ]
GIORNO 21: [ -1, -1, -1, -1, -1, ]
GIORNO 22: [ -1, -1, -1, -1, -1, ]
GIORNO 23: [ -1, -1, -1, -1, -1, ]
GIORNO 24: [ -1, -1, -1, -1, -1, ]
GIORNO 25: [ -1, -1, -1, -1, -1, ]
GIORNO 26: [ -1, -1, -1, -1, -1, ]
GIORNO 27: [ -1, -1, -1, -1, -1, ]
GIORNO 28: [ -1, -1, -1, -1, -1, ]
GIORNO 29: [ -1, -1, -1, -1, -1, ]
GIORNO 30: [ -1, -1, -1, -1, -1, ]
GIORNO 31: [ -1, -1, -1, -1, -1, ]
GIORNO 32: [ -1, -1, -1, -1, -1, ]
GIORNO 33: [ -1, -1, -1, -1, -1, ]
GIORNO 34: [ -1, -1, -1, -1, -1, ]
GIORNO 35: [ -1, -1, -1, -1, -1, ]
GIORNO 36: [ -1, -1, -1, -1, -1, ]
GIORNO 37: [ -1, -1, -1, -1, -1, ]
GIORNO 38: [ -1, -1, -1, -1, -1, ]
GIORNO 39: [ -1, -1, -1, -1, -1, ]
EXP TIMES:
[3, 5, 3, 3, 4, 5, 5, 5, 4, 4, 5, 7, 4, 4, 7, 7, 5, 5, 3, 4, 4, 5, 7, 4, 5, 5, 6, 7, 5, 4, 6, 5, 6, 4, 7, 4, 3, 7, 3, 4, 3, 5, 6, 6, 4, 7, 5, 3, 5, 6, 7, 3, 5, 6, 7, 5, 5, 5, 6, 4, 6, 6, 6, 4, 4, 7, 7, 4, 3, 3, 3, 4, 7, 6, 4, 3, 7, 7, 6, 6, 7, 5, 7, 6, 3, 6, 5, 7, 3, 3, 3, 4, 4, 3, 7, 5, 4, 7, 4, 5, 7, 4, 3, 3, 4, 4, 6, 5, 3, 4, 4, 7, 6, 3, 6, 3, 3, 3, 4, 5, 6, 4, 6, 4, 6, 6, 6, 7, 5, 4, 4, 6, 5, 6, 6, 3, 3, 6, 6, 3, 7, 7, 5, 7, 4, 5, 4, 4, 7, 5, 6, 7, 3, 7, 3, 6, 5, 7, 3, 4, 5, 4, 4, 3, 3, 7, 5, 5, 3, 5, 7, 7, 4, 4, 4, 7, 3, 5, 3, 3, 3, 4, 7, 5, 3, 3, 4, 7, 4, 4, 5, 6, 7, 6, 3, 4, 7, 3, 6, 7, ]
--------------------------------------
coords:
x: 3.188213
y: 1.105564
______________________________________________
Porto 9:
DOMANDE:
0, 
464, 
0, 
0, 
0, 
SUPPLIES:
GIORNO 0: [ 8, 8, 10, 11, 35, ]
GIORNO 1: [ -1, -1, -1, -1, -1, ]
GIORNO 2: [ -1, -1, -1, -1, -1, ]
GIORNO 3: [ -1, -1, -1, -1, -1, ]
GIORNO 4: [ -1, -1, -1, -1, -1, ]
GIORNO 5: [ -1, -1, -1, -1, -1, ]
GIORNO 6: [ -1, -1, -1, -1, -1, ]
GIORNO 7: [ -1, -1, -1, -1, -1, ]
GIORNO 8: [ -1, -1, -1, -1, -1, ]
GIORNO 9: [ -1, -1, -1, -1, -1, ]
GIORNO 10: [ -1, -1, -1, -1, -1, ]
GIORNO 11: [ -1, -1, -1, -1, -1, ]
GIORNO 12: [ -1, -1, -1, -1, -1, ]
GIORNO 13: [ -1, -1, -1, -1, -1, ]
GIORNO 14: [ -1, -1, -1, -1, -1, ]
GIORNO 15: [ -1, -1, -1, -1, -1, ]
GIORNO 16: [ -1, -1, -1, -1, -1, ]
GIORNO 17: [ -1, -1, -1, -1, -1, ]
GIORNO 18: [ -1, -1, -1, -1, -1, ]
GIORNO 19: [ -1, -1, -1, -1, -1, ]
GIORNO 20: [ -1, -1, -1, -1, -1, ]
GIORNO 21: [ -1, -1, -1, -1, -1, ]
GIORNO 22: [ -1, -1, -1, -1, -1, ]
GIORNO 23: [ -1, -1, -1, -1, -1, ]
GIORNO 24: [ -1, -1, -1, -1, -1, ]
GIORNO 25: [ -1, -1, -1, -1, -1, ]
GIORNO 26: [ -1, -1, -1, -1, -1, ]
GIORNO 27: [ -1, -1, -1, -1, -1, ]
GIORNO 28: [ -1, -1, -1, -1, -1, ]
GIORNO 29: [ -1, -1, -1, -1, -1, ]
GIORNO 30: [ -1, -1, -1, -1, -1, ]
GIORNO 31: [ -1, -1, -1, -1, -1, ]
GIORNO 32: [ -1, -1, -1, -1, -1, ]
GIORNO 33: [ -1, -1, -1, -1, -1, ]
GIORNO 34: [ -1, -1, -1, -1, -1, ]
GIORNO 35: [ -1, -1, -1, -1, -1, ]
GIORNO 36: [ -1, -1, -1, -1, -1, ]
GIORNO 37: [ -1, -1, -1, -1, -1, ]
GIORNO 38: [ -1, -1, -1, -1, -1, ]
GIORNO 39: [ -1, -1, -1, -1, -1, ]
EXP TIMES:
[5, 4, 4, 4, 6, 7, 5, 5, 5, 7, 6, 7, 3, 7, 4, 4, 7, 4, 5, 4, 3, 5, 7, 6, 6, 7, 6, 7, 6, 3, 7, 5, 6, 3, 6, 4, 7, 3, 4, 6, 7, 7, 6, 5, 4, 7, 6, 5, 5, 5, 7, 6, 3, 6, 4, 3, 6, 4, 7, 6, 6, 4, 3, 5, 4, 4, 3, 4, 4, 4, 4, 6, 6, 7, 3, 7, 3, 3, 4, 6, 5, 3, 4, 7, 4, 7, 5, 4, 3, 6, 7, 3, 7, 4, 7, 4, 7, 3, 7, 4, 6, 3, 4, 4, 5, 6, 5, 5, 3, 4, 3, 7, 6, 6, 7, 7, 7, 6, 5, 4, 4, 4, 5, 4, 3, 4, 5, 7, 6, 6, 5, 5, 3, 3, 3, 5, 6, 3, 3, 6, 4, 5, 3, 7, 6, 7, 4, 5, 5, 6, 4, 3, 5, 6, 4, 7, 4, 3, 3, 3, 3, 6, 7, 4, 6, 4, 6, 7, 4, 3, 7, 7, 6, 7, 4, 6, 3, 7, 5, 7, 5, 6, 3, 4, 4, 6, 3, 6, 4, 6, 3, 4, 4, 7, 5, 4, 3, 6, 5, 7, ]
--------------------------------------
coords:
x: 1.427419
y: 0.848777
______________________________________________
TOTALE MERCE: 250 <==> SO_FILL: 10000
❌------------------Day 1 -----------------
Tipo merce 0:
	- Non scaduta:
		a) nei porti: 24
		b) in nave: 0
	- Scaduta:
		a) nei porti: 0
		b) in nave: 0
	- Consegnata: 0
Tipo merce 1:
	- Non scaduta:
		a) nei porti: 25
		b) in nave: 0
	- Scaduta:
		a) nei porti: 0
		b) in nave: 0
	- Consegnata: 0
Tipo merce 2:
	- Non scaduta:
		a) nei porti: 18
		b) in nave: 0
	- Scaduta:
		a) nei porti: 0
		b) in nave: 0
	- Consegnata: 0
Tipo merce 3:
	- Non scaduta:
		a) nei porti: 21
		b) in nave: 0
	- Scaduta:
		a) nei porti: 0
		b) in nave: 0
	- Consegnata: 0
Tipo merce 4:
	- Non scaduta:
		a) nei porti: 48
		b) in nave: 9
	- Scaduta:
		a) nei porti: 0
		b) in nave: 0
	- Consegnata: 0
------------------Day 2 -----------------
Tipo merce 0:
	- Non scaduta:
		a) nei porti: 62
		b) in nave: 8
	- Scaduta:
		a) nei porti: 0
		b) in nave: 0
	- Consegnata: 0
Tipo merce 1:
	- Non scaduta:
		a) nei porti: 52
		b) in nave: 4
	- Scaduta:
		a) nei porti: 0
		b) in nave: 0
	- Consegnata: 0
Tipo merce 2:
	- Non scaduta:
		a) nei porti: 47
		b) in nave: 10
	- Scaduta:
		a) nei porti: 0
		b) in nave: 0
	- Consegnata: 0
Tipo merce 3:
	- Non scaduta:
		a) nei porti: 54
		b) in nave: 11
	- Scaduta:
		a) nei porti: 0
		b) in nave: 0
	- Consegnata: 0
Tipo merce 4:
	- Non scaduta:
		a) nei porti: 171
		b) in nave: 72
	- Scaduta:
		a) nei porti: 0
		b) in nave: 0
	- Consegnata: 0
------------------Day 3 -----------------
Tipo merce 0:
	- Non scaduta:
		a) nei porti: 97
		b) in nave: 8
	- Scaduta:
		a) nei porti: 0
		b) in nave: 0
	- Consegnata: 0
Tipo merce 1:
	- Non scaduta:
		a) nei porti: 91
		b) in nave: 4
	- Scaduta:
		a) nei porti: 0
		b) in nave: 0
	- Consegnata: 0
Tipo merce 2:
	- Non scaduta:
		a) nei porti: 77
		b) in nave: 10
	- Scaduta:
		a) nei porti: 0
		b) in nave: 0
	- Consegnata: 0
Tipo merce 3:
	- Non scaduta:
		a) nei porti: 88
		b) in nave: 11
	- Scaduta:
		a) nei porti: 0
		b) in nave: 0
	- Consegnata: 0
Tipo merce 4:
	- Non scaduta:
		a) nei porti: 283
		b) in nave: 54
	- Scaduta:
		a) nei porti: 0
		b) in nave: 0
	- Consegnata: 27
------------------Day 4 -----------------
Tipo merce 0:
	- Non scaduta:
		a) nei porti: 126
		b) in nave: 8
	- Scaduta:
		a) nei porti: 4
		b) in nave: 0
	- Consegnata: 0
Tipo merce 1:
	- Non scaduta:
		a) nei porti: 124
		b) in nave: 0
	- Scaduta:
		a) nei porti: 1
		b) in nave: 0
	- Consegnata: 4
Tipo merce 2:
	- Non scaduta:
		a) nei porti: 103
		b) in nave: 0
	- Scaduta:
		a) nei porti: 4
		b) in nave: 0
	- Consegnata: 10
Tipo merce 3:
	- Non scaduta:
		a) nei porti: 115
		b) in nave: 11
	- Scaduta:
		a) nei porti: 7
		b) in nave: 0
	- Consegnata: 0
Tipo merce 4:
	- Non scaduta:
		a) nei porti: 294
		b) in nave: 9
	- Scaduta:
		a) nei porti: 0
		b) in nave: 10
	- Consegnata: 62
------------------Day 5 -----------------
Tipo merce 0:
	- Non scaduta:
		a) nei porti: 140
		b) in nave: 0
	- Scaduta:
		a) nei porti: 19
		b) in nave: 0
	- Consegnata: 8
Tipo merce 1:
	- Non scaduta:
		a) nei porti: 142
		b) in nave: 0
	- Scaduta:
		a) nei porti: 11
		b) in nave: 0
	- Consegnata: 4
Tipo merce 2:
	- Non scaduta:
		a) nei porti: 102
		b) in nave: 0
	- Scaduta:
		a) nei porti: 7
		b) in nave: 0
	- Consegnata: 10
Tipo merce 3:
	- Non scaduta:
		a) nei porti: 128
		b) in nave: 17
	- Scaduta:
		a) nei porti: 16
		b) in nave: 11
	- Consegnata: 0
Tipo merce 4:
	- Non scaduta:
		a) nei porti: 336
		b) in nave: 67
	- Scaduta:
		a) nei porti: 43
		b) in nave: 19
	- Consegnata: 62
------------------Day 6 -----------------
Tipo merce 0:
	- Non scaduta:
		a) nei porti: 153
		b) in nave: 0
	- Scaduta:
		a) nei porti: 35
		b) in nave: 0
	- Consegnata: 8
Tipo merce 1:
	- Non scaduta:
		a) nei porti: 159
		b) in nave: 0
	- Scaduta:
		a) nei porti: 30
		b) in nave: 0
	- Consegnata: 4
Tipo merce 2:
	- Non scaduta:
		a) nei porti: 129
		b) in nave: 0
	- Scaduta:
		a) nei porti: 18
		b) in nave: 15
	- Consegnata: 10
Tipo merce 3:
	- Non scaduta:
		a) nei porti: 152
		b) in nave: 17
	- Scaduta:
		a) nei porti: 26
		b) in nave: 11
	- Consegnata: 0
Tipo merce 4:
	- Non scaduta:
		a) nei porti: 357
		b) in nave: 142
	- Scaduta:
		a) nei porti: 105
		b) in nave: 19
	- Consegnata: 62
------------------Day 7 -----------------
Tipo merce 0:
	- Non scaduta:
		a) nei porti: 153
		b) in nave: 0
	- Scaduta:
		a) nei porti: 51
		b) in nave: 0
	- Consegnata: 8
Tipo merce 1:
	- Non scaduta:
		a) nei porti: 175
		b) in nave: 0
	- Scaduta:
		a) nei porti: 50
		b) in nave: 0
	- Consegnata: 4
Tipo merce 2:
	- Non scaduta:
		a) nei porti: 116
		b) in nave: 33
	- Scaduta:
		a) nei porti: 47
		b) in nave: 15
	- Consegnata: 10
Tipo merce 3:
	- Non scaduta:
		a) nei porti: 155
		b) in nave: 17
	- Scaduta:
		a) nei porti: 56
		b) in nave: 11
	- Consegnata: 0
Tipo merce 4:
	- Non scaduta:
		a) nei porti: 387
		b) in nave: 70
	- Scaduta:
		a) nei porti: 139
		b) in nave: 58
	- Consegnata: 95
------------------Day 8 -----------------
Tipo merce 0:
	- Non scaduta:
		a) nei porti: 138
		b) in nave: 0
	- Scaduta:
		a) nei porti: 101
		b) in nave: 0
	- Consegnata: 8
Tipo merce 1:
	- Non scaduta:
		a) nei porti: 200
		b) in nave: 0
	- Scaduta:
		a) nei porti: 61
		b) in nave: 0
	- Consegnata: 4
Tipo merce 2:
	- Non scaduta:
		a) nei porti: 116
		b) in nave: 33
	- Scaduta:
		a) nei porti: 78
		b) in nave: 15
	- Consegnata: 10
Tipo merce 3:
	- Non scaduta:
		a) nei porti: 167
		b) in nave: 0
	- Scaduta:
		a) nei porti: 75
		b) in nave: 11
	- Consegnata: 17
Tipo merce 4:
	- Non scaduta:
		a) nei porti: 400
		b) in nave: 30
	- Scaduta:
		a) nei porti: 198
		b) in nave: 94
	- Consegnata: 129
------------------Day 9 -----------------
Tipo merce 0:
	- Non scaduta:
		a) nei porti: 132
		b) in nave: 15
	- Scaduta:
		a) nei porti: 130
		b) in nave: 15
	- Consegnata: 8
Tipo merce 1:
	- Non scaduta:
		a) nei porti: 197
		b) in nave: 0
	- Scaduta:
		a) nei porti: 95
		b) in nave: 0
	- Consegnata: 4
Tipo merce 2:
	- Non scaduta:
		a) nei porti: 139
		b) in nave: 33
	- Scaduta:
		a) nei porti: 90
		b) in nave: 15
	- Consegnata: 10
Tipo merce 3:
	- Non scaduta:
		a) nei porti: 138
		b) in nave: 0
	- Scaduta:
		a) nei porti: 111
		b) in nave: 11
	- Consegnata: 17
Tipo merce 4:
	- Non scaduta:
		a) nei porti: 363
		b) in nave: 72
	- Scaduta:
		a) nei porti: 317
		b) in nave: 124
	- Consegnata: 129
------------------Day 10 -----------------
Tipo merce 0:
	- Non scaduta:
		a) nei porti: 151
		b) in nave: 15
	- Scaduta:
		a) nei porti: 145
		b) in nave: 15
	- Consegnata: 8
Tipo merce 1:
	- Non scaduta:
		a) nei porti: 176
		b) in nave: 0
	- Scaduta:
		a) nei porti: 148
		b) in nave: 0
	- Consegnata: 4
Tipo merce 2:
	- Non scaduta:
		a) nei porti: 150
		b) in nave: 33
	- Scaduta:
		a) nei porti: 113
		b) in nave: 15
	- Consegnata: 10
Tipo merce 3:
	- Non scaduta:
		a) nei porti: 147
		b) in nave: 14
	- Scaduta:
		a) nei porti: 121
		b) in nave: 24
	- Consegnata: 17
Tipo merce 4:
	- Non scaduta:
		a) nei porti: 367
		b) in nave: 109
	- Scaduta:
		a) nei porti: 393
		b) in nave: 152
	- Consegnata: 129
------------------Day 11 -----------------
Tipo merce 0:
	- Non scaduta:
		a) nei porti: 162
		b) in nave: 15
	- Scaduta:
		a) nei porti: 168
		b) in nave: 15
	- Consegnata: 8
Tipo merce 1:
	- Non scaduta:
		a) nei porti: 186
		b) in nave: 0
	- Scaduta:
		a) nei porti: 170
		b) in nave: 0
	- Consegnata: 4
Tipo merce 2:
	- Non scaduta:
		a) nei porti: 157
		b) in nave: 15
	- Scaduta:
		a) nei porti: 137
		b) in nave: 15
	- Consegnata: 28
Tipo merce 3:
	- Non scaduta:
		a) nei porti: 132
		b) in nave: 27
	- Scaduta:
		a) nei porti: 145
		b) in nave: 38
	- Consegnata: 17
Tipo merce 4:
	- Non scaduta:
		a) nei porti: 407
		b) in nave: 134
	- Scaduta:
		a) nei porti: 435
		b) in nave: 152
	- Consegnata: 170
------------------Day 12 -----------------
Tipo merce 0:
	- Non scaduta:
		a) nei porti: 168
		b) in nave: 15
	- Scaduta:
		a) nei porti: 187
		b) in nave: 15
	- Consegnata: 8
Tipo merce 1:
	- Non scaduta:
		a) nei porti: 168
		b) in nave: 0
	- Scaduta:
		a) nei porti: 220
		b) in nave: 0
	- Consegnata: 4
Tipo merce 2:
	- Non scaduta:
		a) nei porti: 147
		b) in nave: 27
	- Scaduta:
		a) nei porti: 164
		b) in nave: 15
	- Consegnata: 28
Tipo merce 3:
	- Non scaduta:
		a) nei porti: 122
		b) in nave: 26
	- Scaduta:
		a) nei porti: 178
		b) in nave: 38
	- Consegnata: 31
Tipo merce 4:
	- Non scaduta:
		a) nei porti: 395
		b) in nave: 103
	- Scaduta:
		a) nei porti: 513
		b) in nave: 152
	- Consegnata: 201
------------------Day 13 -----------------
Tipo merce 0:
	- Non scaduta:
		a) nei porti: 158
		b) in nave: 15
	- Scaduta:
		a) nei porti: 227
		b) in nave: 15
	- Consegnata: 8
Tipo merce 1:
	- Non scaduta:
		a) nei porti: 166
		b) in nave: 0
	- Scaduta:
		a) nei porti: 251
		b) in nave: 0
	- Consegnata: 4
Tipo merce 2:
	- Non scaduta:
		a) nei porti: 133
		b) in nave: 12
	- Scaduta:
		a) nei porti: 197
		b) in nave: 30
	- Consegnata: 28
Tipo merce 3:
	- Non scaduta:
		a) nei porti: 130
		b) in nave: 41
	- Scaduta:
		a) nei porti: 196
		b) in nave: 38
	- Consegnata: 31
Tipo merce 4:
	- Non scaduta:
		a) nei porti: 379
		b) in nave: 68
	- Scaduta:
		a) nei porti: 613
		b) in nave: 182
	- Consegnata: 238
------------------Day 14 -----------------
Tipo merce 0:
	- Non scaduta:
		a) nei porti: 165
		b) in nave: 15
	- Scaduta:
		a) nei porti: 257
		b) in nave: 15
	- Consegnata: 8
Tipo merce 1:
	- Non scaduta:
		a) nei porti: 174
		b) in nave: 0
	- Scaduta:
		a) nei porti: 278
		b) in nave: 0
	- Consegnata: 4
Tipo merce 2:
	- Non scaduta:
		a) nei porti: 140
		b) in nave: 0
	- Scaduta:
		a) nei porti: 222
		b) in nave: 42
	- Consegnata: 28
Tipo merce 3:
	- Non scaduta:
		a) nei porti: 128
		b) in nave: 28
	- Scaduta:
		a) nei porti: 215
		b) in nave: 64
	- Consegnata: 31
Tipo merce 4:
	- Non scaduta:
		a) nei porti: 414
		b) in nave: 130
	- Scaduta:
		a) nei porti: 662
		b) in nave: 182
	- Consegnata: 238
------------------Day 15 -----------------
Tipo merce 0:
	- Non scaduta:
		a) nei porti: 138
		b) in nave: 15
	- Scaduta:
		a) nei porti: 302
		b) in nave: 15
	- Consegnata: 8
Tipo merce 1:
	- Non scaduta:
		a) nei porti: 177
		b) in nave: 0
	- Scaduta:
		a) nei porti: 303
		b) in nave: 0
	- Consegnata: 4
Tipo merce 2:
	- Non scaduta:
		a) nei porti: 129
		b) in nave: 15
	- Scaduta:
		a) nei porti: 268
		b) in nave: 42
	- Consegnata: 28
Tipo merce 3:
	- Non scaduta:
		a) nei porti: 121
		b) in nave: 28
	- Scaduta:
		a) nei porti: 242
		b) in nave: 64
	- Consegnata: 31
Tipo merce 4:
	- Non scaduta:
		a) nei porti: 453
		b) in nave: 181
	- Scaduta:
		a) nei porti: 701
		b) in nave: 194
	- Consegnata: 238
------------------Day 16 -----------------
Tipo merce 0:
	- Non scaduta:
		a) nei porti: 148
		b) in nave: 18
	- Scaduta:
		a) nei porti: 311
		b) in nave: 30
	- Consegnata: 8
Tipo merce 1:
	- Non scaduta:
		a) nei porti: 171
		b) in nave: 0
	- Scaduta:
		a) nei porti: 348
		b) in nave: 0
	- Consegnata: 4
Tipo merce 2:
	- Non scaduta:
		a) nei porti: 136
		b) in nave: 0
	- Scaduta:
		a) nei porti: 296
		b) in nave: 57
	- Consegnata: 28
Tipo merce 3:
	- Non scaduta:
		a) nei porti: 140
		b) in nave: 18
	- Scaduta:
		a) nei porti: 257
		b) in nave: 64
	- Consegnata: 59
Tipo merce 4:
	- Non scaduta:
		a) nei porti: 411
		b) in nave: 165
	- Scaduta:
		a) nei porti: 814
		b) in nave: 194
	- Consegnata: 288
------------------Day 17 -----------------
Tipo merce 0:
	- Non scaduta:
		a) nei porti: 128
		b) in nave: 49
	- Scaduta:
		a) nei porti: 350
		b) in nave: 30
	- Consegnata: 8
Tipo merce 1:
	- Non scaduta:
		a) nei porti: 145
		b) in nave: 0
	- Scaduta:
		a) nei porti: 405
		b) in nave: 0
	- Consegnata: 4
Tipo merce 2:
	- Non scaduta:
		a) nei porti: 131
		b) in nave: 0
	- Scaduta:
		a) nei porti: 321
		b) in nave: 57
	- Consegnata: 28
Tipo merce 3:
	- Non scaduta:
		a) nei porti: 104
		b) in nave: 0
	- Scaduta:
		a) nei porti: 307
		b) in nave: 64
	- Consegnata: 77
Tipo merce 4:
	- Non scaduta:
		a) nei porti: 383
		b) in nave: 129
	- Scaduta:
		a) nei porti: 919
		b) in nave: 230
	- Consegnata: 288
------------------Day 18 -----------------
Tipo merce 0:
	- Non scaduta:
		a) nei porti: 130
		b) in nave: 32
	- Scaduta:
		a) nei porti: 379
		b) in nave: 47
	- Consegnata: 8
Tipo merce 1:
	- Non scaduta:
		a) nei porti: 151
		b) in nave: 0
	- Scaduta:
		a) nei porti: 432
		b) in nave: 0
	- Consegnata: 4
Tipo merce 2:
	- Non scaduta:
		a) nei porti: 126
		b) in nave: 14
	- Scaduta:
		a) nei porti: 346
		b) in nave: 57
	- Consegnata: 28
Tipo merce 3:
	- Non scaduta:
		a) nei porti: 109
		b) in nave: 33
	- Scaduta:
		a) nei porti: 322
		b) in nave: 64
	- Consegnata: 77
Tipo merce 4:
	- Non scaduta:
		a) nei porti: 357
		b) in nave: 66
	- Scaduta:
		a) nei porti: 1027
		b) in nave: 293
	- Consegnata: 288
------------------Day 19 -----------------
Tipo merce 0:
	- Non scaduta:
		a) nei porti: 145
		b) in nave: 18
	- Scaduta:
		a) nei porti: 400
		b) in nave: 61
	- Consegnata: 8
Tipo merce 1:
	- Non scaduta:
		a) nei porti: 146
		b) in nave: 0
	- Scaduta:
		a) nei porti: 474
		b) in nave: 0
	- Consegnata: 4
Tipo merce 2:
	- Non scaduta:
		a) nei porti: 153
		b) in nave: 14
	- Scaduta:
		a) nei porti: 357
		b) in nave: 72
	- Consegnata: 28
Tipo merce 3:
	- Non scaduta:
		a) nei porti: 118
		b) in nave: 29
	- Scaduta:
		a) nei porti: 347
		b) in nave: 64
	- Consegnata: 95
Tipo merce 4:
	- Non scaduta:
		a) nei porti: 431
		b) in nave: 147
	- Scaduta:
		a) nei porti: 1058
		b) in nave: 293
	- Consegnata: 288
------------------Day 20 -----------------
Tipo merce 0:
	- Non scaduta:
		a) nei porti: 163
		b) in nave: 18
	- Scaduta:
		a) nei porti: 420
		b) in nave: 61
	- Consegnata: 8
Tipo merce 1:
	- Non scaduta:
		a) nei porti: 145
		b) in nave: 0
	- Scaduta:
		a) nei porti: 511
		b) in nave: 0
	- Consegnata: 4
Tipo merce 2:
	- Non scaduta:
		a) nei porti: 127
		b) in nave: 0
	- Scaduta:
		a) nei porti: 380
		b) in nave: 72
	- Consegnata: 42
Tipo merce 3:
	- Non scaduta:
		a) nei porti: 126
		b) in nave: 14
	- Scaduta:
		a) nei porti: 373
		b) in nave: 79
	- Consegnata: 95
Tipo merce 4:
	- Non scaduta:
		a) nei porti: 361
		b) in nave: 139
	- Scaduta:
		a) nei porti: 1186
		b) in nave: 325
	- Consegnata: 324
------------------Day 21 -----------------
Tipo merce 0:
	- Non scaduta:
		a) nei porti: 167
		b) in nave: 18
	- Scaduta:
		a) nei porti: 447
		b) in nave: 61
	- Consegnata: 8
Tipo merce 1:
	- Non scaduta:
		a) nei porti: 147
		b) in nave: 0
	- Scaduta:
		a) nei porti: 538
		b) in nave: 0
	- Consegnata: 4
Tipo merce 2:
	- Non scaduta:
		a) nei porti: 129
		b) in nave: 0
	- Scaduta:
		a) nei porti: 408
		b) in nave: 85
	- Consegnata: 42
Tipo merce 3:
	- Non scaduta:
		a) nei porti: 129
		b) in nave: 0
	- Scaduta:
		a) nei porti: 388
		b) in nave: 93
	- Consegnata: 95
Tipo merce 4:
	- Non scaduta:
		a) nei porti: 358
		b) in nave: 150
	- Scaduta:
		a) nei porti: 1261
		b) in nave: 356
	- Consegnata: 324
------------------Day 22 -----------------
Tipo merce 0:
	- Non scaduta:
		a) nei porti: 155
		b) in nave: 18
	- Scaduta:
		a) nei porti: 480
		b) in nave: 61
	- Consegnata: 8
Tipo merce 1:
	- Non scaduta:
		a) nei porti: 145
		b) in nave: 0
	- Scaduta:
		a) nei porti: 573
		b) in nave: 0
	- Consegnata: 4
Tipo merce 2:
	- Non scaduta:
		a) nei porti: 140
		b) in nave: 14
	- Scaduta:
		a) nei porti: 430
		b) in nave: 85
	- Consegnata: 42
Tipo merce 3:
	- Non scaduta:
		a) nei porti: 144
		b) in nave: 14
	- Scaduta:
		a) nei porti: 395
		b) in nave: 93
	- Consegnata: 95
Tipo merce 4:
	- Non scaduta:
		a) nei porti: 338
		b) in nave: 164
	- Scaduta:
		a) nei porti: 1363
		b) in nave: 370
	- Consegnata: 324
------------------Day 23 -----------------
Tipo merce 0:
	- Non scaduta:
		a) nei porti: 160
		b) in nave: 0
	- Scaduta:
		a) nei porti: 505
		b) in nave: 79
	- Consegnata: 8
Tipo merce 1:
	- Non scaduta:
		a) nei porti: 135
		b) in nave: 0
	- Scaduta:
		a) nei porti: 609
		b) in nave: 0
	- Consegnata: 4
Tipo merce 2:
	- Non scaduta:
		a) nei porti: 118
		b) in nave: 14
	- Scaduta:
		a) nei porti: 472
		b) in nave: 85
	- Consegnata: 42
Tipo merce 3:
	- Non scaduta:
		a) nei porti: 119
		b) in nave: 50
	- Scaduta:
		a) nei porti: 440
		b) in nave: 93
	- Consegnata: 95
Tipo merce 4:
	- Non scaduta:
		a) nei porti: 367
		b) in nave: 135
	- Scaduta:
		a) nei porti: 1410
		b) in nave: 370
	- Consegnata: 353
------------------Day 24 -----------------
Tipo merce 0:
	- Non scaduta:
		a) nei porti: 161
		b) in nave: 15
	- Scaduta:
		a) nei porti: 536
		b) in nave: 79
	- Consegnata: 8
Tipo merce 1:
	- Non scaduta:
		a) nei porti: 140
		b) in nave: 0
	- Scaduta:
		a) nei porti: 634
		b) in nave: 0
	- Consegnata: 4
Tipo merce 2:
	- Non scaduta:
		a) nei porti: 133
		b) in nave: 14
	- Scaduta:
		a) nei porti: 490
		b) in nave: 85
	- Consegnata: 42
Tipo merce 3:
	- Non scaduta:
		a) nei porti: 125
		b) in nave: 34
	- Scaduta:
		a) nei porti: 468
		b) in nave: 93
	- Consegnata: 111
Tipo merce 4:
	- Non scaduta:
		a) nei porti: 392
		b) in nave: 173
	- Scaduta:
		a) nei porti: 1468
		b) in nave: 384
	- Consegnata: 353
------------------Day 25 -----------------
Tipo merce 0:
	- Non scaduta:
		a) nei porti: 143
		b) in nave: 15
	- Scaduta:
		a) nei porti: 577
		b) in nave: 79
	- Consegnata: 8
Tipo merce 1:
	- Non scaduta:
		a) nei porti: 144
		b) in nave: 0
	- Scaduta:
		a) nei porti: 656
		b) in nave: 0
	- Consegnata: 4
Tipo merce 2:
	- Non scaduta:
		a) nei porti: 117
		b) in nave: 30
	- Scaduta:
		a) nei porti: 524
		b) in nave: 85
	- Consegnata: 42
Tipo merce 3:
	- Non scaduta:
		a) nei porti: 131
		b) in nave: 20
	- Scaduta:
		a) nei porti: 492
		b) in nave: 107
	- Consegnata: 111
Tipo merce 4:
	- Non scaduta:
		a) nei porti: 392
		b) in nave: 215
	- Scaduta:
		a) nei porti: 1543
		b) in nave: 384
	- Consegnata: 353
------------------Day 26 -----------------
Tipo merce 0:
	- Non scaduta:
		a) nei porti: 139
		b) in nave: 15
	- Scaduta:
		a) nei porti: 614
		b) in nave: 79
	- Consegnata: 23
Tipo merce 1:
	- Non scaduta:
		a) nei porti: 166
		b) in nave: 0
	- Scaduta:
		a) nei porti: 673
		b) in nave: 0
	- Consegnata: 4
Tipo merce 2:
	- Non scaduta:
		a) nei porti: 139
		b) in nave: 16
	- Scaduta:
		a) nei porti: 533
		b) in nave: 99
	- Consegnata: 42
Tipo merce 3:
	- Non scaduta:
		a) nei porti: 141
		b) in nave: 20
	- Scaduta:
		a) nei porti: 519
		b) in nave: 107
	- Consegnata: 111
Tipo merce 4:
	- Non scaduta:
		a) nei porti: 367
		b) in nave: 111
	- Scaduta:
		a) nei porti: 1639
		b) in nave: 446
	- Consegnata: 395
------------------Day 27 -----------------
Tipo merce 0:
	- Non scaduta:
		a) nei porti: 137
		b) in nave: 15
	- Scaduta:
		a) nei porti: 652
		b) in nave: 79
	- Consegnata: 23
Tipo merce 1:
	- Non scaduta:
		a) nei porti: 141
		b) in nave: 0
	- Scaduta:
		a) nei porti: 730
		b) in nave: 0
	- Consegnata: 4
Tipo merce 2:
	- Non scaduta:
		a) nei porti: 131
		b) in nave: 32
	- Scaduta:
		a) nei porti: 575
		b) in nave: 99
	- Consegnata: 42
Tipo merce 3:
	- Non scaduta:
		a) nei porti: 135
		b) in nave: 34
	- Scaduta:
		a) nei porti: 547
		b) in nave: 107
	- Consegnata: 111
Tipo merce 4:
	- Non scaduta:
		a) nei porti: 291
		b) in nave: 145
	- Scaduta:
		a) nei porti: 1771
		b) in nave: 446
	- Consegnata: 437
------------------Day 28 -----------------
Tipo merce 0:
	- Non scaduta:
		a) nei porti: 139
		b) in nave: 13
	- Scaduta:
		a) nei porti: 671
		b) in nave: 79
	- Consegnata: 38
Tipo merce 1:
	- Non scaduta:
		a) nei porti: 164
		b) in nave: 0
	- Scaduta:
		a) nei porti: 738
		b) in nave: 0
	- Consegnata: 4
Tipo merce 2:
	- Non scaduta:
		a) nei porti: 147
		b) in nave: 16
	- Scaduta:
		a) nei porti: 590
		b) in nave: 99
	- Consegnata: 58
Tipo merce 3:
	- Non scaduta:
		a) nei porti: 144
		b) in nave: 50
	- Scaduta:
		a) nei porti: 557
		b) in nave: 107
	- Consegnata: 111
Tipo merce 4:
	- Non scaduta:
		a) nei porti: 337
		b) in nave: 95
	- Scaduta:
		a) nei porti: 1805
		b) in nave: 562
	- Consegnata: 437
------------------Day 29 -----------------
Tipo merce 0:
	- Non scaduta:
		a) nei porti: 150
		b) in nave: 13
	- Scaduta:
		a) nei porti: 690
		b) in nave: 79
	- Consegnata: 38
Tipo merce 1:
	- Non scaduta:
		a) nei porti: 165
		b) in nave: 0
	- Scaduta:
		a) nei porti: 767
		b) in nave: 0
	- Consegnata: 4
Tipo merce 2:
	- Non scaduta:
		a) nei porti: 160
		b) in nave: 16
	- Scaduta:
		a) nei porti: 604
		b) in nave: 99
	- Consegnata: 58
Tipo merce 3:
	- Non scaduta:
		a) nei porti: 137
		b) in nave: 36
	- Scaduta:
		a) nei porti: 594
		b) in nave: 121
	- Consegnata: 111
Tipo merce 4:
	- Non scaduta:
		a) nei porti: 304
		b) in nave: 172
	- Scaduta:
		a) nei porti: 1877
		b) in nave: 575
	- Consegnata: 466
------------------Day 30 -----------------
Tipo merce 0:
	- Non scaduta:
		a) nei porti: 158
		b) in nave: 13
	- Scaduta:
		a) nei porti: 722
		b) in nave: 79
	- Consegnata: 38
Tipo merce 1:
	- Non scaduta:
		a) nei porti: 173
		b) in nave: 0
	- Scaduta:
		a) nei porti: 794
		b) in nave: 0
	- Consegnata: 4
Tipo merce 2:
	- Non scaduta:
		a) nei porti: 150
		b) in nave: 0
	- Scaduta:
		a) nei porti: 645
		b) in nave: 115
	- Consegnata: 58
Tipo merce 3:
	- Non scaduta:
		a) nei porti: 124
		b) in nave: 16
	- Scaduta:
		a) nei porti: 627
		b) in nave: 121
	- Consegnata: 131
Tipo merce 4:
	- Non scaduta:
		a) nei porti: 324
		b) in nave: 158
	- Scaduta:
		a) nei porti: 1943
		b) in nave: 575
	- Consegnata: 505
------------------Day 31 -----------------
Tipo merce 0:
	- Non scaduta:
		a) nei porti: 142
		b) in nave: 13
	- Scaduta:
		a) nei porti: 755
		b) in nave: 79
	- Consegnata: 38
Tipo merce 1:
	- Non scaduta:
		a) nei porti: 158
		b) in nave: 0
	- Scaduta:
		a) nei porti: 832
		b) in nave: 0
	- Consegnata: 4
Tipo merce 2:
	- Non scaduta:
		a) nei porti: 127
		b) in nave: 0
	- Scaduta:
		a) nei porti: 684
		b) in nave: 115
	- Consegnata: 58
Tipo merce 3:
	- Non scaduta:
		a) nei porti: 138
		b) in nave: 0
	- Scaduta:
		a) nei porti: 646
		b) in nave: 137
	- Consegnata: 131
Tipo merce 4:
	- Non scaduta:
		a) nei porti: 361
		b) in nave: 103
	- Scaduta:
		a) nei porti: 1998
		b) in nave: 575
	- Consegnata: 610
------------------Day 32 -----------------
Tipo merce 0:
	- Non scaduta:
		a) nei porti: 144
		b) in nave: 28
	- Scaduta:
		a) nei porti: 787
		b) in nave: 79
	- Consegnata: 38
Tipo merce 1:
	- Non scaduta:
		a) nei porti: 166
		b) in nave: 0
	- Scaduta:
		a) nei porti: 864
		b) in nave: 0
	- Consegnata: 4
Tipo merce 2:
	- Non scaduta:
		a) nei porti: 117
		b) in nave: 18
	- Scaduta:
		a) nei porti: 718
		b) in nave: 115
	- Consegnata: 58
Tipo merce 3:
	- Non scaduta:
		a) nei porti: 128
		b) in nave: 13
	- Scaduta:
		a) nei porti: 672
		b) in nave: 137
	- Consegnata: 131
Tipo merce 4:
	- Non scaduta:
		a) nei porti: 380
		b) in nave: 78
	- Scaduta:
		a) nei porti: 2047
		b) in nave: 575
	- Consegnata: 635
------------------Day 33 -----------------
Tipo merce 0:
	- Non scaduta:
		a) nei porti: 148
		b) in nave: 13
	- Scaduta:
		a) nei porti: 812
		b) in nave: 79
	- Consegnata: 53
Tipo merce 1:
	- Non scaduta:
		a) nei porti: 165
		b) in nave: 0
	- Scaduta:
		a) nei porti: 893
		b) in nave: 0
	- Consegnata: 4
Tipo merce 2:
	- Non scaduta:
		a) nei porti: 125
		b) in nave: 12
	- Scaduta:
		a) nei porti: 746
		b) in nave: 115
	- Consegnata: 76
Tipo merce 3:
	- Non scaduta:
		a) nei porti: 130
		b) in nave: 26
	- Scaduta:
		a) nei porti: 701
		b) in nave: 137
	- Consegnata: 131
Tipo merce 4:
	- Non scaduta:
		a) nei porti: 354
		b) in nave: 50
	- Scaduta:
		a) nei porti: 2161
		b) in nave: 603
	- Consegnata: 635
------------------Day 34 -----------------
Tipo merce 0:
	- Non scaduta:
		a) nei porti: 168
		b) in nave: 0
	- Scaduta:
		a) nei porti: 829
		b) in nave: 92
	- Consegnata: 53
Tipo merce 1:
	- Non scaduta:
		a) nei porti: 137
		b) in nave: 0
	- Scaduta:
		a) nei porti: 957
		b) in nave: 0
	- Consegnata: 4
Tipo merce 2:
	- Non scaduta:
		a) nei porti: 136
		b) in nave: 12
	- Scaduta:
		a) nei porti: 770
		b) in nave: 115
	- Consegnata: 76
Tipo merce 3:
	- Non scaduta:
		a) nei porti: 160
		b) in nave: 26
	- Scaduta:
		a) nei porti: 710
		b) in nave: 137
	- Consegnata: 131
Tipo merce 4:
	- Non scaduta:
		a) nei porti: 427
		b) in nave: 117
	- Scaduta:
		a) nei porti: 2191
		b) in nave: 603
	- Consegnata: 649
------------------Day 35 -----------------
Tipo merce 0:
	- Non scaduta:
		a) nei porti: 164
		b) in nave: 0
	- Scaduta:
		a) nei porti: 853
		b) in nave: 92
	- Consegnata: 53
Tipo merce 1:
	- Non scaduta:
		a) nei porti: 160
		b) in nave: 0
	- Scaduta:
		a) nei porti: 969
		b) in nave: 0
	- Consegnata: 4
Tipo merce 2:
	- Non scaduta:
		a) nei porti: 131
		b) in nave: 17
	- Scaduta:
		a) nei porti: 795
		b) in nave: 127
	- Consegnata: 76
Tipo merce 3:
	- Non scaduta:
		a) nei porti: 159
		b) in nave: 13
	- Scaduta:
		a) nei porti: 744
		b) in nave: 137
	- Consegnata: 144
Tipo merce 4:
	- Non scaduta:
		a) nei porti: 415
		b) in nave: 116
	- Scaduta:
		a) nei porti: 2248
		b) in nave: 666
	- Consegnata: 649
------------------Day 36 -----------------
Tipo merce 0:
	- Non scaduta:
		a) nei porti: 122
		b) in nave: 17
	- Scaduta:
		a) nei porti: 896
		b) in nave: 92
	- Consegnata: 53
Tipo merce 1:
	- Non scaduta:
		a) nei porti: 149
		b) in nave: 0
	- Scaduta:
		a) nei porti: 1004
		b) in nave: 0
	- Consegnata: 4
Tipo merce 2:
	- Non scaduta:
		a) nei porti: 130
		b) in nave: 17
	- Scaduta:
		a) nei porti: 827
		b) in nave: 127
	- Consegnata: 76
Tipo merce 3:
	- Non scaduta:
		a) nei porti: 169
		b) in nave: 0
	- Scaduta:
		a) nei porti: 770
		b) in nave: 137
	- Consegnata: 157
Tipo merce 4:
	- Non scaduta:
		a) nei porti: 359
		b) in nave: 100
	- Scaduta:
		a) nei porti: 2390
		b) in nave: 682
	- Consegnata: 649
------------------Day 37 -----------------
Tipo merce 0:
	- Non scaduta:
		a) nei porti: 109
		b) in nave: 35
	- Scaduta:
		a) nei porti: 940
		b) in nave: 92
	- Consegnata: 53
Tipo merce 1:
	- Non scaduta:
		a) nei porti: 155
		b) in nave: 0
	- Scaduta:
		a) nei porti: 1023
		b) in nave: 0
	- Consegnata: 4
Tipo merce 2:
	- Non scaduta:
		a) nei porti: 144
		b) in nave: 17
	- Scaduta:
		a) nei porti: 843
		b) in nave: 127
	- Consegnata: 76
Tipo merce 3:
	- Non scaduta:
		a) nei porti: 160
		b) in nave: 0
	- Scaduta:
		a) nei porti: 810
		b) in nave: 137
	- Consegnata: 157
Tipo merce 4:
	- Non scaduta:
		a) nei porti: 383
		b) in nave: 0
	- Scaduta:
		a) nei porti: 2445
		b) in nave: 713
	- Consegnata: 718
------------------Day 38 -----------------
Tipo merce 0:
	- Non scaduta:
		a) nei porti: 92
		b) in nave: 35
	- Scaduta:
		a) nei porti: 974
		b) in nave: 108
	- Consegnata: 53
Tipo merce 1:
	- Non scaduta:
		a) nei porti: 172
		b) in nave: 0
	- Scaduta:
		a) nei porti: 1041
		b) in nave: 0
	- Consegnata: 4
Tipo merce 2:
	- Non scaduta:
		a) nei porti: 140
		b) in nave: 16
	- Scaduta:
		a) nei porti: 868
		b) in nave: 127
	- Consegnata: 93
Tipo merce 3:
	- Non scaduta:
		a) nei porti: 139
		b) in nave: 16
	- Scaduta:
		a) nei porti: 848
		b) in nave: 137
	- Consegnata: 157
Tipo merce 4:
	- Non scaduta:
		a) nei porti: 385
		b) in nave: 92
	- Scaduta:
		a) nei porti: 2503
		b) in nave: 713
	- Consegnata: 718
------------------Day 39 -----------------
Tipo merce 0:
	- Non scaduta:
		a) nei porti: 113
		b) in nave: 32
	- Scaduta:
		a) nei porti: 984
		b) in nave: 108
	- Consegnata: 71
Tipo merce 1:
	- Non scaduta:
		a) nei porti: 162
		b) in nave: 0
	- Scaduta:
		a) nei porti: 1081
		b) in nave: 0
	- Consegnata: 4
Tipo merce 2:
	- Non scaduta:
		a) nei porti: 148
		b) in nave: 16
	- Scaduta:
		a) nei porti: 888
		b) in nave: 127
	- Consegnata: 93
Tipo merce 3:
	- Non scaduta:
		a) nei porti: 142
		b) in nave: 31
	- Scaduta:
		a) nei porti: 870
		b) in nave: 137
	- Consegnata: 157
Tipo merce 4:
	- Non scaduta:
		a) nei porti: 401
		b) in nave: 190
	- Scaduta:
		a) nei porti: 2564
		b) in nave: 713
	- Consegnata: 718
------------------STATO FINALE -----------------
Tipo merce 0:
	- Non scaduta:
		a) nei porti: 125
		b) in nave: 32
	- Scaduta:
		a) nei porti: 1002
		b) in nave: 108
	- Consegnata: 71
Tipo merce 1:
	- Non scaduta:
		a) nei porti: 165
		b) in nave: 0
	- Scaduta:
		a) nei porti: 1114
		b) in nave: 0
	- Consegnata: 4
Tipo merce 2:
	- Non scaduta:
		a) nei porti: 157
		b) in nave: 16
	- Scaduta:
		a) nei porti: 911
		b) in nave: 127
	- Consegnata: 93
Tipo merce 3:
	- Non scaduta:
		a) nei porti: 126
		b) in nave: 58
	- Scaduta:
		a) nei porti: 888
		b) in nave: 137
	- Consegnata: 157
Tipo merce 4:
	- Non scaduta:
		a) nei porti: 411
		b) in nave: 159
	- Scaduta:
		a) nei porti: 2636
		b) in nave: 713
	- Consegnata: 790
Porto 0:
DOMANDE:
73, 
113, 
76, 
56, 
18, 
SUPPLIES:
GIORNO 0: [ 0, 0, 0, 0, 0, ]
GIORNO 1: [ 0, 0, 0, 0, 0, ]
GIORNO 2: [ 0, 0, 0, 0, 0, ]
GIORNO 3: [ 0, 0, 0, 0, 0, ]
GIORNO 4: [ 0, 0, 0, 0, 0, ]
GIORNO 5: [ 0, 0, 0, 0, 0, ]
GIORNO 6: [ 0, 0, 0, 0, 0, ]
GIORNO 7: [ 0, 0, 0, 0, 0, ]
GIORNO 8: [ 0, 0, 0, 0, 0, ]
GIORNO 9: [ 0, 0, 0, 0, 0, ]
GIORNO 10: [ 0, 0, 0, 0, 0, ]
GIORNO 11: [ 0, 0, 0, 0, 0, ]
GIORNO 12: [ 0, 0, 0, 0, 0, ]
GIORNO 13: [ 0, 0, 0, 0, 0, ]
GIORNO 14: [ 0, 0, 0, 0, 0, ]
GIORNO 15: [ 0, 0, 0, 0, 0, ]
GIORNO 16: [ 0, 0, 0, 0, 0, ]
GIORNO 17: [ 0, 0, 0, 0, 0, ]
GIORNO 18: [ 0, 0, 0, 0, 0, ]
GIORNO 19: [ 0, 0, 0, 0, 0, ]
GIORNO 20: [ 0, 0, 0, 0, 0, ]
GIORNO 21: [ 0, 0, 0, 0, 0, ]
GIORNO 22: [ 0, 0, 0, 0, 0, ]
GIORNO 23: [ 0, 0, 0, 0, 0, ]
GIORNO 24: [ 0, 0, 0, 0, 0, ]
GIORNO 25: [ 0, 0, 0, 0, 0, ]
GIORNO 26: [ 0, 0, 0, 0, 0, ]
GIORNO 27: [ 0, 0, 0, 0, 0, ]
GIORNO 28: [ 0, 0, 0, 0, 0, ]
GIORNO 29: [ 0, 0, 0, 0, 0, ]
GIORNO 30: [ 0, 0, 0, 0, 0, ]
GIORNO 31: [ 0, 0, 0, 0, 0, ]
GIORNO 32: [ 0, 0, 0, 0, 0, ]
GIORNO 33: [ 0, 0, 0, 0, 0, ]
GIORNO 34: [ 1, 2, 1, 0, 13, ]
GIORNO 35: [ 2, 2, 5, 2, 14, ]
GIORNO 36: [ 1, 2, 0, 1, 6, ]
GIORNO 37: [ 1, 2, 3, 3, 9, ]
GIORNO 38: [ 1, 1, 1, 2, 13, ]
GIORNO 39: [ 1, 2, 1, 3, 10, ]
EXP TIMES:
[0, 0, 0, 0, 0, 0, 0, 0, 0, 0, 0, 0, 0, 0, 0, 0, 0, 0, 0, 0, 0, 0, 0, 0, 0, 0, 0, 0, 0, 0, 0, 0, 0, 0, 0, 0, 0, 0, 0, 0, 0, 0, 0, 0, 0, 0, 0, 0, 0, 0, 0, 0, 0, 0, 0, 0, 0, 0, 0, 0, 0, 0, 0, 0, 0, 0, 0, 0, 0, 0, 0, 0, 0, 0, 0, 0, 0, 0, 0, 0, 0, 0, 0, 0, 0, 0, 0, 0, 0, 0, 0, 0, 0, 0, 0, 0, 0, 0, 0, 0, 0, 0, 0, 0, 0, 0, 0, 0, 0, 0, 0, 0, 0, 0, 0, 0, 0, 0, 0, 0, 0, 0, 0, 0, 0, 0, 0, 0, 0, 0, 0, 0, 0, 0, 0, 0, 0, 0, 0, 0, 0, 0, 0, 0, 0, 0, 0, 0, 0, 0, 0, 0, 0, 0, 0, 0, 0, 0, 0, 0, 0, 0, 0, 0, 0, 0, 0, 0, 0, 0, 2, 2, 1, 0, 2, 2, 3, 1, 2, 2, 1, 4, 0, 1, 3, 1, 2, 1, 2, 4, 4, 6, 6, 2, 2, 7, 7, 3, 3, 6, ]
--------------------------------------
coords:
x: 0.000000
y: 0.000000
______________________________________________
Porto 1:
DOMANDE:
0, 
0, 
0, 
55, 
0, 
SUPPLIES:
GIORNO 0: [ 0, 0, 0, 0, 0, ]
GIORNO 1: [ 0, 0, 0, 0, 0, ]
GIORNO 2: [ 0, 0, 0, 0, 0, ]
GIORNO 3: [ 0, 0, 0, 0, 0, ]
GIORNO 4: [ 0, 0, 0, 0, 0, ]
GIORNO 5: [ 0, 0, 0, 0, 0, ]
GIORNO 6: [ 0, 0, 0, 0, 0, ]
GIORNO 7: [ 0, 0, 0, 0, 0, ]
GIORNO 8: [ 0, 0, 0, 0, 0, ]
GIORNO 9: [ 0, 0, 0, 0, 0, ]
GIORNO 10: [ 0, 0, 0, 0, 0, ]
GIORNO 11: [ 0, 0, 0, 0, 0, ]
GIORNO 12: [ 0, 0, 0, 0, 0, ]
GIORNO 13: [ 0, 0, 0, 0, 0, ]
GIORNO 14: [ 0, 0, 0, 0, 0, ]
GIORNO 15: [ 0, 0, 0, 0, 0, ]
GIORNO 16: [ 0, 0, 0, 0, 0, ]
GIORNO 17: [ 0, 0, 0, 0, 0, ]
GIORNO 18: [ 0, 0, 0, 0, 0, ]
GIORNO 19: [ 0, 0, 0, 0, 0, ]
GIORNO 20: [ 0, 0, 0, 0, 0, ]
GIORNO 21: [ 0, 0, 0, 0, 0, ]
GIORNO 22: [ 0, 0, 0, 0, 0, ]
GIORNO 23: [ 0, 0, 0, 0, 0, ]
GIORNO 24: [ 0, 0, 0, 0, 0, ]
GIORNO 25: [ 0, 0, 0, 0, 0, ]
GIORNO 26: [ 0, 0, 0, 0, 0, ]
GIORNO 27: [ 0, 0, 0, 0, 0, ]
GIORNO 28: [ 0, 0, 0, 0, 0, ]
GIORNO 29: [ 0, 0, 0, 0, 0, ]
GIORNO 30: [ 0, 0, 0, 0, 0, ]
GIORNO 31: [ 0, 0, 0, 0, 0, ]
GIORNO 32: [ 0, 0, 0, 0, 0, ]
GIORNO 33: [ 0, 3, 0, 0, 0, ]
GIORNO 34: [ 0, 3, 2, 0, 9, ]
GIORNO 35: [ 0, 0, 4, 4, 0, ]
GIORNO 36: [ 2, 1, 3, 1, 10, ]
GIORNO 37: [ 3, 2, 4, 4, 10, ]
GIORNO 38: [ 2, 2, 2, 2, 12, ]
GIORNO 39: [ 3, 2, 4, 2, 13, ]
EXP TIMES:
[0, 0, 0, 0, 0, 0, 0, 0, 0, 0, 0, 0, 0, 0, 0, 0, 0, 0, 0, 0, 0, 0, 0, 0, 0, 0, 0, 0, 0, 0, 0, 0, 0, 0, 0, 0, 0, 0, 0, 0, 0, 0, 0, 0, 0, 0, 0, 0, 0, 0, 0, 0, 0, 0, 0, 0, 0, 0, 0, 0, 0, 0, 0, 0, 0, 0, 0, 0, 0, 0, 0, 0, 0, 0, 0, 0, 0, 0, 0, 0, 0, 0, 0, 0, 0, 0, 0, 0, 0, 0, 0, 0, 0, 0, 0, 0, 0, 0, 0, 0, 0, 0, 0, 0, 0, 0, 0, 0, 0, 0, 0, 0, 0, 0, 0, 0, 0, 0, 0, 0, 0, 0, 0, 0, 0, 0, 0, 0, 0, 0, 0, 0, 0, 0, 0, 0, 0, 0, 0, 0, 0, 0, 0, 0, 0, 0, 0, 0, 0, 0, 0, 0, 0, 0, 0, 0, 0, 0, 0, 0, 0, 0, 0, 0, 0, 0, 1, 0, 0, 0, 0, 1, 2, 0, 2, 0, 0, 2, 2, 0, 3, 1, 3, 2, 3, 1, 3, 5, 5, 5, 4, 4, 6, 2, 5, 3, 7, 5, 7, 4, ]
--------------------------------------
coords:
x: 7.000000
y: 0.000000
______________________________________________
Porto 2:
DOMANDE:
0, 
154, 
71, 
0, 
0, 
SUPPLIES:
GIORNO 0: [ 0, 0, 0, 0, 0, ]
GIORNO 1: [ 0, 0, 0, 0, 0, ]
GIORNO 2: [ 0, 0, 0, 0, 0, ]
GIORNO 3: [ 0, 0, 0, 0, 0, ]
GIORNO 4: [ 0, 0, 0, 0, 0, ]
GIORNO 5: [ 0, 0, 0, 0, 0, ]
GIORNO 6: [ 0, 0, 0, 0, 0, ]
GIORNO 7: [ 0, 0, 0, 0, 0, ]
GIORNO 8: [ 0, 0, 0, 0, 0, ]
GIORNO 9: [ 0, 0, 0, 0, 0, ]
GIORNO 10: [ 0, 0, 0, 0, 0, ]
GIORNO 11: [ 0, 0, 0, 0, 0, ]
GIORNO 12: [ 0, 0, 0, 0, 0, ]
GIORNO 13: [ 0, 0, 0, 0, 0, ]
GIORNO 14: [ 0, 0, 0, 0, 0, ]
GIORNO 15: [ 0, 0, 0, 0, 0, ]
GIORNO 16: [ 0, 0, 0, 0, 0, ]
GIORNO 17: [ 0, 0, 0, 0, 0, ]
GIORNO 18: [ 0, 0, 0, 0, 0, ]
GIORNO 19: [ 0, 0, 0, 0, 0, ]
GIORNO 20: [ 0, 0, 0, 0, 0, ]
GIORNO 21: [ 0, 0, 0, 0, 0, ]
GIORNO 22: [ 0, 0, 0, 0, 0, ]
GIORNO 23: [ 0, 0, 0, 0, 0, ]
GIORNO 24: [ 0, 0, 0, 0, 0, ]
GIORNO 25: [ 0, 0, 0, 0, 0, ]
GIORNO 26: [ 0, 0, 0, 0, 0, ]
GIORNO 27: [ 0, 0, 0, 0, 0, ]
GIORNO 28: [ 0, 0, 0, 0, 0, ]
GIORNO 29: [ 0, 0, 0, 0, 0, ]
GIORNO 30: [ 0, 0, 0, 0, 0, ]
GIORNO 31: [ 0, 0, 0, 0, 0, ]
GIORNO 32: [ 0, 0, 0, 0, 0, ]
GIORNO 33: [ 0, 0, 0, 0, 0, ]
GIORNO 34: [ 0, 0, 0, 0, 0, ]
GIORNO 35: [ 2, 0, 4, 2, 0, ]
GIORNO 36: [ 2, 2, 0, 1, 10, ]
GIORNO 37: [ 2, 1, 2, 2, 6, ]
GIORNO 38: [ 4, 3, 4, 4, 8, ]
GIORNO 39: [ 2, 4, 2, 2, 12, ]
EXP TIMES:
[0, 0, 0, 0, 0, 0, 0, 0, 0, 0, 0, 0, 0, 0, 0, 0, 0, 0, 0, 0, 0, 0, 0, 0, 0, 0, 0, 0, 0, 0, 0, 0, 0, 0, 0, 0, 0, 0, 0, 0, 0, 0, 0, 0, 0, 0, 0, 0, 0, 0, 0, 0, 0, 0, 0, 0, 0, 0, 0, 0, 0, 0, 0, 0, 0, 0, 0, 0, 0, 0, 0, 0, 0, 0, 0, 0, 0, 0, 0, 0, 0, 0, 0, 0, 0, 0, 0, 0, 0, 0, 0, 0, 0, 0, 0, 0, 0, 0, 0, 0, 0, 0, 0, 0, 0, 0, 0, 0, 0, 0, 0, 0, 0, 0, 0, 0, 0, 0, 0, 0, 0, 0, 0, 0, 0, 0, 0, 0, 0, 0, 0, 0, 0, 0, 0, 0, 0, 0, 0, 0, 0, 0, 0, 0, 0, 0, 0, 0, 0, 0, 0, 0, 0, 0, 0, 0, 0, 0, 0, 0, 0, 0, 0, 0, 0, 0, 0, 0, 0, 0, 0, 0, 0, 0, 0, 2, 0, 2, 1, 0, 3, 2, 0, 3, 1, 3, 2, 1, 5, 5, 3, 4, 4, 3, 6, 6, 6, 6, 5, 4, ]
--------------------------------------
coords:
x: 7.000000
y: 7.000000
______________________________________________
Porto 3:
DOMANDE:
0, 
0, 
66, 
57, 
0, 
SUPPLIES:
GIORNO 0: [ 0, 0, 0, 0, 0, ]
GIORNO 1: [ 0, 0, 0, 0, 0, ]
GIORNO 2: [ 0, 0, 0, 0, 0, ]
GIORNO 3: [ 0, 0, 0, 0, 0, ]
GIORNO 4: [ 0, 0, 0, 0, 0, ]
GIORNO 5: [ 0, 0, 0, 0, 0, ]
GIORNO 6: [ 0, 0, 0, 0, 0, ]
GIORNO 7: [ 0, 0, 0, 0, 0, ]
GIORNO 8: [ 0, 0, 0, 0, 0, ]
GIORNO 9: [ 0, 0, 0, 0, 0, ]
GIORNO 10: [ 0, 0, 0, 0, 0, ]
GIORNO 11: [ 0, 0, 0, 0, 0, ]
GIORNO 12: [ 0, 0, 0, 0, 0, ]
GIORNO 13: [ 0, 0, 0, 0, 0, ]
GIORNO 14: [ 0, 0, 0, 0, 0, ]
GIORNO 15: [ 0, 0, 0, 0, 0, ]
GIORNO 16: [ 0, 0, 0, 0, 0, ]
GIORNO 17: [ 0, 0, 0, 0, 0, ]
GIORNO 18: [ 0, 0, 0, 0, 0, ]
GIORNO 19: [ 0, 0, 0, 0, 0, ]
GIORNO 20: [ 0, 0, 0, 0, 0, ]
GIORNO 21: [ 0, 0, 0, 0, 0, ]
GIORNO 22: [ 0, 0, 0, 0, 0, ]
GIORNO 23: [ 0, 0, 0, 0, 0, ]
GIORNO 24: [ 0, 0, 0, 0, 0, ]
GIORNO 25: [ 0, 0, 0, 0, 0, ]
GIORNO 26: [ 0, 0, 0, 0, 0, ]
GIORNO 27: [ 0, 0, 0, 0, 0, ]
GIORNO 28: [ 0, 0, 0, 0, 0, ]
GIORNO 29: [ 0, 0, 0, 0, 0, ]
GIORNO 30: [ 0, 0, 0, 0, 0, ]
GIORNO 31: [ 0, 0, 0, 0, 0, ]
GIORNO 32: [ 0, 0, 0, 0, 0, ]
GIORNO 33: [ 2, 0, 0, 0, 11, ]
GIORNO 34: [ 0, 0, 0, 1, 0, ]
GIORNO 35: [ 2, 2, 0, 4, 10, ]
GIORNO 36: [ 3, 2, 4, 3, 10, ]
GIORNO 37: [ 2, 3, 5, 5, 10, ]
GIORNO 38: [ 2, 2, 1, 3, 8, ]
GIORNO 39: [ 1, 3, 1, 3, 9, ]
EXP TIMES:
[0, 0, 0, 0, 0, 0, 0, 0, 0, 0, 0, 0, 0, 0, 0, 0, 0, 0, 0, 0, 0, 0, 0, 0, 0, 0, 0, 0, 0, 0, 0, 0, 0, 0, 0, 0, 0, 0, 0, 0, 0, 0, 0, 0, 0, 0, 0, 0, 0, 0, 0, 0, 0, 0, 0, 0, 0, 0, 0, 0, 0, 0, 0, 0, 0, 0, 0, 0, 0, 0, 0, 0, 0, 0, 0, 0, 0, 0, 0, 0, 0, 0, 0, 0, 0, 0, 0, 0, 0, 0, 0, 0, 0, 0, 0, 0, 0, 0, 0, 0, 0, 0, 0, 0, 0, 0, 0, 0, 0, 0, 0, 0, 0, 0, 0, 0, 0, 0, 0, 0, 0, 0, 0, 0, 0, 0, 0, 0, 0, 0, 0, 0, 0, 0, 0, 0, 0, 0, 0, 0, 0, 0, 0, 0, 0, 0, 0, 0, 0, 0, 0, 0, 0, 0, 0, 0, 0, 0, 0, 0, 0, 0, 0, 0, 0, 1, 0, 0, 0, 1, 0, 0, 0, 2, 0, 3, 2, 0, 3, 1, 3, 4, 1, 1, 3, 2, 5, 1, 5, 5, 3, 5, 5, 4, 5, 3, 4, 3, 6, 7, ]
--------------------------------------
coords:
x: 0.000000
y: 7.000000
______________________________________________
Porto 4:
DOMANDE:
72, 
175, 
0, 
0, 
0, 
SUPPLIES:
GIORNO 0: [ 0, 0, 0, 0, 0, ]
GIORNO 1: [ 0, 0, 0, 0, 0, ]
GIORNO 2: [ 0, 0, 0, 0, 0, ]
GIORNO 3: [ 0, 0, 0, 0, 0, ]
GIORNO 4: [ 0, 0, 0, 0, 0, ]
GIORNO 5: [ 0, 0, 0, 0, 0, ]
GIORNO 6: [ 0, 0, 0, 0, 0, ]
GIORNO 7: [ 0, 0, 0, 0, 0, ]
GIORNO 8: [ 0, 0, 0, 0, 0, ]
GIORNO 9: [ 0, 0, 0, 0, 0, ]
GIORNO 10: [ 0, 0, 0, 0, 0, ]
GIORNO 11: [ 0, 0, 0, 0, 0, ]
GIORNO 12: [ 0, 0, 0, 0, 0, ]
GIORNO 13: [ 0, 0, 0, 0, 0, ]
GIORNO 14: [ 0, 0, 0, 0, 0, ]
GIORNO 15: [ 0, 0, 0, 0, 0, ]
GIORNO 16: [ 0, 0, 0, 0, 0, ]
GIORNO 17: [ 0, 0, 0, 0, 0, ]
GIORNO 18: [ 0, 0, 0, 0, 0, ]
GIORNO 19: [ 0, 0, 0, 0, 0, ]
GIORNO 20: [ 0, 0, 0, 0, 0, ]
GIORNO 21: [ 0, 0, 0, 0, 0, ]
GIORNO 22: [ 0, 0, 0, 0, 0, ]
GIORNO 23: [ 0, 0, 0, 0, 0, ]
GIORNO 24: [ 0, 0, 0, 0, 0, ]
GIORNO 25: [ 0, 0, 0, 0, 0, ]
GIORNO 26: [ 0, 0, 0, 0, 0, ]
GIORNO 27: [ 0, 0, 0, 0, 0, ]
GIORNO 28: [ 0, 0, 0, 0, 0, ]
GIORNO 29: [ 0, 0, 0, 0, 0, ]
GIORNO 30: [ 0, 0, 0, 0, 0, ]
GIORNO 31: [ 0, 0, 0, 0, 0, ]
GIORNO 32: [ 0, 0, 0, 0, 0, ]
GIORNO 33: [ 0, 3, 0, 0, 0, ]
GIORNO 34: [ 0, 3, 0, 0, 0, ]
GIORNO 35: [ 0, 0, 0, 2, 7, ]
GIORNO 36: [ 2, 0, 0, 0, 8, ]
GIORNO 37: [ 2, 1, 3, 3, 6, ]
GIORNO 38: [ 3, 1, 2, 3, 10, ]
GIORNO 39: [ 4, 4, 2, 4, 11, ]
EXP TIMES:
[0, 0, 0, 0, 0, 0, 0, 0, 0, 0, 0, 0, 0, 0, 0, 0, 0, 0, 0, 0, 0, 0, 0, 0, 0, 0, 0, 0, 0, 0, 0, 0, 0, 0, 0, 0, 0, 0, 0, 0, 0, 0, 0, 0, 0, 0, 0, 0, 0, 0, 0, 0, 0, 0, 0, 0, 0, 0, 0, 0, 0, 0, 0, 0, 0, 0, 0, 0, 0, 0, 0, 0, 0, 0, 0, 0, 0, 0, 0, 0, 0, 0, 0, 0, 0, 0, 0, 0, 0, 0, 0, 0, 0, 0, 0, 0, 0, 0, 0, 0, 0, 0, 0, 0, 0, 0, 0, 0, 0, 0, 0, 0, 0, 0, 0, 0, 0, 0, 0, 0, 0, 0, 0, 0, 0, 0, 0, 0, 0, 0, 0, 0, 0, 0, 0, 0, 0, 0, 0, 0, 0, 0, 0, 0, 0, 0, 0, 0, 0, 0, 0, 0, 0, 0, 0, 0, 0, 0, 0, 0, 0, 0, 0, 0, 0, 0, 1, 0, 0, 0, 0, 1, 0, 0, 0, 0, 0, 0, 3, 3, 2, 0, 0, 0, 2, 4, 4, 4, 2, 2, 6, 4, 5, 5, 5, 3, 4, 3, 3, 4, ]
--------------------------------------
coords:
x: 5.449327
y: 6.259939
______________________________________________
Porto 5:
DOMANDE:
0, 
124, 
0, 
44, 
0, 
SUPPLIES:
GIORNO 0: [ 0, 0, 0, 0, 0, ]
GIORNO 1: [ 0, 0, 0, 0, 0, ]
GIORNO 2: [ 0, 0, 0, 0, 0, ]
GIORNO 3: [ 0, 0, 0, 0, 0, ]
GIORNO 4: [ 0, 0, 0, 0, 0, ]
GIORNO 5: [ 0, 0, 0, 0, 0, ]
GIORNO 6: [ 0, 0, 0, 0, 0, ]
GIORNO 7: [ 0, 0, 0, 0, 0, ]
GIORNO 8: [ 0, 0, 0, 0, 0, ]
GIORNO 9: [ 0, 0, 0, 0, 0, ]
GIORNO 10: [ 0, 0, 0, 0, 0, ]
GIORNO 11: [ 0, 0, 0, 0, 0, ]
GIORNO 12: [ 0, 0, 0, 0, 0, ]
GIORNO 13: [ 0, 0, 0, 0, 0, ]
GIORNO 14: [ 0, 0, 0, 0, 0, ]
GIORNO 15: [ 0, 0, 0, 0, 0, ]
GIORNO 16: [ 0, 0, 0, 0, 0, ]
GIORNO 17: [ 0, 0, 0, 0, 0, ]
GIORNO 18: [ 0, 0, 0, 0, 0, ]
GIORNO 19: [ 0, 0, 0, 0, 0, ]
GIORNO 20: [ 0, 0, 0, 0, 0, ]
GIORNO 21: [ 0, 0, 0, 0, 0, ]
GIORNO 22: [ 0, 0, 0, 0, 0, ]
GIORNO 23: [ 0, 0, 0, 0, 0, ]
GIORNO 24: [ 0, 0, 0, 0, 0, ]
GIORNO 25: [ 0, 0, 0, 0, 0, ]
GIORNO 26: [ 0, 0, 0, 0, 0, ]
GIORNO 27: [ 0, 0, 0, 0, 0, ]
GIORNO 28: [ 0, 0, 0, 0, 0, ]
GIORNO 29: [ 0, 0, 0, 0, 0, ]
GIORNO 30: [ 0, 0, 0, 0, 0, ]
GIORNO 31: [ 0, 0, 0, 0, 0, ]
GIORNO 32: [ 0, 0, 0, 0, 0, ]
GIORNO 33: [ 0, 0, 0, 0, 0, ]
GIORNO 34: [ 0, 2, 4, 4, 6, ]
GIORNO 35: [ 2, 1, 1, 0, 7, ]
GIORNO 36: [ 0, 2, 3, 2, 10, ]
GIORNO 37: [ 3, 1, 3, 3, 6, ]
GIORNO 38: [ 2, 3, 3, 3, 7, ]
GIORNO 39: [ 2, 5, 2, 2, 0, ]
EXP TIMES:
[0, 0, 0, 0, 0, 0, 0, 0, 0, 0, 0, 0, 0, 0, 0, 0, 0, 0, 0, 0, 0, 0, 0, 0, 0, 0, 0, 0, 0, 0, 0, 0, 0, 0, 0, 0, 0, 0, 0, 0, 0, 0, 0, 0, 0, 0, 0, 0, 0, 0, 0, 0, 0, 0, 0, 0, 0, 0, 0, 0, 0, 0, 0, 0, 0, 0, 0, 0, 0, 0, 0, 0, 0, 0, 0, 0, 0, 0, 0, 0, 0, 0, 0, 0, 0, 0, 0, 0, 0, 0, 0, 0, 0, 0, 0, 0, 0, 0, 0, 0, 0, 0, 0, 0, 0, 0, 0, 0, 0, 0, 0, 0, 0, 0, 0, 0, 0, 0, 0, 0, 0, 0, 0, 0, 0, 0, 0, 0, 0, 0, 0, 0, 0, 0, 0, 0, 0, 0, 0, 0, 0, 0, 0, 0, 0, 0, 0, 0, 0, 0, 0, 0, 0, 0, 0, 0, 0, 0, 0, 0, 0, 0, 0, 0, 0, 0, 0, 0, 0, 0, 0, 1, 1, 2, 1, 1, 2, 2, 0, 1, 0, 3, 2, 1, 4, 2, 4, 5, 2, 1, 4, 2, 4, 5, 4, 4, 4, 4, 6, 5, ]
--------------------------------------
coords:
x: 6.413358
y: 5.660061
______________________________________________
Porto 6:
DOMANDE:
0, 
0, 
74, 
0, 
6, 
SUPPLIES:
GIORNO 0: [ 0, 0, 0, 0, 0, ]
GIORNO 1: [ 0, 0, 0, 0, 0, ]
GIORNO 2: [ 0, 0, 0, 0, 0, ]
GIORNO 3: [ 0, 0, 0, 0, 0, ]
GIORNO 4: [ 0, 0, 0, 0, 0, ]
GIORNO 5: [ 0, 0, 0, 0, 0, ]
GIORNO 6: [ 0, 0, 0, 0, 0, ]
GIORNO 7: [ 0, 0, 0, 0, 0, ]
GIORNO 8: [ 0, 0, 0, 0, 0, ]
GIORNO 9: [ 0, 0, 0, 0, 0, ]
GIORNO 10: [ 0, 0, 0, 0, 0, ]
GIORNO 11: [ 0, 0, 0, 0, 0, ]
GIORNO 12: [ 0, 0, 0, 0, 0, ]
GIORNO 13: [ 0, 0, 0, 0, 0, ]
GIORNO 14: [ 0, 0, 0, 0, 0, ]
GIORNO 15: [ 0, 0, 0, 0, 0, ]
GIORNO 16: [ 0, 0, 0, 0, 0, ]
GIORNO 17: [ 0, 0, 0, 0, 0, ]
GIORNO 18: [ 0, 0, 0, 0, 0, ]
GIORNO 19: [ 0, 0, 0, 0, 0, ]
GIORNO 20: [ 0, 0, 0, 0, 0, ]
GIORNO 21: [ 0, 0, 0, 0, 0, ]
GIORNO 22: [ 0, 0, 0, 0, 0, ]
GIORNO 23: [ 0, 0, 0, 0, 0, ]
GIORNO 24: [ 0, 0, 0, 0, 0, ]
GIORNO 25: [ 0, 0, 0, 0, 0, ]
GIORNO 26: [ 0, 0, 0, 0, 0, ]
GIORNO 27: [ 0, 0, 0, 0, 0, ]
GIORNO 28: [ 0, 0, 0, 0, 0, ]
GIORNO 29: [ 0, 0, 0, 0, 0, ]
GIORNO 30: [ 0, 0, 0, 0, 0, ]
GIORNO 31: [ 0, 0, 0, 0, 0, ]
GIORNO 32: [ 0, 0, 0, 0, 0, ]
GIORNO 33: [ 0, 0, 0, 0, 0, ]
GIORNO 34: [ 0, 2, 0, 0, 10, ]
GIORNO 35: [ 2, 0, 2, 0, 0, ]
GIORNO 36: [ 1, 0, 1, 2, 7, ]
GIORNO 37: [ 2, 5, 3, 2, 13, ]
GIORNO 38: [ 2, 3, 2, 2, 7, ]
GIORNO 39: [ 2, 2, 2, 4, 11, ]
EXP TIMES:
[0, 0, 0, 0, 0, 0, 0, 0, 0, 0, 0, 0, 0, 0, 0, 0, 0, 0, 0, 0, 0, 0, 0, 0, 0, 0, 0, 0, 0, 0, 0, 0, 0, 0, 0, 0, 0, 0, 0, 0, 0, 0, 0, 0, 0, 0, 0, 0, 0, 0, 0, 0, 0, 0, 0, 0, 0, 0, 0, 0, 0, 0, 0, 0, 0, 0, 0, 0, 0, 0, 0, 0, 0, 0, 0, 0, 0, 0, 0, 0, 0, 0, 0, 0, 0, 0, 0, 0, 0, 0, 0, 0, 0, 0, 0, 0, 0, 0, 0, 0, 0, 0, 0, 0, 0, 0, 0, 0, 0, 0, 0, 0, 0, 0, 0, 0, 0, 0, 0, 0, 0, 0, 0, 0, 0, 0, 0, 0, 0, 0, 0, 0, 0, 0, 0, 0, 0, 0, 0, 0, 0, 0, 0, 0, 0, 0, 0, 0, 0, 0, 0, 0, 0, 0, 0, 0, 0, 0, 0, 0, 0, 0, 0, 0, 0, 0, 0, 0, 0, 0, 0, 2, 0, 0, 1, 1, 0, 2, 0, 0, 2, 0, 2, 4, 4, 2, 2, 4, 2, 1, 6, 3, 5, 5, 3, 3, 7, 4, 3, 3, ]
--------------------------------------
coords:
x: 4.283528
y: 0.498172
______________________________________________
Porto 7:
DOMANDE:
76, 
121, 
80, 
0, 
0, 
SUPPLIES:
GIORNO 0: [ 0, 0, 0, 0, 0, ]
GIORNO 1: [ 0, 0, 0, 0, 0, ]
GIORNO 2: [ 0, 0, 0, 0, 0, ]
GIORNO 3: [ 0, 0, 0, 0, 0, ]
GIORNO 4: [ 0, 0, 0, 0, 0, ]
GIORNO 5: [ 0, 0, 0, 0, 0, ]
GIORNO 6: [ 0, 0, 0, 0, 0, ]
GIORNO 7: [ 0, 0, 0, 0, 0, ]
GIORNO 8: [ 0, 0, 0, 0, 0, ]
GIORNO 9: [ 0, 0, 0, 0, 0, ]
GIORNO 10: [ 0, 0, 0, 0, 0, ]
GIORNO 11: [ 0, 0, 0, 0, 0, ]
GIORNO 12: [ 0, 0, 0, 0, 0, ]
GIORNO 13: [ 0, 0, 0, 0, 0, ]
GIORNO 14: [ 0, 0, 0, 0, 0, ]
GIORNO 15: [ 0, 0, 0, 0, 0, ]
GIORNO 16: [ 0, 0, 0, 0, 0, ]
GIORNO 17: [ 0, 0, 0, 0, 0, ]
GIORNO 18: [ 0, 0, 0, 0, 0, ]
GIORNO 19: [ 0, 0, 0, 0, 0, ]
GIORNO 20: [ 0, 0, 0, 0, 0, ]
GIORNO 21: [ 0, 0, 0, 0, 0, ]
GIORNO 22: [ 0, 0, 0, 0, 0, ]
GIORNO 23: [ 0, 0, 0, 0, 0, ]
GIORNO 24: [ 0, 0, 0, 0, 0, ]
GIORNO 25: [ 0, 0, 0, 0, 0, ]
GIORNO 26: [ 0, 0, 0, 0, 0, ]
GIORNO 27: [ 0, 0, 0, 0, 0, ]
GIORNO 28: [ 0, 0, 0, 0, 0, ]
GIORNO 29: [ 0, 0, 0, 0, 0, ]
GIORNO 30: [ 0, 0, 0, 0, 0, ]
GIORNO 31: [ 0, 0, 0, 0, 0, ]
GIORNO 32: [ 0, 0, 0, 0, 0, ]
GIORNO 33: [ 0, 0, 2, 0, 0, ]
GIORNO 34: [ 4, 0, 0, 3, 9, ]
GIORNO 35: [ 0, 1, 0, 1, 9, ]
GIORNO 36: [ 3, 2, 3, 4, 11, ]
GIORNO 37: [ 1, 1, 1, 1, 9, ]
GIORNO 38: [ 1, 1, 2, 2, 6, ]
GIORNO 39: [ 3, 4, 4, 2, 8, ]
EXP TIMES:
[0, 0, 0, 0, 0, 0, 0, 0, 0, 0, 0, 0, 0, 0, 0, 0, 0, 0, 0, 0, 0, 0, 0, 0, 0, 0, 0, 0, 0, 0, 0, 0, 0, 0, 0, 0, 0, 0, 0, 0, 0, 0, 0, 0, 0, 0, 0, 0, 0, 0, 0, 0, 0, 0, 0, 0, 0, 0, 0, 0, 0, 0, 0, 0, 0, 0, 0, 0, 0, 0, 0, 0, 0, 0, 0, 0, 0, 0, 0, 0, 0, 0, 0, 0, 0, 0, 0, 0, 0, 0, 0, 0, 0, 0, 0, 0, 0, 0, 0, 0, 0, 0, 0, 0, 0, 0, 0, 0, 0, 0, 0, 0, 0, 0, 0, 0, 0, 0, 0, 0, 0, 0, 0, 0, 0, 0, 0, 0, 0, 0, 0, 0, 0, 0, 0, 0, 0, 0, 0, 0, 0, 0, 0, 0, 0, 0, 0, 0, 0, 0, 0, 0, 0, 0, 0, 0, 0, 0, 0, 0, 0, 0, 0, 0, 0, 0, 0, 1, 0, 0, 1, 0, 0, 1, 2, 0, 1, 0, 1, 1, 4, 1, 4, 2, 1, 5, 5, 3, 5, 2, 2, 6, 2, 2, 2, 7, 5, 4, 7, 7, ]
--------------------------------------
coords:
x: 4.479372
y: 4.967244
______________________________________________
Porto 8:
DOMANDE:
87, 
0, 
65, 
52, 
0, 
SUPPLIES:
GIORNO 0: [ 0, 0, 0, 0, 0, ]
GIORNO 1: [ 0, 0, 0, 0, 0, ]
GIORNO 2: [ 0, 0, 0, 0, 0, ]
GIORNO 3: [ 0, 0, 0, 0, 0, ]
GIORNO 4: [ 0, 0, 0, 0, 0, ]
GIORNO 5: [ 0, 0, 0, 0, 0, ]
GIORNO 6: [ 0, 0, 0, 0, 0, ]
GIORNO 7: [ 0, 0, 0, 0, 0, ]
GIORNO 8: [ 0, 0, 0, 0, 0, ]
GIORNO 9: [ 0, 0, 0, 0, 0, ]
GIORNO 10: [ 0, 0, 0, 0, 0, ]
GIORNO 11: [ 0, 0, 0, 0, 0, ]
GIORNO 12: [ 0, 0, 0, 0, 0, ]
GIORNO 13: [ 0, 0, 0, 0, 0, ]
GIORNO 14: [ 0, 0, 0, 0, 0, ]
GIORNO 15: [ 0, 0, 0, 0, 0, ]
GIORNO 16: [ 0, 0, 0, 0, 0, ]
GIORNO 17: [ 0, 0, 0, 0, 0, ]
GIORNO 18: [ 0, 0, 0, 0, 0, ]
GIORNO 19: [ 0, 0, 0, 0, 0, ]
GIORNO 20: [ 0, 0, 0, 0, 0, ]
GIORNO 21: [ 0, 0, 0, 0, 0, ]
GIORNO 22: [ 0, 0, 0, 0, 0, ]
GIORNO 23: [ 0, 0, 0, 0, 0, ]
GIORNO 24: [ 0, 0, 0, 0, 0, ]
GIORNO 25: [ 0, 0, 0, 0, 0, ]
GIORNO 26: [ 0, 0, 0, 0, 0, ]
GIORNO 27: [ 0, 0, 0, 0, 0, ]
GIORNO 28: [ 0, 0, 0, 0, 0, ]
GIORNO 29: [ 0, 0, 0, 0, 0, ]
GIORNO 30: [ 0, 0, 0, 0, 0, ]
GIORNO 31: [ 0, 0, 0, 0, 0, ]
GIORNO 32: [ 0, 0, 0, 0, 0, ]
GIORNO 33: [ 4, 0, 0, 0, 0, ]
GIORNO 34: [ 1, 2, 0, 0, 0, ]
GIORNO 35: [ 1, 0, 1, 0, 0, ]
GIORNO 36: [ 0, 1, 2, 2, 0, ]
GIORNO 37: [ 1, 2, 2, 2, 6, ]
GIORNO 38: [ 4, 4, 3, 4, 6, ]
GIORNO 39: [ 5, 5, 5, 2, 8, ]
EXP TIMES:
[0, 0, 0, 0, 0, 0, 0, 0, 0, 0, 0, 0, 0, 0, 0, 0, 0, 0, 0, 0, 0, 0, 0, 0, 0, 0, 0, 0, 0, 0, 0, 0, 0, 0, 0, 0, 0, 0, 0, 0, 0, 0, 0, 0, 0, 0, 0, 0, 0, 0, 0, 0, 0, 0, 0, 0, 0, 0, 0, 0, 0, 0, 0, 0, 0, 0, 0, 0, 0, 0, 0, 0, 0, 0, 0, 0, 0, 0, 0, 0, 0, 0, 0, 0, 0, 0, 0, 0, 0, 0, 0, 0, 0, 0, 0, 0, 0, 0, 0, 0, 0, 0, 0, 0, 0, 0, 0, 0, 0, 0, 0, 0, 0, 0, 0, 0, 0, 0, 0, 0, 0, 0, 0, 0, 0, 0, 0, 0, 0, 0, 0, 0, 0, 0, 0, 0, 0, 0, 0, 0, 0, 0, 0, 0, 0, 0, 0, 0, 0, 0, 0, 0, 0, 0, 0, 0, 0, 0, 0, 0, 0, 0, 0, 0, 0, 1, 0, 0, 0, 0, 2, 2, 0, 0, 0, 3, 0, 1, 0, 0, 0, 1, 4, 2, 0, 1, 2, 5, 2, 2, 4, 5, 6, 5, 2, 4, 7, 3, 6, 7, ]
--------------------------------------
coords:
x: 3.188213
y: 1.105564
______________________________________________
Porto 9:
DOMANDE:
0, 
460, 
0, 
0, 
0, 
SUPPLIES:
GIORNO 0: [ 0, 0, 0, 0, 0, ]
GIORNO 1: [ 0, 0, 0, 0, 0, ]
GIORNO 2: [ 0, 0, 0, 0, 0, ]
GIORNO 3: [ 0, 0, 0, 0, 0, ]
GIORNO 4: [ 0, 0, 0, 0, 0, ]
GIORNO 5: [ 0, 0, 0, 0, 0, ]
GIORNO 6: [ 0, 0, 0, 0, 0, ]
GIORNO 7: [ 0, 0, 0, 0, 0, ]
GIORNO 8: [ 0, 0, 0, 0, 0, ]
GIORNO 9: [ 0, 0, 0, 0, 0, ]
GIORNO 10: [ 0, 0, 0, 0, 0, ]
GIORNO 11: [ 0, 0, 0, 0, 0, ]
GIORNO 12: [ 0, 0, 0, 0, 0, ]
GIORNO 13: [ 0, 0, 0, 0, 0, ]
GIORNO 14: [ 0, 0, 0, 0, 0, ]
GIORNO 15: [ 0, 0, 0, 0, 0, ]
GIORNO 16: [ 0, 0, 0, 0, 0, ]
GIORNO 17: [ 0, 0, 0, 0, 0, ]
GIORNO 18: [ 0, 0, 0, 0, 0, ]
GIORNO 19: [ 0, 0, 0, 0, 0, ]
GIORNO 20: [ 0, 0, 0, 0, 0, ]
GIORNO 21: [ 0, 0, 0, 0, 0, ]
GIORNO 22: [ 0, 0, 0, 0, 0, ]
GIORNO 23: [ 0, 0, 0, 0, 0, ]
GIORNO 24: [ 0, 0, 0, 0, 0, ]
GIORNO 25: [ 0, 0, 0, 0, 0, ]
GIORNO 26: [ 0, 0, 0, 0, 0, ]
GIORNO 27: [ 0, 0, 0, 0, 0, ]
GIORNO 28: [ 0, 0, 0, 0, 0, ]
GIORNO 29: [ 0, 0, 0, 0, 0, ]
GIORNO 30: [ 0, 0, 0, 0, 0, ]
GIORNO 31: [ 0, 0, 0, 0, 0, ]
GIORNO 32: [ 0, 0, 0, 0, 0, ]
GIORNO 33: [ 0, 0, 10, 0, 0, ]
GIORNO 34: [ 0, 16, 0, 0, 0, ]
GIORNO 35: [ 0, 0, 8, 0, 0, ]
GIORNO 36: [ 10, 10, 0, 0, 0, ]
GIORNO 37: [ 0, 17, 11, 8, 0, ]
GIORNO 38: [ 10, 10, 8, 0, 0, ]
GIORNO 39: [ 7, 5, 9, 5, 0, ]
EXP TIMES:
[0, 0, 0, 0, 0, 0, 0, 0, 0, 0, 0, 0, 0, 0, 0, 0, 0, 0, 0, 0, 0, 0, 0, 0, 0, 0, 0, 0, 0, 0, 0, 0, 0, 0, 0, 0, 0, 0, 0, 0, 0, 0, 0, 0, 0, 0, 0, 0, 0, 0, 0, 0, 0, 0, 0, 0, 0, 0, 0, 0, 0, 0, 0, 0, 0, 0, 0, 0, 0, 0, 0, 0, 0, 0, 0, 0, 0, 0, 0, 0, 0, 0, 0, 0, 0, 0, 0, 0, 0, 0, 0, 0, 0, 0, 0, 0, 0, 0, 0, 0, 0, 0, 0, 0, 0, 0, 0, 0, 0, 0, 0, 0, 0, 0, 0, 0, 0, 0, 0, 0, 0, 0, 0, 0, 0, 0, 0, 0, 0, 0, 0, 0, 0, 0, 0, 0, 0, 0, 0, 0, 0, 0, 0, 0, 0, 0, 0, 0, 0, 0, 0, 0, 0, 0, 0, 0, 0, 0, 0, 0, 0, 0, 0, 0, 0, 0, 0, 1, 0, 0, 2, 2, 1, 2, 0, 2, 0, 3, 1, 3, 2, 3, 0, 1, 1, 4, 1, 4, 2, 4, 2, 3, 3, 6, 4, 4, 3, 6, 5, 7, ]
--------------------------------------
coords:
x: 1.427419
y: 0.848777
______________________________________________
TOTALE MERCE: 10000 <==> SO_FILL: 10000
✅