[3]Nave: config finita, aspetto ok partenza dal master
[1]Nave: config finita, aspetto ok partenza dal master
[11]Nave: config finita, aspetto ok partenza dal master
[9]Nave: config finita, aspetto ok partenza dal master
[7]Nave: config finita, aspetto ok partenza dal master
[4]Nave: config finita, aspetto ok partenza dal master
[13]Nave: config finita, aspetto ok partenza dal master
[6]Nave: config finita, aspetto ok partenza dal master
[8]Nave: config finita, aspetto ok partenza dal master
[5]Nave: config finita, aspetto ok partenza dal master
[12]Nave: config finita, aspetto ok partenza dal master
[2]Nave: config finita, aspetto ok partenza dal master
[0]Nave: config finita, aspetto ok partenza dal master
[10]Nave: config finita, aspetto ok partenza dal master
[16]Nave: config finita, aspetto ok partenza dal master
[14]Nave: config finita, aspetto ok partenza dal master
[18]Nave: config finita, aspetto ok partenza dal master
[15]Nave: config finita, aspetto ok partenza dal master
[22]Nave: config finita, aspetto ok partenza dal master
[21]Nave: config finita, aspetto ok partenza dal master
[20]Nave: config finita, aspetto ok partenza dal master
[25]Nave: config finita, aspetto ok partenza dal master
[19]Nave: config finita, aspetto ok partenza dal master
[17]Nave: config finita, aspetto ok partenza dal master
[26]Nave: config finita, aspetto ok partenza dal master
[24]Nave: config finita, aspetto ok partenza dal master
[23]Nave: config finita, aspetto ok partenza dal master
[27]Nave: config finita, aspetto ok partenza dal master
[28]Nave: config finita, aspetto ok partenza dal master
[30]Nave: config finita, aspetto ok partenza dal master
[29]Nave: config finita, aspetto ok partenza dal master
[32]Nave: config finita, aspetto ok partenza dal master
[33]Nave: config finita, aspetto ok partenza dal master
[31]Nave: config finita, aspetto ok partenza dal master
[34]Nave: config finita, aspetto ok partenza dal master
[35]Nave: config finita, aspetto ok partenza dal master
[36]Nave: config finita, aspetto ok partenza dal master
[39]Nave: config finita, aspetto ok partenza dal master
[38]Nave: config finita, aspetto ok partenza dal master
[37]Nave: config finita, aspetto ok partenza dal master
[5]Nave: partita...
[4]Nave: partita...
[17]Nave: partita...
[25]Nave: partita...
[32]Nave: partita...
[7]Nave: partita...
[31]Nave: partita...
[35]Nave: partita...
[33]Nave: partita...
[26]Nave: partita...
[0]Nave: partita...
[38]Nave: partita...
[15]Nave: partita...
[29]Nave: partita...
[34]Nave: partita...
[16]Nave: partita...
[13]Nave: partita...
[21]Nave: partita...
[27]Nave: partita...
[28]Nave: partita...
[8]Nave: partita...
[23]Nave: partita...
[24]Nave: partita...
[30]Nave: partita...
[6]Nave: partita...
[36]Nave: partita...
[10]Nave: partita...
[22]Nave: partita...
[39]Nave: partita...
[20]Nave: partita...
[12]Nave: partita...
[2]Nave: partita...
[18]Nave: partita...
[14]Nave: partita...
[11]Nave: partita...
[1]Nave: partita...
[19]Nave: partita...
[21]Nave: sto per fare CHOOSE QUANTITY

[23]Nave: sto per fare CHOOSE QUANTITY

[9]Nave: partita...
[37]Nave: partita...
[15]Nave: sto per fare CHOOSE QUANTITY

[33]Nave: sto per fare CHOOSE QUANTITY

[8]Nave: sto per fare CHOOSE QUANTITY

[0]Nave: sto per fare CHOOSE QUANTITY

[3]Nave: partita...
[6]Nave: sto per fare CHOOSE QUANTITY

[38]Nave: sto per fare CHOOSE QUANTITY

[18]Nave: sto per fare CHOOSE QUANTITY

[36]Nave: sto per fare CHOOSE QUANTITY

[10]Nave: sto per fare CHOOSE QUANTITY

[7]Nave: sto per fare CHOOSE QUANTITY

[29]Nave: sto per fare CHOOSE QUANTITY

[25]Nave: sto per fare CHOOSE QUANTITY

[17]Nave: sto per fare CHOOSE QUANTITY

[5]Nave: sto per fare CHOOSE QUANTITY

[35]Nave: sto per fare CHOOSE QUANTITY

[26]Nave: sto per fare CHOOSE QUANTITY

[27]Nave: sto per fare CHOOSE QUANTITY

[13]Nave: sto per fare CHOOSE QUANTITY

[11]Nave: sto per fare CHOOSE QUANTITY

[12]Nave: sto per fare CHOOSE QUANTITY

[2]Nave: sto per fare CHOOSE QUANTITY

[22]Nave: sto per fare CHOOSE QUANTITY

[16]Nave: sto per fare CHOOSE QUANTITY

[24]Nave: sto per fare CHOOSE QUANTITY

[39]Nave: sto per fare CHOOSE QUANTITY

[9]Nave: sto per fare CHOOSE QUANTITY

[30]Nave: sto per fare CHOOSE QUANTITY

[1]Nave: sto per fare CHOOSE QUANTITY

[34]Nave: sto per fare CHOOSE QUANTITY

[20]Nave: sto per fare CHOOSE QUANTITY

[14]Nave: sto per fare CHOOSE QUANTITY

[32]Nave: sto per fare CHOOSE QUANTITY

[3]Nave: sto per fare CHOOSE QUANTITY

[31]Nave: sto per fare CHOOSE QUANTITY

[19]Nave: sto per fare CHOOSE QUANTITY

[28]Nave: sto per fare CHOOSE QUANTITY

[4]Nave: sto per fare CHOOSE QUANTITY

[37]Nave: sto per fare CHOOSE QUANTITY

[0]Nave: cap = max

[0]Nave: BEST QUANTITY: 96
[34]Nave: cap = max

[34]Nave: BEST QUANTITY: 96
[38]Nave: cap = max

[38]Nave: BEST QUANTITY: 96
[14]Nave: cap = max

[14]Nave: BEST QUANTITY: 96
[24]Nave: cap = max

[24]Nave: BEST QUANTITY: 96
[2]Nave: cap = max

[2]Nave: BEST QUANTITY: 96
[17]Nave: cap = max

[17]Nave: BEST QUANTITY: 96
[0]Nave: controllo se ha senso continuare

[0]Nave: prima di removeExpiredGoodsOnShip
[0]: Nave
coords: [x:0.000078, y:1.315378]
ton trasportati:0
valore di storm: 0
carico trasportato:
[  ]
______________________________________________
[0]Nave: dopo di removeExpiredGoodsOnShip
[0]: Nave
coords: [x:0.000078, y:1.315378]
ton trasportati:0
valore di storm: 0
carico trasportato:
[  ]
______________________________________________
[9]Nave: cap = max

[9]Nave: BEST QUANTITY: 96
[19]Nave: cap = max

[19]Nave: BEST QUANTITY: 96
[26]Nave: cap = max

[26]Nave: BEST QUANTITY: 96
[25]Nave: cap = max

[25]Nave: BEST QUANTITY: 96
[38]Nave: controllo se ha senso continuare

[38]Nave: prima di removeExpiredGoodsOnShip
[38]: Nave
coords: [x:0.000078, y:1.315378]
ton trasportati:0
valore di storm: 0
carico trasportato:
[  ]
______________________________________________
[38]Nave: dopo di removeExpiredGoodsOnShip
[38]: Nave
coords: [x:0.000078, y:1.315378]
ton trasportati:0
valore di storm: 0
carico trasportato:
[  ]
______________________________________________
[32]Nave: cap = max

[32]Nave: BEST QUANTITY: 96
[34]Nave: controllo se ha senso continuare

[34]Nave: prima di removeExpiredGoodsOnShip
[34]: Nave
coords: [x:0.000078, y:1.315378]
ton trasportati:0
valore di storm: 0
carico trasportato:
[  ]
______________________________________________
[34]Nave: dopo di removeExpiredGoodsOnShip
[34]: Nave
coords: [x:0.000078, y:1.315378]
ton trasportati:0
valore di storm: 0
carico trasportato:
[  ]
______________________________________________
[9]Nave: controllo se ha senso continuare

[9]Nave: prima di removeExpiredGoodsOnShip
[9]: Nave
coords: [x:0.000078, y:1.315378]
ton trasportati:0
valore di storm: 0
carico trasportato:
[  ]
______________________________________________
[9]Nave: dopo di removeExpiredGoodsOnShip
[9]: Nave
coords: [x:0.000078, y:1.315378]
ton trasportati:0
valore di storm: 0
carico trasportato:
[  ]
______________________________________________
[2]Nave: controllo se ha senso continuare

[2]Nave: prima di removeExpiredGoodsOnShip
[2]: Nave
coords: [x:0.000078, y:1.315378]
ton trasportati:0
valore di storm: 0
carico trasportato:
[  ]
______________________________________________
[2]Nave: dopo di removeExpiredGoodsOnShip
[2]: Nave
coords: [x:0.000078, y:1.315378]
ton trasportati:0
valore di storm: 0
carico trasportato:
[  ]
______________________________________________
[18]Nave: cap = max

[18]Nave: BEST QUANTITY: 96
[6]Nave: cap = max

[6]Nave: BEST QUANTITY: 96
[12]Nave: cap = max

[20]Nave: cap = max

[20]Nave: BEST QUANTITY: 96
[26]Nave: controllo se ha senso continuare

[26]Nave: prima di removeExpiredGoodsOnShip
[26]: Nave
coords: [x:0.000078, y:1.315378]
ton trasportati:0
valore di storm: 0
carico trasportato:
[  ]
______________________________________________
[26]Nave: dopo di removeExpiredGoodsOnShip
[26]: Nave
coords: [x:0.000078, y:1.315378]
ton trasportati:0
valore di storm: 0
carico trasportato:
[  ]
______________________________________________
[36]Nave: cap = max

[36]Nave: BEST QUANTITY: 96
[23]Nave: cap = max

[23]Nave: BEST QUANTITY: 96
[12]Nave: BEST QUANTITY: 96
[35]Nave: cap = max

[35]Nave: BEST QUANTITY: 96
[29]Nave: cap = max

[29]Nave: BEST QUANTITY: 96
[39]Nave: cap = max

[39]Nave: BEST QUANTITY: 96
[11]Nave: cap = max

[11]Nave: BEST QUANTITY: 96
[18]Nave: controllo se ha senso continuare

[18]Nave: prima di removeExpiredGoodsOnShip
[18]: Nave
coords: [x:0.000078, y:1.315378]
ton trasportati:0
valore di storm: 0
carico trasportato:
[  ]
______________________________________________
[18]Nave: dopo di removeExpiredGoodsOnShip
[18]: Nave
coords: [x:0.000078, y:1.315378]
ton trasportati:0
valore di storm: 0
carico trasportato:
[  ]
______________________________________________
[6]Nave: controllo se ha senso continuare

[6]Nave: prima di removeExpiredGoodsOnShip
[6]: Nave
coords: [x:0.000078, y:1.315378]
ton trasportati:0
valore di storm: 0
carico trasportato:
[  ]
______________________________________________
[6]Nave: dopo di removeExpiredGoodsOnShip
[6]: Nave
coords: [x:0.000078, y:1.315378]
ton trasportati:0
valore di storm: 0
carico trasportato:
[  ]
______________________________________________
[12]Nave: controllo se ha senso continuare

[36]Nave: controllo se ha senso continuare

[15]Nave: cap = max

[12]Nave: prima di removeExpiredGoodsOnShip
[4]Nave: cap = max

[20]Nave: controllo se ha senso continuare

[12]: Nave
coords: [x:0.000078, y:1.315378]
ton trasportati:0
valore di storm: 0
carico trasportato:
[  ]
______________________________________________
[1]Nave: cap = max

[4]Nave: BEST QUANTITY: 96
[12]Nave: dopo di removeExpiredGoodsOnShip
[1]Nave: BEST QUANTITY: 96
[35]Nave: controllo se ha senso continuare

[36]Nave: prima di removeExpiredGoodsOnShip
[12]: Nave
coords: [x:0.000078, y:1.315378]
ton trasportati:0
valore di storm: 0
carico trasportato:
[  ]
______________________________________________
[35]Nave: prima di removeExpiredGoodsOnShip
[15]Nave: BEST QUANTITY: 96
[35]: Nave
coords: [x:0.000078, y:1.315378]
ton trasportati:0
valore di storm: 0
carico trasportato:
[  ]
______________________________________________
[35]Nave: dopo di removeExpiredGoodsOnShip
[20]Nave: prima di removeExpiredGoodsOnShip
[35]: Nave
coords: [x:0.000078, y:1.315378]
ton trasportati:0
valore di storm: 0
carico trasportato:
[  ]
______________________________________________
[36]: Nave
coords: [x:0.000078, y:1.315378]
ton trasportati:0
valore di storm: 0
carico trasportato:
[  ]
______________________________________________
[36]Nave: dopo di removeExpiredGoodsOnShip
[36]: Nave
coords: [x:0.000078, y:1.315378]
ton trasportati:0
valore di storm: 0
carico trasportato:
[  ]
______________________________________________
[23]Nave: controllo se ha senso continuare

[29]Nave: controllo se ha senso continuare

[39]Nave: controllo se ha senso continuare

[20]: Nave
coords: [x:0.000078, y:1.315378]
ton trasportati:0
valore di storm: 0
carico trasportato:
[  ]
______________________________________________
[29]Nave: prima di removeExpiredGoodsOnShip
[23]Nave: prima di removeExpiredGoodsOnShip
[39]Nave: prima di removeExpiredGoodsOnShip
[29]: Nave
coords: [x:0.000078, y:1.315378]
ton trasportati:0
valore di storm: 0
carico trasportato:
[  ]
______________________________________________
[20]Nave: dopo di removeExpiredGoodsOnShip
[29]Nave: dopo di removeExpiredGoodsOnShip
[23]: Nave
coords: [x:0.000078, y:1.315378]
ton trasportati:0
valore di storm: 0
carico trasportato:
[  ]
______________________________________________
[39]: Nave
coords: [x:0.000078, y:1.315378]
ton trasportati:0
valore di storm: 0
carico trasportato:
[  ]
______________________________________________
[39]Nave: dopo di removeExpiredGoodsOnShip
[39]: Nave
coords: [x:0.000078, y:1.315378]
ton trasportati:0
valore di storm: 0
carico trasportato:
[  ]
______________________________________________
[23]Nave: dopo di removeExpiredGoodsOnShip
[23]: Nave
coords: [x:0.000078, y:1.315378]
ton trasportati:0
valore di storm: 0
carico trasportato:
[  ]
______________________________________________
[29]: Nave
coords: [x:0.000078, y:1.315378]
ton trasportati:0
valore di storm: 0
carico trasportato:
[  ]
______________________________________________
[20]: Nave
coords: [x:0.000078, y:1.315378]
ton trasportati:0
valore di storm: 0
carico trasportato:
[  ]
______________________________________________
[11]Nave: controllo se ha senso continuare

[24]Nave: controllo se ha senso continuare

[13]Nave: cap = max

[13]Nave: BEST QUANTITY: 96
[11]Nave: prima di removeExpiredGoodsOnShip
[11]: Nave
coords: [x:0.000078, y:1.315378]
ton trasportati:0
valore di storm: 0
carico trasportato:
[  ]
______________________________________________
[11]Nave: dopo di removeExpiredGoodsOnShip
[24]Nave: prima di removeExpiredGoodsOnShip
[11]: Nave
coords: [x:0.000078, y:1.315378]
ton trasportati:0
valore di storm: 0
carico trasportato:
[  ]
______________________________________________
[24]: Nave
coords: [x:0.000078, y:1.315378]
ton trasportati:0
valore di storm: 0
carico trasportato:
[  ]
______________________________________________
[24]Nave: dopo di removeExpiredGoodsOnShip
[24]: Nave
coords: [x:0.000078, y:1.315378]
ton trasportati:0
valore di storm: 0
carico trasportato:
[  ]
______________________________________________
[8]Nave: cap = max

[8]Nave: BEST QUANTITY: 96
[15]Nave: controllo se ha senso continuare

[14]Nave: controllo se ha senso continuare

[15]Nave: prima di removeExpiredGoodsOnShip
[15]: Nave
coords: [x:0.000078, y:1.315378]
ton trasportati:0
valore di storm: 0
carico trasportato:
[  ]
______________________________________________
[15]Nave: dopo di removeExpiredGoodsOnShip
[15]: Nave
coords: [x:0.000078, y:1.315378]
ton trasportati:0
valore di storm: 0
carico trasportato:
[  ]
______________________________________________
[10]Nave: cap = max

[10]Nave: BEST QUANTITY: 96
[17]Nave: controllo se ha senso continuare

[17]Nave: prima di removeExpiredGoodsOnShip
[17]: Nave
coords: [x:0.000078, y:1.315378]
ton trasportati:0
valore di storm: 0
carico trasportato:
[  ]
______________________________________________
[17]Nave: dopo di removeExpiredGoodsOnShip
[4]Nave: controllo se ha senso continuare

[33]Nave: cap = max

[33]Nave: BEST QUANTITY: 96
[4]Nave: prima di removeExpiredGoodsOnShip
[1]Nave: controllo se ha senso continuare

[1]Nave: prima di removeExpiredGoodsOnShip
[21]Nave: cap = max

[31]Nave: cap = max

[21]Nave: BEST QUANTITY: 96
[31]Nave: BEST QUANTITY: 96
[5]Nave: cap = max

[5]Nave: BEST QUANTITY: 96
[17]: Nave
coords: [x:0.000078, y:1.315378]
ton trasportati:0
valore di storm: 0
carico trasportato:
[  ]
______________________________________________
[4]: Nave
coords: [x:0.000078, y:1.315378]
ton trasportati:0
valore di storm: 0
carico trasportato:
[  ]
______________________________________________
[4]Nave: dopo di removeExpiredGoodsOnShip
[1]: Nave
coords: [x:0.000078, y:1.315378]
ton trasportati:0
valore di storm: 0
carico trasportato:
[  ]
______________________________________________
[1]Nave: dopo di removeExpiredGoodsOnShip
[1]: Nave
coords: [x:0.000078, y:1.315378]
ton trasportati:0
valore di storm: 0
carico trasportato:
[  ]
______________________________________________
[4]: Nave
coords: [x:0.000078, y:1.315378]
ton trasportati:0
valore di storm: 0
carico trasportato:
[  ]
______________________________________________
[16]Nave: cap = max

[16]Nave: BEST QUANTITY: 96
[7]Nave: cap = max

[7]Nave: BEST QUANTITY: 96
[27]Nave: cap = max

[27]Nave: BEST QUANTITY: 96
[22]Nave: cap = max

[22]Nave: BEST QUANTITY: 96
[13]Nave: controllo se ha senso continuare

[13]Nave: prima di removeExpiredGoodsOnShip
[25]Nave: controllo se ha senso continuare

[25]Nave: prima di removeExpiredGoodsOnShip
[25]: Nave
coords: [x:0.000078, y:1.315378]
ton trasportati:0
valore di storm: 0
carico trasportato:
[  ]
______________________________________________
[32]Nave: controllo se ha senso continuare

[25]Nave: dopo di removeExpiredGoodsOnShip
[32]Nave: prima di removeExpiredGoodsOnShip
[32]: Nave
coords: [x:0.000078, y:1.315378]
ton trasportati:0
valore di storm: 0
carico trasportato:
[  ]
______________________________________________
[32]Nave: dopo di removeExpiredGoodsOnShip
[32]: Nave
coords: [x:0.000078, y:1.315378]
ton trasportati:0
valore di storm: 0
carico trasportato:
[  ]
______________________________________________
[13]: Nave
coords: [x:0.000078, y:1.315378]
ton trasportati:0
valore di storm: 0
carico trasportato:
[  ]
______________________________________________
[25]: Nave
coords: [x:0.000078, y:1.315378]
ton trasportati:0
valore di storm: 0
carico trasportato:
[  ]
______________________________________________
[13]Nave: dopo di removeExpiredGoodsOnShip
[13]: Nave
coords: [x:0.000078, y:1.315378]
ton trasportati:0
valore di storm: 0
carico trasportato:
[  ]
______________________________________________
[8]Nave: controllo se ha senso continuare

[10]Nave: controllo se ha senso continuare

[8]Nave: prima di removeExpiredGoodsOnShip
[10]Nave: prima di removeExpiredGoodsOnShip
[8]: Nave
coords: [x:0.000078, y:1.315378]
ton trasportati:0
valore di storm: 0
carico trasportato:
[  ]
______________________________________________
[8]Nave: dopo di removeExpiredGoodsOnShip
[8]: Nave
coords: [x:0.000078, y:1.315378]
ton trasportati:0
valore di storm: 0
carico trasportato:
[  ]
______________________________________________
[10]: Nave
coords: [x:0.000078, y:1.315378]
ton trasportati:0
valore di storm: 0
carico trasportato:
[  ]
______________________________________________
[10]Nave: dopo di removeExpiredGoodsOnShip
[5]Nave: controllo se ha senso continuare

[10]: Nave
coords: [x:0.000078, y:1.315378]
ton trasportati:0
valore di storm: 0
carico trasportato:
[  ]
______________________________________________
[21]Nave: controllo se ha senso continuare

[21]Nave: prima di removeExpiredGoodsOnShip
[3]Nave: cap = max

[5]Nave: prima di removeExpiredGoodsOnShip
[21]: Nave
coords: [x:0.000078, y:1.315378]
ton trasportati:0
valore di storm: 0
carico trasportato:
[  ]
______________________________________________
[3]Nave: BEST QUANTITY: 96
[21]Nave: dopo di removeExpiredGoodsOnShip
[33]Nave: controllo se ha senso continuare

[5]: Nave
coords: [x:0.000078, y:1.315378]
ton trasportati:0
valore di storm: 0
carico trasportato:
[  ]
______________________________________________
[5]Nave: dopo di removeExpiredGoodsOnShip
[33]Nave: prima di removeExpiredGoodsOnShip
[37]Nave: cap = max

[37]Nave: BEST QUANTITY: 96
[5]: Nave
coords: [x:0.000078, y:1.315378]
ton trasportati:0
valore di storm: 0
carico trasportato:
[  ]
______________________________________________
[31]Nave: controllo se ha senso continuare

[21]: Nave
coords: [x:0.000078, y:1.315378]
ton trasportati:0
valore di storm: 0
carico trasportato:
[  ]
______________________________________________
[31]Nave: prima di removeExpiredGoodsOnShip
[33]: Nave
coords: [x:0.000078, y:1.315378]
ton trasportati:0
valore di storm: 0
carico trasportato:
[  ]
______________________________________________
[33]Nave: dopo di removeExpiredGoodsOnShip
[31]: Nave
coords: [x:0.000078, y:1.315378]
ton trasportati:0
valore di storm: 0
carico trasportato:
[  ]
______________________________________________
[31]Nave: dopo di removeExpiredGoodsOnShip
[31]: Nave
coords: [x:0.000078, y:1.315378]
ton trasportati:0
valore di storm: 0
carico trasportato:
[  ]
______________________________________________
[28]Nave: cap = max

[14]Nave: prima di removeExpiredGoodsOnShip
[28]Nave: BEST QUANTITY: 96
[33]: Nave
coords: [x:0.000078, y:1.315378]
ton trasportati:0
valore di storm: 0
carico trasportato:
[  ]
______________________________________________
[14]: Nave
coords: [x:0.000078, y:1.315378]
ton trasportati:0
valore di storm: 0
carico trasportato:
[  ]
______________________________________________
[14]Nave: dopo di removeExpiredGoodsOnShip
[14]: Nave
coords: [x:0.000078, y:1.315378]
ton trasportati:0
valore di storm: 0
carico trasportato:
[  ]
______________________________________________
[30]Nave: cap = max

[30]Nave: BEST QUANTITY: 96
[19]Nave: controllo se ha senso continuare

[19]Nave: prima di removeExpiredGoodsOnShip
[19]: Nave
coords: [x:0.000078, y:1.315378]
ton trasportati:0
valore di storm: 0
carico trasportato:
[  ]
______________________________________________
[7]Nave: controllo se ha senso continuare

[19]Nave: dopo di removeExpiredGoodsOnShip
[7]Nave: prima di removeExpiredGoodsOnShip
[19]: Nave
coords: [x:0.000078, y:1.315378]
ton trasportati:0
valore di storm: 0
carico trasportato:
[  ]
______________________________________________
[16]Nave: controllo se ha senso continuare

[27]Nave: controllo se ha senso continuare

[16]Nave: prima di removeExpiredGoodsOnShip
[7]: Nave
coords: [x:0.000078, y:1.315378]
ton trasportati:0
valore di storm: 1
carico trasportato:
[  ]
______________________________________________
[27]Nave: prima di removeExpiredGoodsOnShip
[7]Nave: dopo di removeExpiredGoodsOnShip
[27]: Nave
coords: [x:0.000078, y:1.315378]
ton trasportati:0
valore di storm: 0
carico trasportato:
[  ]
______________________________________________
[27]Nave: dopo di removeExpiredGoodsOnShip
[27]: Nave
coords: [x:0.000078, y:1.315378]
ton trasportati:0
valore di storm: 0
carico trasportato:
[  ]
______________________________________________
[22]Nave: controllo se ha senso continuare

[16]: Nave
coords: [x:0.000078, y:1.315378]
ton trasportati:0
valore di storm: 0
carico trasportato:
[  ]
______________________________________________
[16]Nave: dopo di removeExpiredGoodsOnShip
[22]Nave: prima di removeExpiredGoodsOnShip
[16]: Nave
coords: [x:0.000078, y:1.315378]
ton trasportati:0
valore di storm: 0
carico trasportato:
[  ]
______________________________________________
[7]: Nave
coords: [x:0.000078, y:1.315378]
ton trasportati:0
valore di storm: 1
carico trasportato:
[  ]
______________________________________________
[22]: Nave
coords: [x:0.000078, y:1.315378]
ton trasportati:0
valore di storm: 0
carico trasportato:
[  ]
______________________________________________
[22]Nave: dopo di removeExpiredGoodsOnShip
[22]: Nave
coords: [x:0.000078, y:1.315378]
ton trasportati:0
valore di storm: 0
carico trasportato:
[  ]
______________________________________________
[37]Nave: controllo se ha senso continuare

[37]Nave: prima di removeExpiredGoodsOnShip
[37]: Nave
coords: [x:0.000078, y:1.315378]
ton trasportati:0
valore di storm: 0
carico trasportato:
[  ]
______________________________________________
[37]Nave: dopo di removeExpiredGoodsOnShip
[3]Nave: controllo se ha senso continuare

[37]: Nave
coords: [x:0.000078, y:1.315378]
ton trasportati:0
valore di storm: 0
carico trasportato:
[  ]
______________________________________________
[28]Nave: controllo se ha senso continuare

[3]Nave: prima di removeExpiredGoodsOnShip
[28]Nave: prima di removeExpiredGoodsOnShip
[3]: Nave
coords: [x:0.000078, y:1.315378]
ton trasportati:0
valore di storm: 0
carico trasportato:
[  ]
______________________________________________
[3]Nave: dopo di removeExpiredGoodsOnShip
[28]: Nave
coords: [x:0.000078, y:1.315378]
ton trasportati:0
valore di storm: 0
carico trasportato:
[  ]
______________________________________________
[28]Nave: dopo di removeExpiredGoodsOnShip
[3]: Nave
coords: [x:0.000078, y:1.315378]
ton trasportati:0
valore di storm: 0
carico trasportato:
[  ]
______________________________________________
[28]: Nave
coords: [x:0.000078, y:1.315378]
ton trasportati:0
valore di storm: 0
carico trasportato:
[  ]
______________________________________________
[30]Nave: controllo se ha senso continuare

[30]Nave: prima di removeExpiredGoodsOnShip
[30]: Nave
coords: [x:0.000078, y:1.315378]
ton trasportati:0
valore di storm: 0
carico trasportato:
[  ]
______________________________________________
[30]Nave: dopo di removeExpiredGoodsOnShip
[30]: Nave
coords: [x:0.000078, y:1.315378]
ton trasportati:0
valore di storm: 0
carico trasportato:
[  ]
______________________________________________
[0]Nave: finito di chiamare i porti

[0]Nave:  ho scelto il porto
[0]Nave: avvisato chi non è stato scelto
[0]Nave: Sono partita...

[26]Nave: finito di chiamare i porti

[26]Nave: sto per fare CHOOSE QUANTITY

[26]Nave: cap = max

[26]Nave: BEST QUANTITY: 87
[26]Nave: controllo se ha senso continuare

[26]Nave: prima di removeExpiredGoodsOnShip
[26]: Nave
coords: [x:0.000078, y:1.315378]
ton trasportati:0
valore di storm: 0
carico trasportato:
[  ]
______________________________________________
[26]Nave: dopo di removeExpiredGoodsOnShip
[26]: Nave
coords: [x:0.000078, y:1.315378]
ton trasportati:0
valore di storm: 0
carico trasportato:
[  ]
______________________________________________
[39]Nave: finito di chiamare i porti

[39]Nave: sto per fare CHOOSE QUANTITY

[39]Nave: cap = max

[39]Nave: BEST QUANTITY: 87
[39]Nave: controllo se ha senso continuare

[39]Nave: prima di removeExpiredGoodsOnShip
[39]: Nave
coords: [x:0.000078, y:1.315378]
ton trasportati:0
valore di storm: 0
carico trasportato:
[  ]
______________________________________________
[39]Nave: dopo di removeExpiredGoodsOnShip
[39]: Nave
coords: [x:0.000078, y:1.315378]
ton trasportati:0
valore di storm: 0
carico trasportato:
[  ]
______________________________________________
[18]Nave: finito di chiamare i porti

[18]Nave: sto per fare CHOOSE QUANTITY

[18]Nave: cap = max

[18]Nave: BEST QUANTITY: 87
[18]Nave: controllo se ha senso continuare

[18]Nave: prima di removeExpiredGoodsOnShip
[18]: Nave
coords: [x:0.000078, y:1.315378]
ton trasportati:0
valore di storm: 0
carico trasportato:
[  ]
______________________________________________
[18]Nave: dopo di removeExpiredGoodsOnShip
[18]: Nave
coords: [x:0.000078, y:1.315378]
ton trasportati:0
valore di storm: 0
carico trasportato:
[  ]
______________________________________________
[15]Nave: finito di chiamare i porti

[15]Nave: sto per fare CHOOSE QUANTITY

[15]Nave: cap = max

[15]Nave: BEST QUANTITY: 87
[15]Nave: controllo se ha senso continuare

[15]Nave: prima di removeExpiredGoodsOnShip
[15]: Nave
coords: [x:0.000078, y:1.315378]
ton trasportati:0
valore di storm: 0
carico trasportato:
[  ]
______________________________________________
[15]Nave: dopo di removeExpiredGoodsOnShip
[15]: Nave
coords: [x:0.000078, y:1.315378]
ton trasportati:0
valore di storm: 0
carico trasportato:
[  ]
______________________________________________
[8]Nave: finito di chiamare i porti

[8]Nave: sto per fare CHOOSE QUANTITY

[8]Nave: cap = max

[8]Nave: BEST QUANTITY: 87
[8]Nave: controllo se ha senso continuare

[8]Nave: prima di removeExpiredGoodsOnShip
[8]: Nave
coords: [x:0.000078, y:1.315378]
ton trasportati:0
valore di storm: 0
carico trasportato:
[  ]
______________________________________________
[8]Nave: dopo di removeExpiredGoodsOnShip
[8]: Nave
coords: [x:0.000078, y:1.315378]
ton trasportati:0
valore di storm: 0
carico trasportato:
[  ]
______________________________________________
[16]Nave: finito di chiamare i porti

[16]Nave: sto per fare CHOOSE QUANTITY

[16]Nave: cap = max

[16]Nave: BEST QUANTITY: 87
[16]Nave: controllo se ha senso continuare

[16]Nave: prima di removeExpiredGoodsOnShip
[16]: Nave
coords: [x:0.000078, y:1.315378]
ton trasportati:0
valore di storm: 0
carico trasportato:
[  ]
______________________________________________
[16]Nave: dopo di removeExpiredGoodsOnShip
[16]: Nave
coords: [x:0.000078, y:1.315378]
ton trasportati:0
valore di storm: 0
carico trasportato:
[  ]
______________________________________________
[17]Nave: finito di chiamare i porti

[17]Nave: sto per fare CHOOSE QUANTITY

[17]Nave: cap = max

[17]Nave: BEST QUANTITY: 87
[17]Nave: controllo se ha senso continuare

[17]Nave: prima di removeExpiredGoodsOnShip
[17]: Nave
coords: [x:0.000078, y:1.315378]
ton trasportati:0
valore di storm: 0
carico trasportato:
[  ]
______________________________________________
[17]Nave: dopo di removeExpiredGoodsOnShip
[17]: Nave
coords: [x:0.000078, y:1.315378]
ton trasportati:0
valore di storm: 0
carico trasportato:
[  ]
______________________________________________
[30]Nave: finito di chiamare i porti

[30]Nave: sto per fare CHOOSE QUANTITY

[30]Nave: cap = max

[30]Nave: BEST QUANTITY: 87
[30]Nave: controllo se ha senso continuare

[30]Nave: prima di removeExpiredGoodsOnShip
[30]: Nave
coords: [x:0.000078, y:1.315378]
ton trasportati:0
valore di storm: 0
carico trasportato:
[  ]
______________________________________________
[30]Nave: dopo di removeExpiredGoodsOnShip
[30]: Nave
coords: [x:0.000078, y:1.315378]
ton trasportati:0
valore di storm: 0
carico trasportato:
[  ]
______________________________________________
[23]Nave: finito di chiamare i porti

[23]Nave: sto per fare CHOOSE QUANTITY

[23]Nave: cap = max

[23]Nave: BEST QUANTITY: 87
[23]Nave: controllo se ha senso continuare

[23]Nave: prima di removeExpiredGoodsOnShip
[23]: Nave
coords: [x:0.000078, y:1.315378]
ton trasportati:0
valore di storm: 0
carico trasportato:
[  ]
______________________________________________
[23]Nave: dopo di removeExpiredGoodsOnShip
[23]: Nave
coords: [x:0.000078, y:1.315378]
ton trasportati:0
valore di storm: 0
carico trasportato:
[  ]
______________________________________________
[3]Nave: finito di chiamare i porti

[3]Nave: sto per fare CHOOSE QUANTITY

[3]Nave: cap = max

[3]Nave: BEST QUANTITY: 84
[3]Nave: controllo se ha senso continuare

[3]Nave: prima di removeExpiredGoodsOnShip
[3]: Nave
coords: [x:0.000078, y:1.315378]
ton trasportati:0
valore di storm: 0
carico trasportato:
[  ]
______________________________________________
[3]Nave: dopo di removeExpiredGoodsOnShip
[3]: Nave
coords: [x:0.000078, y:1.315378]
ton trasportati:0
valore di storm: 0
carico trasportato:
[  ]
______________________________________________
[26]Nave: finito di chiamare i porti

[26]Nave:  ho scelto il porto
[26]Nave: avvisato chi non è stato scelto
[26]Nave: Sono partita...

[35]Nave: finito di chiamare i porti

[35]Nave: sto per fare CHOOSE QUANTITY

[35]Nave: cap = max

[35]Nave: BEST QUANTITY: 84
[35]Nave: controllo se ha senso continuare

[35]Nave: prima di removeExpiredGoodsOnShip
[35]: Nave
coords: [x:0.000078, y:1.315378]
ton trasportati:0
valore di storm: 0
carico trasportato:
[  ]
______________________________________________
[35]Nave: dopo di removeExpiredGoodsOnShip
[35]: Nave
coords: [x:0.000078, y:1.315378]
ton trasportati:0
valore di storm: 0
carico trasportato:
[  ]
______________________________________________
[38]Nave: finito di chiamare i porti

[38]Nave: sto per fare CHOOSE QUANTITY

[38]Nave: cap = max

[38]Nave: BEST QUANTITY: 84
[38]Nave: controllo se ha senso continuare

[38]Nave: prima di removeExpiredGoodsOnShip
[38]: Nave
coords: [x:0.000078, y:1.315378]
ton trasportati:0
valore di storm: 0
carico trasportato:
[  ]
______________________________________________
[38]Nave: dopo di removeExpiredGoodsOnShip
[38]: Nave
coords: [x:0.000078, y:1.315378]
ton trasportati:0
valore di storm: 0
carico trasportato:
[  ]
______________________________________________
[19]Nave: finito di chiamare i porti

[19]Nave: sto per fare CHOOSE QUANTITY

[19]Nave: cap = max

[19]Nave: BEST QUANTITY: 84
[19]Nave: controllo se ha senso continuare

[19]Nave: prima di removeExpiredGoodsOnShip
[19]: Nave
coords: [x:0.000078, y:1.315378]
ton trasportati:0
valore di storm: 0
carico trasportato:
[  ]
______________________________________________
[19]Nave: dopo di removeExpiredGoodsOnShip
[19]: Nave
coords: [x:0.000078, y:1.315378]
ton trasportati:0
valore di storm: 0
carico trasportato:
[  ]
______________________________________________
[6]Nave: finito di chiamare i porti

[6]Nave: sto per fare CHOOSE QUANTITY

[6]Nave: cap = max

[6]Nave: BEST QUANTITY: 80
[6]Nave: controllo se ha senso continuare

[6]Nave: prima di removeExpiredGoodsOnShip
[6]: Nave
coords: [x:0.000078, y:1.315378]
ton trasportati:0
valore di storm: 0
carico trasportato:
[  ]
______________________________________________
[6]Nave: dopo di removeExpiredGoodsOnShip
[6]: Nave
coords: [x:0.000078, y:1.315378]
ton trasportati:0
valore di storm: 0
carico trasportato:
[  ]
______________________________________________
[30]Nave: finito di chiamare i porti

[30]Nave: sto per fare CHOOSE QUANTITY

[30]Nave: cap = max

[30]Nave: BEST QUANTITY: 80
[30]Nave: controllo se ha senso continuare

[30]Nave: prima di removeExpiredGoodsOnShip
[30]: Nave
coords: [x:0.000078, y:1.315378]
ton trasportati:0
valore di storm: 0
carico trasportato:
[  ]
______________________________________________
[30]Nave: dopo di removeExpiredGoodsOnShip
[30]: Nave
coords: [x:0.000078, y:1.315378]
ton trasportati:0
valore di storm: 0
carico trasportato:
[  ]
______________________________________________
[3]Nave: finito di chiamare i porti

[3]Nave:  ho scelto il porto
[3]Nave: avvisato chi non è stato scelto
[3]Nave: Sono partita...

[12]Nave: finito di chiamare i porti

[12]Nave: sto per fare CHOOSE QUANTITY

[12]Nave: cap = max

[12]Nave: BEST QUANTITY: 80
[12]Nave: controllo se ha senso continuare

[12]Nave: prima di removeExpiredGoodsOnShip
[12]: Nave
coords: [x:0.000078, y:1.315378]
ton trasportati:0
valore di storm: 0
carico trasportato:
[  ]
______________________________________________
[12]Nave: dopo di removeExpiredGoodsOnShip
[12]: Nave
coords: [x:0.000078, y:1.315378]
ton trasportati:0
valore di storm: 0
carico trasportato:
[  ]
______________________________________________
[11]Nave: finito di chiamare i porti

[11]Nave: sto per fare CHOOSE QUANTITY

[11]Nave: cap = max

[11]Nave: BEST QUANTITY: 80
[11]Nave: controllo se ha senso continuare

[11]Nave: prima di removeExpiredGoodsOnShip
[11]: Nave
coords: [x:0.000078, y:1.315378]
ton trasportati:0
valore di storm: 0
carico trasportato:
[  ]
______________________________________________
[11]Nave: dopo di removeExpiredGoodsOnShip
[11]: Nave
coords: [x:0.000078, y:1.315378]
ton trasportati:0
valore di storm: 0
carico trasportato:
[  ]
______________________________________________
[8]Nave: finito di chiamare i porti

[8]Nave: sto per fare CHOOSE QUANTITY

[8]Nave: cap = max

[8]Nave: BEST QUANTITY: 80
[8]Nave: controllo se ha senso continuare

[8]Nave: prima di removeExpiredGoodsOnShip
[8]: Nave
coords: [x:0.000078, y:1.315378]
ton trasportati:0
valore di storm: 0
carico trasportato:
[  ]
______________________________________________
[8]Nave: dopo di removeExpiredGoodsOnShip
[8]: Nave
coords: [x:0.000078, y:1.315378]
ton trasportati:0
valore di storm: 0
carico trasportato:
[  ]
______________________________________________
[18]Nave: finito di chiamare i porti

[18]Nave: sto per fare CHOOSE QUANTITY

[18]Nave: cap = max

[18]Nave: BEST QUANTITY: 80
[18]Nave: controllo se ha senso continuare

[18]Nave: prima di removeExpiredGoodsOnShip
[18]: Nave
coords: [x:0.000078, y:1.315378]
ton trasportati:0
valore di storm: 0
carico trasportato:
[  ]
______________________________________________
[18]Nave: dopo di removeExpiredGoodsOnShip
[18]: Nave
coords: [x:0.000078, y:1.315378]
ton trasportati:0
valore di storm: 0
carico trasportato:
[  ]
______________________________________________
[24]Nave: finito di chiamare i porti

[24]Nave: sto per fare CHOOSE QUANTITY

[24]Nave: cap = max

[24]Nave: BEST QUANTITY: 80
[24]Nave: controllo se ha senso continuare

[24]Nave: prima di removeExpiredGoodsOnShip
[24]: Nave
coords: [x:0.000078, y:1.315378]
ton trasportati:0
valore di storm: 0
carico trasportato:
[  ]
______________________________________________
[24]Nave: dopo di removeExpiredGoodsOnShip
[24]: Nave
coords: [x:0.000078, y:1.315378]
ton trasportati:0
valore di storm: 0
carico trasportato:
[  ]
______________________________________________
[20]Nave: finito di chiamare i porti

[20]Nave: sto per fare CHOOSE QUANTITY

[20]Nave: cap = max

[20]Nave: BEST QUANTITY: 80
[20]Nave: controllo se ha senso continuare

[20]Nave: prima di removeExpiredGoodsOnShip
[20]: Nave
coords: [x:0.000078, y:1.315378]
ton trasportati:0
valore di storm: 0
carico trasportato:
[  ]
______________________________________________
[20]Nave: dopo di removeExpiredGoodsOnShip
[20]: Nave
coords: [x:0.000078, y:1.315378]
ton trasportati:0
valore di storm: 0
carico trasportato:
[  ]
______________________________________________
[22]Nave: finito di chiamare i porti

[22]Nave: sto per fare CHOOSE QUANTITY

[22]Nave: cap = max

[22]Nave: BEST QUANTITY: 80
[22]Nave: controllo se ha senso continuare

[22]Nave: prima di removeExpiredGoodsOnShip
[22]: Nave
coords: [x:0.000078, y:1.315378]
ton trasportati:0
valore di storm: 0
carico trasportato:
[  ]
______________________________________________
[22]Nave: dopo di removeExpiredGoodsOnShip
[22]: Nave
coords: [x:0.000078, y:1.315378]
ton trasportati:0
valore di storm: 0
carico trasportato:
[  ]
______________________________________________
[38]Nave: finito di chiamare i porti

[38]Nave: sto per fare CHOOSE QUANTITY

[38]Nave: cap = max

[38]Nave: BEST QUANTITY: 80
[38]Nave: controllo se ha senso continuare

[38]Nave: prima di removeExpiredGoodsOnShip
[38]: Nave
coords: [x:0.000078, y:1.315378]
ton trasportati:0
valore di storm: 0
carico trasportato:
[  ]
______________________________________________
[38]Nave: dopo di removeExpiredGoodsOnShip
[38]: Nave
coords: [x:0.000078, y:1.315378]
ton trasportati:0
valore di storm: 0
carico trasportato:
[  ]
______________________________________________
[9]Nave: finito di chiamare i porti

[9]Nave: sto per fare CHOOSE QUANTITY

[9]Nave: cap = max

[9]Nave: BEST QUANTITY: 80
[9]Nave: controllo se ha senso continuare

[9]Nave: prima di removeExpiredGoodsOnShip
[9]: Nave
coords: [x:0.000078, y:1.315378]
ton trasportati:0
valore di storm: 0
carico trasportato:
[  ]
______________________________________________
[9]Nave: dopo di removeExpiredGoodsOnShip
[9]: Nave
coords: [x:0.000078, y:1.315378]
ton trasportati:0
valore di storm: 0
carico trasportato:
[  ]
______________________________________________
[36]Nave: finito di chiamare i porti

[36]Nave: sto per fare CHOOSE QUANTITY

[36]Nave: cap = max

[36]Nave: BEST QUANTITY: 79
[36]Nave: controllo se ha senso continuare

[36]Nave: prima di removeExpiredGoodsOnShip
[36]: Nave
coords: [x:0.000078, y:1.315378]
ton trasportati:0
valore di storm: 0
carico trasportato:
[  ]
______________________________________________
[36]Nave: dopo di removeExpiredGoodsOnShip
[36]: Nave
coords: [x:0.000078, y:1.315378]
ton trasportati:0
valore di storm: 0
carico trasportato:
[  ]
______________________________________________
[2]Nave: finito di chiamare i porti

[2]Nave: sto per fare CHOOSE QUANTITY

[2]Nave: cap = max

[2]Nave: BEST QUANTITY: 104
[2]Nave: controllo se ha senso continuare

[2]Nave: prima di removeExpiredGoodsOnShip
[2]: Nave
coords: [x:0.000078, y:1.315378]
ton trasportati:0
valore di storm: 0
carico trasportato:
[  ]
______________________________________________
[2]Nave: dopo di removeExpiredGoodsOnShip
[2]: Nave
coords: [x:0.000078, y:1.315378]
ton trasportati:0
valore di storm: 0
carico trasportato:
[  ]
______________________________________________
[14]Nave: finito di chiamare i porti

[14]Nave:  ho scelto il porto
[14]Nave: avvisato chi non è stato scelto
[14]Nave: Sono partita...

[20]Nave: finito di chiamare i porti

[20]Nave:  ho scelto il porto
[20]Nave: avvisato chi non è stato scelto
[20]Nave: Sono partita...

[7]Nave: finito di chiamare i porti

[7]Nave: sto per fare CHOOSE QUANTITY

[7]Nave: cap = max

[7]Nave: BEST QUANTITY: 100
[7]Nave: controllo se ha senso continuare

[7]Nave: prima di removeExpiredGoodsOnShip
[7]: Nave
coords: [x:0.000078, y:1.315378]
ton trasportati:0
valore di storm: 1
carico trasportato:
[  ]
______________________________________________
[0]Nave: fatta travel
[7]Nave: dopo di removeExpiredGoodsOnShip
[7]: Nave
coords: [x:0.000078, y:1.315378]
ton trasportati:0
valore di storm: 1
carico trasportato:
[  ]
______________________________________________
[5]Nave: finito di chiamare i porti

[5]Nave:  ho scelto il porto
[5]Nave: avvisato chi non è stato scelto
[5]Nave: Sono partita...

[11]Nave: finito di chiamare i porti

[11]Nave:  ho scelto il porto
[11]Nave: avvisato chi non è stato scelto
[11]Nave: Sono partita...

[38]Nave: finito di chiamare i porti

[38]Nave:  ho scelto il porto
[38]Nave: avvisato chi non è stato scelto
[38]Nave: Sono partita...

[21]Nave: finito di chiamare i porti

[21]Nave: sto per fare CHOOSE QUANTITY

[21]Nave: cap = max

[21]Nave: BEST QUANTITY: 86
[21]Nave: controllo se ha senso continuare

[21]Nave: prima di removeExpiredGoodsOnShip
[21]: Nave
coords: [x:0.000078, y:1.315378]
ton trasportati:0
valore di storm: 0
carico trasportato:
[  ]
______________________________________________
[21]Nave: dopo di removeExpiredGoodsOnShip
[21]: Nave
coords: [x:0.000078, y:1.315378]
ton trasportati:0
valore di storm: 0
carico trasportato:
[  ]
______________________________________________
[20]Nave: fatta travel
[25]Nave: finito di chiamare i porti

[25]Nave: sto per fare CHOOSE QUANTITY

[25]Nave: cap = max

[25]Nave: BEST QUANTITY: 86
[25]Nave: controllo se ha senso continuare

[25]Nave: prima di removeExpiredGoodsOnShip
[25]: Nave
coords: [x:0.000078, y:1.315378]
ton trasportati:0
valore di storm: 0
carico trasportato:
[  ]
______________________________________________
[25]Nave: dopo di removeExpiredGoodsOnShip
[25]: Nave
coords: [x:0.000078, y:1.315378]
ton trasportati:0
valore di storm: 0
carico trasportato:
[  ]
______________________________________________
[1]Nave: finito di chiamare i porti

[1]Nave: sto per fare CHOOSE QUANTITY

[5]Nave: fatta travel
[1]Nave: cap = max

[1]Nave: BEST QUANTITY: 86
[1]Nave: controllo se ha senso continuare

[1]Nave: prima di removeExpiredGoodsOnShip
[1]: Nave
coords: [x:0.000078, y:1.315378]
ton trasportati:0
valore di storm: 0
carico trasportato:
[  ]
______________________________________________
[1]Nave: dopo di removeExpiredGoodsOnShip
[1]: Nave
coords: [x:0.000078, y:1.315378]
ton trasportati:0
valore di storm: 0
carico trasportato:
[  ]
______________________________________________
[8]Nave: finito di chiamare i porti

[8]Nave:  ho scelto il porto
[8]Nave: avvisato chi non è stato scelto
[8]Nave: Sono partita...

[35]Nave: finito di chiamare i porti

[35]Nave: sto per fare CHOOSE QUANTITY

[35]Nave: cap = max

[35]Nave: BEST QUANTITY: 79
[35]Nave: controllo se ha senso continuare

[35]Nave: prima di removeExpiredGoodsOnShip
[35]: Nave
coords: [x:0.000078, y:1.315378]
ton trasportati:0
valore di storm: 0
carico trasportato:
[  ]
______________________________________________
[35]Nave: dopo di removeExpiredGoodsOnShip
[35]: Nave
coords: [x:0.000078, y:1.315378]
ton trasportati:0
valore di storm: 0
carico trasportato:
[  ]
______________________________________________
[18]Nave: finito di chiamare i porti

[18]Nave: sto per fare CHOOSE QUANTITY

[18]Nave: cap = max

[18]Nave: BEST QUANTITY: 79
[18]Nave: controllo se ha senso continuare

[18]Nave: prima di removeExpiredGoodsOnShip
[18]: Nave
coords: [x:0.000078, y:1.315378]
ton trasportati:0
valore di storm: 0
carico trasportato:
[  ]
______________________________________________
[18]Nave: dopo di removeExpiredGoodsOnShip
[18]: Nave
coords: [x:0.000078, y:1.315378]
ton trasportati:0
valore di storm: 0
carico trasportato:
[  ]
______________________________________________
[27]Nave: finito di chiamare i porti

[27]Nave: sto per fare CHOOSE QUANTITY

[27]Nave: cap = max

[27]Nave: BEST QUANTITY: 79
[27]Nave: controllo se ha senso continuare

[27]Nave: prima di removeExpiredGoodsOnShip
[27]: Nave
coords: [x:0.000078, y:1.315378]
ton trasportati:0
valore di storm: 0
carico trasportato:
[  ]
______________________________________________
[27]Nave: dopo di removeExpiredGoodsOnShip
[27]: Nave
coords: [x:0.000078, y:1.315378]
ton trasportati:0
valore di storm: 0
carico trasportato:
[  ]
______________________________________________
[19]Nave: finito di chiamare i porti

[19]Nave: sto per fare CHOOSE QUANTITY

[19]Nave: cap = max

[19]Nave: BEST QUANTITY: 79
[19]Nave: controllo se ha senso continuare

[19]Nave: prima di removeExpiredGoodsOnShip
[19]: Nave
coords: [x:0.000078, y:1.315378]
ton trasportati:0
valore di storm: 0
carico trasportato:
[  ]
______________________________________________
[19]Nave: dopo di removeExpiredGoodsOnShip
[19]: Nave
coords: [x:0.000078, y:1.315378]
ton trasportati:0
valore di storm: 0
carico trasportato:
[  ]
______________________________________________
[22]Nave: finito di chiamare i porti

[22]Nave: sto per fare CHOOSE QUANTITY

[22]Nave: cap = max

[22]Nave: BEST QUANTITY: 79
[22]Nave: controllo se ha senso continuare

[22]Nave: prima di removeExpiredGoodsOnShip
[22]: Nave
coords: [x:0.000078, y:1.315378]
ton trasportati:0
valore di storm: 0
carico trasportato:
[  ]
______________________________________________
[22]Nave: dopo di removeExpiredGoodsOnShip
[22]: Nave
coords: [x:0.000078, y:1.315378]
ton trasportati:0
valore di storm: 0
carico trasportato:
[  ]
______________________________________________
[32]Nave: finito di chiamare i porti

[32]Nave: sto per fare CHOOSE QUANTITY

[32]Nave: cap = max

[32]Nave: BEST QUANTITY: 76
[32]Nave: controllo se ha senso continuare

[32]Nave: prima di removeExpiredGoodsOnShip
[32]: Nave
coords: [x:0.000078, y:1.315378]
ton trasportati:0
valore di storm: 0
carico trasportato:
[  ]
______________________________________________
[32]Nave: dopo di removeExpiredGoodsOnShip
[32]: Nave
coords: [x:0.000078, y:1.315378]
ton trasportati:0
valore di storm: 0
carico trasportato:
[  ]
______________________________________________
[29]Nave: finito di chiamare i porti

[29]Nave: sto per fare CHOOSE QUANTITY

[29]Nave: cap = max

[29]Nave: BEST QUANTITY: 76
[29]Nave: controllo se ha senso continuare

[29]Nave: prima di removeExpiredGoodsOnShip
[29]: Nave
coords: [x:0.000078, y:1.315378]
ton trasportati:0
valore di storm: 0
carico trasportato:
[  ]
______________________________________________
[29]Nave: dopo di removeExpiredGoodsOnShip
[29]: Nave
coords: [x:0.000078, y:1.315378]
ton trasportati:0
valore di storm: 0
carico trasportato:
[  ]
______________________________________________
[36]Nave: finito di chiamare i porti

[36]Nave:  ho scelto il porto
[36]Nave: avvisato chi non è stato scelto
[36]Nave: Sono partita...

[21]Nave: finito di chiamare i porti

[21]Nave: sto per fare CHOOSE QUANTITY

[21]Nave: cap = max

[21]Nave: BEST QUANTITY: 76
[21]Nave: controllo se ha senso continuare

[21]Nave: prima di removeExpiredGoodsOnShip
[21]: Nave
coords: [x:0.000078, y:1.315378]
ton trasportati:0
valore di storm: 0
carico trasportato:
[  ]
______________________________________________
[21]Nave: dopo di removeExpiredGoodsOnShip
[21]: Nave
coords: [x:0.000078, y:1.315378]
ton trasportati:0
valore di storm: 0
carico trasportato:
[  ]
______________________________________________
[39]Nave: finito di chiamare i porti

[39]Nave: sto per fare CHOOSE QUANTITY

[39]Nave: cap = max

[39]Nave: BEST QUANTITY: 76
[39]Nave: controllo se ha senso continuare

[39]Nave: prima di removeExpiredGoodsOnShip
[39]: Nave
coords: [x:0.000078, y:1.315378]
ton trasportati:0
valore di storm: 0
carico trasportato:
[  ]
______________________________________________
[39]Nave: dopo di removeExpiredGoodsOnShip
[39]: Nave
coords: [x:0.000078, y:1.315378]
ton trasportati:0
valore di storm: 0
carico trasportato:
[  ]
______________________________________________
[6]Nave: finito di chiamare i porti

[6]Nave: sto per fare CHOOSE QUANTITY

[6]Nave: cap = max

[6]Nave: BEST QUANTITY: 76
[6]Nave: controllo se ha senso continuare

[6]Nave: prima di removeExpiredGoodsOnShip
[6]: Nave
coords: [x:0.000078, y:1.315378]
ton trasportati:0
valore di storm: 0
carico trasportato:
[  ]
______________________________________________
[6]Nave: dopo di removeExpiredGoodsOnShip
[6]: Nave
coords: [x:0.000078, y:1.315378]
ton trasportati:0
valore di storm: 0
carico trasportato:
[  ]
______________________________________________
[34]Nave: finito di chiamare i porti

[34]Nave: sto per fare CHOOSE QUANTITY

[34]Nave: cap = max

[34]Nave: BEST QUANTITY: 76
[34]Nave: controllo se ha senso continuare

[34]Nave: prima di removeExpiredGoodsOnShip
[34]: Nave
coords: [x:0.000078, y:1.315378]
ton trasportati:0
valore di storm: 0
carico trasportato:
[  ]
______________________________________________
[34]Nave: dopo di removeExpiredGoodsOnShip
[34]: Nave
coords: [x:0.000078, y:1.315378]
ton trasportati:0
valore di storm: 0
carico trasportato:
[  ]
______________________________________________
[23]Nave: finito di chiamare i porti

[23]Nave: sto per fare CHOOSE QUANTITY

[23]Nave: cap = max

[23]Nave: BEST QUANTITY: 76
[23]Nave: controllo se ha senso continuare

[23]Nave: prima di removeExpiredGoodsOnShip
[23]: Nave
coords: [x:0.000078, y:1.315378]
ton trasportati:0
valore di storm: 0
carico trasportato:
[  ]
______________________________________________
[23]Nave: dopo di removeExpiredGoodsOnShip
[23]: Nave
coords: [x:0.000078, y:1.315378]
ton trasportati:0
valore di storm: 0
carico trasportato:
[  ]
______________________________________________
[13]Nave: finito di chiamare i porti

[13]Nave: sto per fare CHOOSE QUANTITY

[13]Nave: cap = max

[13]Nave: BEST QUANTITY: 76
[13]Nave: controllo se ha senso continuare

[13]Nave: prima di removeExpiredGoodsOnShip
[13]: Nave
coords: [x:0.000078, y:1.315378]
ton trasportati:0
valore di storm: 0
carico trasportato:
[  ]
______________________________________________
[13]Nave: dopo di removeExpiredGoodsOnShip
[13]: Nave
coords: [x:0.000078, y:1.315378]
ton trasportati:0
valore di storm: 0
carico trasportato:
[  ]
______________________________________________
[35]Nave: finito di chiamare i porti

[35]Nave: sto per fare CHOOSE QUANTITY

[35]Nave: cap = max

[35]Nave: BEST QUANTITY: 76
[35]Nave: controllo se ha senso continuare

[35]Nave: prima di removeExpiredGoodsOnShip
[35]: Nave
coords: [x:0.000078, y:1.315378]
ton trasportati:0
valore di storm: 0
carico trasportato:
[  ]
______________________________________________
[35]Nave: dopo di removeExpiredGoodsOnShip
[35]: Nave
coords: [x:0.000078, y:1.315378]
ton trasportati:0
valore di storm: 0
carico trasportato:
[  ]
______________________________________________
[24]Nave: finito di chiamare i porti

[24]Nave: sto per fare CHOOSE QUANTITY

[3]Nave: fatta travel
[24]Nave: cap = max

[24]Nave: BEST QUANTITY: 76
[24]Nave: controllo se ha senso continuare

[24]Nave: prima di removeExpiredGoodsOnShip
[24]: Nave
coords: [x:0.000078, y:1.315378]
ton trasportati:0
valore di storm: 0
carico trasportato:
[  ]
______________________________________________
[24]Nave: dopo di removeExpiredGoodsOnShip
[24]: Nave
coords: [x:0.000078, y:1.315378]
ton trasportati:0
valore di storm: 0
carico trasportato:
[  ]
______________________________________________
[9]Nave: finito di chiamare i porti

[9]Nave: sto per fare CHOOSE QUANTITY

[9]Nave: cap = max

[9]Nave: BEST QUANTITY: 74
[9]Nave: controllo se ha senso continuare

[9]Nave: prima di removeExpiredGoodsOnShip
[9]: Nave
coords: [x:0.000078, y:1.315378]
ton trasportati:0
valore di storm: 0
carico trasportato:
[  ]
______________________________________________
[9]Nave: dopo di removeExpiredGoodsOnShip
[9]: Nave
coords: [x:0.000078, y:1.315378]
ton trasportati:0
valore di storm: 0
carico trasportato:
[  ]
______________________________________________
[7]Nave: finito di chiamare i porti

[7]Nave: sto per fare CHOOSE QUANTITY

[7]Nave: cap = max

[7]Nave: BEST QUANTITY: 74
[7]Nave: controllo se ha senso continuare

[7]Nave: prima di removeExpiredGoodsOnShip
[7]: Nave
coords: [x:0.000078, y:1.315378]
ton trasportati:0
valore di storm: 1
carico trasportato:
[  ]
______________________________________________
[7]Nave: dopo di removeExpiredGoodsOnShip
[7]: Nave
coords: [x:0.000078, y:1.315378]
ton trasportati:0
valore di storm: 1
carico trasportato:
[  ]
______________________________________________
[4]Nave: finito di chiamare i porti

[4]Nave: sto per fare CHOOSE QUANTITY

[4]Nave: cap = max

[4]Nave: BEST QUANTITY: 74
[4]Nave: controllo se ha senso continuare

[4]Nave: prima di removeExpiredGoodsOnShip
[4]: Nave
coords: [x:0.000078, y:1.315378]
ton trasportati:0
valore di storm: 0
carico trasportato:
[  ]
______________________________________________
[4]Nave: dopo di removeExpiredGoodsOnShip
[4]: Nave
coords: [x:0.000078, y:1.315378]
ton trasportati:0
valore di storm: 0
carico trasportato:
[  ]
______________________________________________
[39]Nave: finito di chiamare i porti

[39]Nave:  ho scelto il porto
[39]Nave: avvisato chi non è stato scelto
[39]Nave: Sono partita...

[32]Nave: finito di chiamare i porti

[32]Nave: sto per fare CHOOSE QUANTITY

[32]Nave: cap = max

[32]Nave: BEST QUANTITY: 74
[32]Nave: controllo se ha senso continuare

[32]Nave: prima di removeExpiredGoodsOnShip
[32]: Nave
coords: [x:0.000078, y:1.315378]
ton trasportati:0
valore di storm: 0
carico trasportato:
[  ]
______________________________________________
[32]Nave: dopo di removeExpiredGoodsOnShip
[32]: Nave
coords: [x:0.000078, y:1.315378]
ton trasportati:0
valore di storm: 0
carico trasportato:
[  ]
______________________________________________
[26]Nave: fatta travel
[25]Nave: finito di chiamare i porti

[25]Nave: sto per fare CHOOSE QUANTITY

[25]Nave: cap = max

[25]Nave: BEST QUANTITY: 74
[25]Nave: controllo se ha senso continuare

[25]Nave: prima di removeExpiredGoodsOnShip
[25]: Nave
coords: [x:0.000078, y:1.315378]
ton trasportati:0
valore di storm: 0
carico trasportato:
[  ]
______________________________________________
[25]Nave: dopo di removeExpiredGoodsOnShip
[25]: Nave
coords: [x:0.000078, y:1.315378]
ton trasportati:0
valore di storm: 0
carico trasportato:
[  ]
______________________________________________
[33]Nave: finito di chiamare i porti

[33]Nave: sto per fare CHOOSE QUANTITY

[33]Nave: cap = max

[33]Nave: BEST QUANTITY: 74
[14]Nave: fatta travel
[33]Nave: controllo se ha senso continuare

[33]Nave: prima di removeExpiredGoodsOnShip
[33]: Nave
coords: [x:0.000078, y:1.315378]
ton trasportati:0
valore di storm: 0
carico trasportato:
[  ]
______________________________________________
[33]Nave: dopo di removeExpiredGoodsOnShip
[33]: Nave
coords: [x:0.000078, y:1.315378]
ton trasportati:0
valore di storm: 0
carico trasportato:
[  ]
______________________________________________
[13]Nave: finito di chiamare i porti

[13]Nave: sto per fare CHOOSE QUANTITY

[13]Nave: cap = max

[13]Nave: BEST QUANTITY: 74
[13]Nave: controllo se ha senso continuare

[13]Nave: prima di removeExpiredGoodsOnShip
[13]: Nave
coords: [x:0.000078, y:1.315378]
ton trasportati:0
valore di storm: 0
carico trasportato:
[  ]
______________________________________________
[13]Nave: dopo di removeExpiredGoodsOnShip
[13]: Nave
coords: [x:0.000078, y:1.315378]
ton trasportati:0
valore di storm: 0
carico trasportato:
[  ]
______________________________________________
[39]Nave: fatta travel
[19]Nave: finito di chiamare i porti

[19]Nave: sto per fare CHOOSE QUANTITY

[19]Nave: cap = max

[19]Nave: BEST QUANTITY: 74
[19]Nave: controllo se ha senso continuare

[19]Nave: prima di removeExpiredGoodsOnShip
[19]: Nave
coords: [x:0.000078, y:1.315378]
ton trasportati:0
valore di storm: 0
carico trasportato:
[  ]
______________________________________________
[19]Nave: dopo di removeExpiredGoodsOnShip
[19]: Nave
coords: [x:0.000078, y:1.315378]
ton trasportati:0
valore di storm: 0
carico trasportato:
[  ]
______________________________________________
[21]Nave: finito di chiamare i porti

[21]Nave: sto per fare CHOOSE QUANTITY

[21]Nave: cap = max

[21]Nave: BEST QUANTITY: 74
[21]Nave: controllo se ha senso continuare

[21]Nave: prima di removeExpiredGoodsOnShip
[21]: Nave
coords: [x:0.000078, y:1.315378]
ton trasportati:0
valore di storm: 0
carico trasportato:
[  ]
______________________________________________
[21]Nave: dopo di removeExpiredGoodsOnShip
[21]: Nave
coords: [x:0.000078, y:1.315378]
ton trasportati:0
valore di storm: 0
carico trasportato:
[  ]
______________________________________________
[17]Nave: finito di chiamare i porti

[17]Nave: sto per fare CHOOSE QUANTITY

[17]Nave: cap = max

[17]Nave: BEST QUANTITY: 115
[17]Nave: controllo se ha senso continuare

[17]Nave: prima di removeExpiredGoodsOnShip
[17]: Nave
coords: [x:0.000078, y:1.315378]
ton trasportati:0
valore di storm: 0
carico trasportato:
[  ]
______________________________________________
[17]Nave: dopo di removeExpiredGoodsOnShip
[17]: Nave
coords: [x:0.000078, y:1.315378]
ton trasportati:0
valore di storm: 0
carico trasportato:
[  ]
______________________________________________
[31]Nave: finito di chiamare i porti

[31]Nave: sto per fare CHOOSE QUANTITY

[31]Nave: cap = max

[31]Nave: BEST QUANTITY: 115
[31]Nave: controllo se ha senso continuare

[31]Nave: prima di removeExpiredGoodsOnShip
[31]: Nave
coords: [x:0.000078, y:1.315378]
ton trasportati:0
valore di storm: 0
carico trasportato:
[  ]
______________________________________________
[31]Nave: dopo di removeExpiredGoodsOnShip
[31]: Nave
coords: [x:0.000078, y:1.315378]
ton trasportati:0
valore di storm: 0
carico trasportato:
[  ]
______________________________________________
[37]Nave: finito di chiamare i porti

[37]Nave: sto per fare CHOOSE QUANTITY

[37]Nave: cap = max

[37]Nave: BEST QUANTITY: 82
[37]Nave: controllo se ha senso continuare

[37]Nave: prima di removeExpiredGoodsOnShip
[37]: Nave
coords: [x:0.000078, y:1.315378]
ton trasportati:0
valore di storm: 0
carico trasportato:
[  ]
______________________________________________
[37]Nave: dopo di removeExpiredGoodsOnShip
[37]: Nave
coords: [x:0.000078, y:1.315378]
ton trasportati:0
valore di storm: 0
carico trasportato:
[  ]
______________________________________________
[18]Nave: finito di chiamare i porti

[18]Nave:  ho scelto il porto
[18]Nave: avvisato chi non è stato scelto
[18]Nave: Sono partita...

[35]Nave: finito di chiamare i porti

[35]Nave: sto per fare CHOOSE QUANTITY

[35]Nave: cap = max

[35]Nave: BEST QUANTITY: 74
[35]Nave: controllo se ha senso continuare

[35]Nave: prima di removeExpiredGoodsOnShip
[35]: Nave
coords: [x:0.000078, y:1.315378]
ton trasportati:0
valore di storm: 0
carico trasportato:
[  ]
______________________________________________
[35]Nave: dopo di removeExpiredGoodsOnShip
[35]: Nave
coords: [x:0.000078, y:1.315378]
ton trasportati:0
valore di storm: 0
carico trasportato:
[  ]
______________________________________________
[28]Nave: finito di chiamare i porti

[28]Nave:  ho scelto il porto
[28]Nave: avvisato chi non è stato scelto
[28]Nave: Sono partita...

[8]Nave: fatta travel
[22]Nave: finito di chiamare i porti

[22]Nave:  ho scelto il porto
[22]Nave: avvisato chi non è stato scelto
[22]Nave: Sono partita...

[30]Nave: finito di chiamare i porti

[30]Nave: sto per fare CHOOSE QUANTITY

[30]Nave: cap = max

[30]Nave: BEST QUANTITY: 74
[30]Nave: controllo se ha senso continuare

[30]Nave: prima di removeExpiredGoodsOnShip
[30]: Nave
coords: [x:0.000078, y:1.315378]
ton trasportati:0
valore di storm: 0
carico trasportato:
[  ]
______________________________________________
[30]Nave: dopo di removeExpiredGoodsOnShip
[30]: Nave
coords: [x:0.000078, y:1.315378]
ton trasportati:0
valore di storm: 0
carico trasportato:
[  ]
______________________________________________
[20]Nave: prima add
[20]: Nave
coords: [x:0.000000, y:0.000000]
ton trasportati:0
valore di storm: 0
carico trasportato:
[  ]
______________________________________________
[17]Nave: finito di chiamare i porti

[20]Nave: finita accessPortToCharge
[17]Nave: sto per fare CHOOSE QUANTITY

[20]Nave: sto per fare CHOOSE QUANTITY

[17]Nave: cap = max

[17]Nave: BEST QUANTITY: 74
[20]Nave: cap = max

[20]Nave: BEST QUANTITY: 74
[17]Nave: controllo se ha senso continuare

[20]Nave: controllo se ha senso continuare

[17]Nave: prima di removeExpiredGoodsOnShip
[20]Nave: prima di removeExpiredGoodsOnShip
[17]: Nave
coords: [x:0.000078, y:1.315378]
ton trasportati:0
valore di storm: 0
carico trasportato:
[  ]
______________________________________________
[17]Nave: dopo di removeExpiredGoodsOnShip
[20]: Nave
coords: [x:0.000000, y:0.000000]
ton trasportati:80
valore di storm: 0
carico trasportato:
[ product_type:3 weight:80 expiration_time:30 dd:0 portID: 0, 
 ]
______________________________________________
[17]: Nave
coords: [x:0.000078, y:1.315378]
ton trasportati:0
valore di storm: 0
carico trasportato:
[  ]
______________________________________________
[20]Nave: dopo di removeExpiredGoodsOnShip
[20]: Nave
coords: [x:0.000000, y:0.000000]
ton trasportati:80
valore di storm: 0
carico trasportato:
[ product_type:3 weight:80 expiration_time:30 dd:0 portID: 0, 
 ]
______________________________________________
[16]Nave: finito di chiamare i porti

[16]Nave: sto per fare CHOOSE QUANTITY

[5]Nave: prima add
[5]: Nave
coords: [x:0.000000, y:0.000000]
ton trasportati:0
valore di storm: 0
carico trasportato:
[  ]
______________________________________________
[5]Nave: finita accessPortToCharge
[5]Nave: sto per fare CHOOSE QUANTITY

[16]Nave: cap = max

[16]Nave: BEST QUANTITY: 74
[16]Nave: controllo se ha senso continuare

[16]Nave: prima di removeExpiredGoodsOnShip
[16]: Nave
coords: [x:0.000078, y:1.315378]
ton trasportati:0
valore di storm: 0
carico trasportato:
[  ]
______________________________________________
[16]Nave: dopo di removeExpiredGoodsOnShip
[16]: Nave
coords: [x:0.000078, y:1.315378]
ton trasportati:0
valore di storm: 0
carico trasportato:
[  ]
______________________________________________
[5]Nave: cap = max

[5]Nave: BEST QUANTITY: 74
[5]Nave: controllo se ha senso continuare

[5]Nave: prima di removeExpiredGoodsOnShip
[5]: Nave
coords: [x:0.000000, y:0.000000]
ton trasportati:96
valore di storm: 0
carico trasportato:
[ product_type:4 weight:96 expiration_time:30 dd:1 portID: 0, 
 ]
______________________________________________
[5]Nave: dopo di removeExpiredGoodsOnShip
[5]: Nave
coords: [x:0.000000, y:0.000000]
ton trasportati:96
valore di storm: 0
carico trasportato:
[ product_type:4 weight:96 expiration_time:30 dd:1 portID: 0, 
 ]
______________________________________________
[27]Nave: finito di chiamare i porti

[27]Nave: sto per fare CHOOSE QUANTITY

[28]Nave: fatta travel
[27]Nave: cap = max

[27]Nave: BEST QUANTITY: 74
[27]Nave: controllo se ha senso continuare

[27]Nave: prima di removeExpiredGoodsOnShip
[27]: Nave
coords: [x:0.000078, y:1.315378]
ton trasportati:0
valore di storm: 0
carico trasportato:
[  ]
______________________________________________
[27]Nave: dopo di removeExpiredGoodsOnShip
[27]: Nave
coords: [x:0.000078, y:1.315378]
ton trasportati:0
valore di storm: 0
carico trasportato:
[  ]
______________________________________________
[22]Nave: fatta travel
[23]Nave: finito di chiamare i porti

[23]Nave: sto per fare CHOOSE QUANTITY

[23]Nave: cap = max

[23]Nave: BEST QUANTITY: 74
[23]Nave: controllo se ha senso continuare

[23]Nave: prima di removeExpiredGoodsOnShip
[23]: Nave
coords: [x:0.000078, y:1.315378]
ton trasportati:0
valore di storm: 0
carico trasportato:
[  ]
______________________________________________
[23]Nave: dopo di removeExpiredGoodsOnShip
[23]: Nave
coords: [x:0.000078, y:1.315378]
ton trasportati:0
valore di storm: 0
carico trasportato:
[  ]
______________________________________________
[15]Nave: finito di chiamare i porti

[15]Nave: sto per fare CHOOSE QUANTITY

[15]Nave: cap = max

[15]Nave: BEST QUANTITY: 74
[15]Nave: controllo se ha senso continuare

[15]Nave: prima di removeExpiredGoodsOnShip
[15]: Nave
coords: [x:0.000078, y:1.315378]
ton trasportati:0
valore di storm: 0
carico trasportato:
[  ]
______________________________________________
[15]Nave: dopo di removeExpiredGoodsOnShip
[15]: Nave
coords: [x:0.000078, y:1.315378]
ton trasportati:0
valore di storm: 0
carico trasportato:
[  ]
______________________________________________
[33]Nave: finito di chiamare i porti

[33]Nave:  ho scelto il porto
[33]Nave: avvisato chi non è stato scelto
[33]Nave: Sono partita...

[32]Nave: finito di chiamare i porti

[32]Nave: sto per fare CHOOSE QUANTITY

[32]Nave: cap = max

[32]Nave: BEST QUANTITY: 72
[32]Nave: controllo se ha senso continuare

[32]Nave: prima di removeExpiredGoodsOnShip
[32]: Nave
coords: [x:0.000078, y:1.315378]
ton trasportati:0
valore di storm: 0
carico trasportato:
[  ]
______________________________________________
[32]Nave: dopo di removeExpiredGoodsOnShip
[32]: Nave
coords: [x:0.000078, y:1.315378]
ton trasportati:0
valore di storm: 0
carico trasportato:
[  ]
______________________________________________
[9]Nave: finito di chiamare i porti

[9]Nave: sto per fare CHOOSE QUANTITY

[9]Nave: cap = max

[9]Nave: BEST QUANTITY: 72
[9]Nave: controllo se ha senso continuare

[9]Nave: prima di removeExpiredGoodsOnShip
[9]: Nave
coords: [x:0.000078, y:1.315378]
ton trasportati:0
valore di storm: 0
carico trasportato:
[  ]
______________________________________________
[9]Nave: dopo di removeExpiredGoodsOnShip
[9]: Nave
coords: [x:0.000078, y:1.315378]
ton trasportati:0
valore di storm: 0
carico trasportato:
[  ]
______________________________________________
[31]Nave: finito di chiamare i porti

[31]Nave: sto per fare CHOOSE QUANTITY

[31]Nave: cap = max

[31]Nave: BEST QUANTITY: 72
[31]Nave: controllo se ha senso continuare

[31]Nave: prima di removeExpiredGoodsOnShip
[31]: Nave
coords: [x:0.000078, y:1.315378]
ton trasportati:0
valore di storm: 0
carico trasportato:
[  ]
______________________________________________
[31]Nave: dopo di removeExpiredGoodsOnShip
[31]: Nave
coords: [x:0.000078, y:1.315378]
ton trasportati:0
valore di storm: 0
carico trasportato:
[  ]
______________________________________________
[11]Nave: fatta travel
[24]Nave: finito di chiamare i porti

[24]Nave: sto per fare CHOOSE QUANTITY

[24]Nave: cap = max

[24]Nave: BEST QUANTITY: 72
[24]Nave: controllo se ha senso continuare

[24]Nave: prima di removeExpiredGoodsOnShip
[24]: Nave
coords: [x:0.000078, y:1.315378]
ton trasportati:0
valore di storm: 0
carico trasportato:
[  ]
______________________________________________
[24]Nave: dopo di removeExpiredGoodsOnShip
[24]: Nave
coords: [x:0.000078, y:1.315378]
ton trasportati:0
valore di storm: 0
carico trasportato:
[  ]
______________________________________________
[38]Nave: fatta travel
[36]Nave: fatta travel
[34]Nave: finito di chiamare i porti

[34]Nave: sto per fare CHOOSE QUANTITY

[34]Nave: cap = max

[34]Nave: BEST QUANTITY: 72
[34]Nave: controllo se ha senso continuare

[34]Nave: prima di removeExpiredGoodsOnShip
[34]: Nave
coords: [x:0.000078, y:1.315378]
ton trasportati:0
valore di storm: 0
carico trasportato:
[  ]
______________________________________________
[34]Nave: dopo di removeExpiredGoodsOnShip
[34]: Nave
coords: [x:0.000078, y:1.315378]
ton trasportati:0
valore di storm: 0
carico trasportato:
[  ]
______________________________________________
[10]Nave: finito di chiamare i porti

[10]Nave: sto per fare CHOOSE QUANTITY

[10]Nave: cap = max

[10]Nave: BEST QUANTITY: 72
[10]Nave: controllo se ha senso continuare

[10]Nave: prima di removeExpiredGoodsOnShip
[10]: Nave
coords: [x:0.000078, y:1.315378]
ton trasportati:0
valore di storm: 0
carico trasportato:
[  ]
______________________________________________
[10]Nave: dopo di removeExpiredGoodsOnShip
[10]: Nave
coords: [x:0.000078, y:1.315378]
ton trasportati:0
valore di storm: 0
carico trasportato:
[  ]
______________________________________________
[13]Nave: finito di chiamare i porti

[13]Nave: sto per fare CHOOSE QUANTITY

[13]Nave: cap = max

[13]Nave: BEST QUANTITY: 67
[13]Nave: controllo se ha senso continuare

[13]Nave: prima di removeExpiredGoodsOnShip
[13]: Nave
coords: [x:0.000078, y:1.315378]
ton trasportati:0
valore di storm: 0
carico trasportato:
[  ]
______________________________________________
[13]Nave: dopo di removeExpiredGoodsOnShip
[13]: Nave
coords: [x:0.000078, y:1.315378]
ton trasportati:0
valore di storm: 0
carico trasportato:
[  ]
______________________________________________
[1]Nave: finito di chiamare i porti

[1]Nave: sto per fare CHOOSE QUANTITY

[1]Nave: cap = max

[1]Nave: BEST QUANTITY: 67
[1]Nave: controllo se ha senso continuare

[1]Nave: prima di removeExpiredGoodsOnShip
[1]: Nave
coords: [x:0.000078, y:1.315378]
ton trasportati:0
valore di storm: 0
carico trasportato:
[  ]
______________________________________________
[1]Nave: dopo di removeExpiredGoodsOnShip
[1]: Nave
coords: [x:0.000078, y:1.315378]
ton trasportati:0
valore di storm: 0
carico trasportato:
[  ]
______________________________________________
[9]Nave: finito di chiamare i porti

[9]Nave:  ho scelto il porto
[9]Nave: avvisato chi non è stato scelto
[9]Nave: Sono partita...

[0]Nave: prima add
[0]: Nave
coords: [x:0.000000, y:10.000000]
ton trasportati:0
valore di storm: 0
carico trasportato:
[  ]
______________________________________________
[0]Nave: finita accessPortToCharge
[0]Nave: sto per fare CHOOSE QUANTITY

[0]Nave: cap = max

[0]Nave: BEST QUANTITY: 67
[0]Nave: controllo se ha senso continuare

[0]Nave: prima di removeExpiredGoodsOnShip
[0]: Nave
coords: [x:0.000000, y:10.000000]
ton trasportati:96
valore di storm: 0
carico trasportato:
[ product_type:2 weight:96 expiration_time:30 dd:0 portID: 3, 
 ]
______________________________________________
[0]Nave: dopo di removeExpiredGoodsOnShip
[0]: Nave
coords: [x:0.000000, y:10.000000]
ton trasportati:96
valore di storm: 0
carico trasportato:
[ product_type:2 weight:96 expiration_time:30 dd:0 portID: 3, 
 ]
______________________________________________
[35]Nave: finito di chiamare i porti

[35]Nave: sto per fare CHOOSE QUANTITY

[35]Nave: cap = max

[35]Nave: BEST QUANTITY: 67
[35]Nave: controllo se ha senso continuare

[35]Nave: prima di removeExpiredGoodsOnShip
[35]: Nave
coords: [x:0.000078, y:1.315378]
ton trasportati:0
valore di storm: 0
carico trasportato:
[  ]
______________________________________________
[35]Nave: dopo di removeExpiredGoodsOnShip
[35]: Nave
coords: [x:0.000078, y:1.315378]
ton trasportati:0
valore di storm: 0
carico trasportato:
[  ]
______________________________________________
[12]Nave: finito di chiamare i porti

[12]Nave: sto per fare CHOOSE QUANTITY

[12]Nave: cap = max

[12]Nave: BEST QUANTITY: 67
[12]Nave: controllo se ha senso continuare

[12]Nave: prima di removeExpiredGoodsOnShip
[12]: Nave
coords: [x:0.000078, y:1.315378]
ton trasportati:0
valore di storm: 0
carico trasportato:
[  ]
______________________________________________
[12]Nave: dopo di removeExpiredGoodsOnShip
[12]: Nave
coords: [x:0.000078, y:1.315378]
ton trasportati:0
valore di storm: 0
carico trasportato:
[  ]
______________________________________________
[20]Nave: finito di chiamare i porti

[20]Nave: sto per fare CHOOSE QUANTITY

[3]Nave: prima add
[3]: Nave
coords: [x:10.000000, y:0.000000]
ton trasportati:0
valore di storm: 0
carico trasportato:
[  ]
______________________________________________
[3]Nave: finita accessPortToCharge
[3]Nave: sto per fare CHOOSE QUANTITY

[20]Nave: cap = max

[20]Nave: BEST QUANTITY: 67
[20]Nave: controllo se ha senso continuare

[20]Nave: prima di removeExpiredGoodsOnShip
[20]: Nave
coords: [x:0.000000, y:0.000000]
ton trasportati:80
valore di storm: 0
carico trasportato:
[ product_type:3 weight:80 expiration_time:30 dd:0 portID: 0, 
 ]
______________________________________________
[20]Nave: dopo di removeExpiredGoodsOnShip
[20]: Nave
coords: [x:0.000000, y:0.000000]
ton trasportati:80
valore di storm: 0
carico trasportato:
[ product_type:3 weight:80 expiration_time:30 dd:0 portID: 0, 
 ]
______________________________________________
[6]Nave: finito di chiamare i porti

[3]Nave: cap = max

[3]Nave: BEST QUANTITY: 67
[6]Nave: sto per fare CHOOSE QUANTITY

[3]Nave: controllo se ha senso continuare

[3]Nave: prima di removeExpiredGoodsOnShip
[3]: Nave
coords: [x:10.000000, y:0.000000]
ton trasportati:84
valore di storm: 0
carico trasportato:
[ product_type:0 weight:84 expiration_time:30 dd:0 portID: 1, 
 ]
______________________________________________
[3]Nave: dopo di removeExpiredGoodsOnShip
[3]: Nave
coords: [x:10.000000, y:0.000000]
ton trasportati:84
valore di storm: 0
carico trasportato:
[ product_type:0 weight:84 expiration_time:30 dd:0 portID: 1, 
 ]
______________________________________________
[6]Nave: cap = max

[6]Nave: BEST QUANTITY: 67
[6]Nave: controllo se ha senso continuare

[6]Nave: prima di removeExpiredGoodsOnShip
[6]: Nave
coords: [x:0.000078, y:1.315378]
ton trasportati:0
valore di storm: 0
carico trasportato:
[  ]
______________________________________________
[6]Nave: dopo di removeExpiredGoodsOnShip
[6]: Nave
coords: [x:0.000078, y:1.315378]
ton trasportati:0
valore di storm: 0
carico trasportato:
[  ]
______________________________________________
[19]Nave: finito di chiamare i porti

[19]Nave: sto per fare CHOOSE QUANTITY

[19]Nave: cap = max

[19]Nave: BEST QUANTITY: 67
[19]Nave: controllo se ha senso continuare

[19]Nave: prima di removeExpiredGoodsOnShip
[19]: Nave
coords: [x:0.000078, y:1.315378]
ton trasportati:0
valore di storm: 0
carico trasportato:
[  ]
______________________________________________
[19]Nave: dopo di removeExpiredGoodsOnShip
[19]: Nave
coords: [x:0.000078, y:1.315378]
ton trasportati:0
valore di storm: 0
carico trasportato:
[  ]
______________________________________________
[2]Nave: finito di chiamare i porti

[2]Nave: sto per fare CHOOSE QUANTITY

[2]Nave: cap = max

[2]Nave: BEST QUANTITY: 67
[2]Nave: controllo se ha senso continuare

[2]Nave: prima di removeExpiredGoodsOnShip
[2]: Nave
coords: [x:0.000078, y:1.315378]
ton trasportati:0
valore di storm: 0
carico trasportato:
[  ]
______________________________________________
[2]Nave: dopo di removeExpiredGoodsOnShip
[2]: Nave
coords: [x:0.000078, y:1.315378]
ton trasportati:0
valore di storm: 0
carico trasportato:
[  ]
______________________________________________
[37]Nave: finito di chiamare i porti

[37]Nave: sto per fare CHOOSE QUANTITY

[37]Nave: cap = max

[37]Nave: BEST QUANTITY: 67
[37]Nave: controllo se ha senso continuare

[37]Nave: prima di removeExpiredGoodsOnShip
[37]: Nave
coords: [x:0.000078, y:1.315378]
ton trasportati:0
valore di storm: 0
carico trasportato:
[  ]
______________________________________________
[37]Nave: dopo di removeExpiredGoodsOnShip
[37]: Nave
coords: [x:0.000078, y:1.315378]
ton trasportati:0
valore di storm: 0
carico trasportato:
[  ]
______________________________________________
[17]Nave: finito di chiamare i porti

[17]Nave: sto per fare CHOOSE QUANTITY

[17]Nave: cap = max

[17]Nave: BEST QUANTITY: 62
[17]Nave: controllo se ha senso continuare

[17]Nave: prima di removeExpiredGoodsOnShip
[17]: Nave
coords: [x:0.000078, y:1.315378]
ton trasportati:0
valore di storm: 0
carico trasportato:
[  ]
______________________________________________
[17]Nave: dopo di removeExpiredGoodsOnShip
[17]: Nave
coords: [x:0.000078, y:1.315378]
ton trasportati:0
valore di storm: 0
carico trasportato:
[  ]
______________________________________________
[26]Nave: prima add
[26]: Nave
coords: [x:10.000000, y:10.000000]
ton trasportati:0
valore di storm: 0
carico trasportato:
[  ]
______________________________________________
[26]Nave: finita accessPortToCharge
[1]Nave: finito di chiamare i porti

[26]Nave: sto per fare CHOOSE QUANTITY

[1]Nave:  ho scelto il porto
[1]Nave: avvisato chi non è stato scelto
[1]Nave: Sono partita...

[26]Nave: cap = max

[26]Nave: BEST QUANTITY: 67
[26]Nave: controllo se ha senso continuare

[26]Nave: prima di removeExpiredGoodsOnShip
[26]: Nave
coords: [x:10.000000, y:10.000000]
ton trasportati:87
valore di storm: 0
carico trasportato:
[ product_type:4 weight:87 expiration_time:30 dd:0 portID: 2, 
 ]
______________________________________________
[26]Nave: dopo di removeExpiredGoodsOnShip
[26]: Nave
coords: [x:10.000000, y:10.000000]
ton trasportati:87
valore di storm: 0
carico trasportato:
[ product_type:4 weight:87 expiration_time:30 dd:0 portID: 2, 
 ]
______________________________________________
[13]Nave: finito di chiamare i porti

[13]Nave: sto per fare CHOOSE QUANTITY

[13]Nave: cap = max

[14]Nave: prima add
[13]Nave: BEST QUANTITY: 67
[14]: Nave
coords: [x:0.000000, y:10.000000]
ton trasportati:0
valore di storm: 0
carico trasportato:
[  ]
______________________________________________
[14]Nave: finita accessPortToCharge
[13]Nave: controllo se ha senso continuare

[13]Nave: prima di removeExpiredGoodsOnShip
[13]: Nave
coords: [x:0.000078, y:1.315378]
ton trasportati:0
valore di storm: 0
carico trasportato:
[  ]
______________________________________________
[13]Nave: dopo di removeExpiredGoodsOnShip
[13]: Nave
coords: [x:0.000078, y:1.315378]
ton trasportati:0
valore di storm: 0
carico trasportato:
[  ]
______________________________________________
[14]Nave: sto per fare CHOOSE QUANTITY

[7]Nave: finito di chiamare i porti

[7]Nave: sto per fare CHOOSE QUANTITY

[14]Nave: cap = max

[14]Nave: BEST QUANTITY: 67
[14]Nave: controllo se ha senso continuare

[14]Nave: prima di removeExpiredGoodsOnShip
[14]: Nave
coords: [x:0.000000, y:10.000000]
ton trasportati:96
valore di storm: 0
carico trasportato:
[ product_type:4 weight:96 expiration_time:30 dd:1 portID: 3, 
 ]
______________________________________________
[14]Nave: dopo di removeExpiredGoodsOnShip
[14]: Nave
coords: [x:0.000000, y:10.000000]
ton trasportati:96
valore di storm: 0
carico trasportato:
[ product_type:4 weight:96 expiration_time:30 dd:1 portID: 3, 
 ]
______________________________________________
[7]Nave: cap = max

[7]Nave: BEST QUANTITY: 67
[7]Nave: controllo se ha senso continuare

[7]Nave: prima di removeExpiredGoodsOnShip
[7]: Nave
coords: [x:0.000078, y:1.315378]
ton trasportati:0
valore di storm: 1
carico trasportato:
[  ]
______________________________________________
[7]Nave: dopo di removeExpiredGoodsOnShip
[7]: Nave
coords: [x:0.000078, y:1.315378]
ton trasportati:0
valore di storm: 1
carico trasportato:
[  ]
______________________________________________
[39]Nave: prima add
[39]: Nave
coords: [x:0.000000, y:0.000000]
ton trasportati:0
valore di storm: 0
carico trasportato:
[  ]
______________________________________________
[39]Nave: finita accessPortToCharge
[39]Nave: sto per fare CHOOSE QUANTITY

[15]Nave: finito di chiamare i porti

[15]Nave: sto per fare CHOOSE QUANTITY

[39]Nave: cap = max

[39]Nave: BEST QUANTITY: 67
[39]Nave: controllo se ha senso continuare

[39]Nave: prima di removeExpiredGoodsOnShip
[39]: Nave
coords: [x:0.000000, y:0.000000]
ton trasportati:76
valore di storm: 0
carico trasportato:
[ product_type:3 weight:76 expiration_time:30 dd:1 portID: 0, 
 ]
______________________________________________
[39]Nave: dopo di removeExpiredGoodsOnShip
[39]: Nave
coords: [x:0.000000, y:0.000000]
ton trasportati:76
valore di storm: 0
carico trasportato:
[ product_type:3 weight:76 expiration_time:30 dd:1 portID: 0, 
 ]
______________________________________________
[15]Nave: cap = max

[15]Nave: BEST QUANTITY: 67
[15]Nave: controllo se ha senso continuare

[15]Nave: prima di removeExpiredGoodsOnShip
[15]: Nave
coords: [x:0.000078, y:1.315378]
ton trasportati:0
valore di storm: 0
carico trasportato:
[  ]
______________________________________________
[15]Nave: dopo di removeExpiredGoodsOnShip
[15]: Nave
coords: [x:0.000078, y:1.315378]
ton trasportati:0
valore di storm: 0
carico trasportato:
[  ]
______________________________________________
[34]Nave: finito di chiamare i porti

[34]Nave: sto per fare CHOOSE QUANTITY

[1]Nave: fatta travel
[34]Nave: cap = max

[34]Nave: BEST QUANTITY: 67
[34]Nave: controllo se ha senso continuare

[34]Nave: prima di removeExpiredGoodsOnShip
[34]: Nave
coords: [x:0.000078, y:1.315378]
ton trasportati:0
valore di storm: 0
carico trasportato:
[  ]
______________________________________________
[34]Nave: dopo di removeExpiredGoodsOnShip
[34]: Nave
coords: [x:0.000078, y:1.315378]
ton trasportati:0
valore di storm: 0
carico trasportato:
[  ]
______________________________________________
[10]Nave: finito di chiamare i porti

[10]Nave: sto per fare CHOOSE QUANTITY

[10]Nave: cap = max

[10]Nave: BEST QUANTITY: 109
[10]Nave: controllo se ha senso continuare

[10]Nave: prima di removeExpiredGoodsOnShip
[10]: Nave
coords: [x:0.000078, y:1.315378]
ton trasportati:0
valore di storm: 0
carico trasportato:
[  ]
______________________________________________
[10]Nave: dopo di removeExpiredGoodsOnShip
[10]: Nave
coords: [x:0.000078, y:1.315378]
ton trasportati:0
valore di storm: 0
carico trasportato:
[  ]
______________________________________________
[20]Nave: finito di chiamare i porti

[20]Nave:  ho scelto il porto
[20]Nave: avvisato chi non è stato scelto
[20]Nave: Sono partita...

[35]Nave: finito di chiamare i porti

[35]Nave:  ho scelto il porto
[35]Nave: avvisato chi non è stato scelto
[35]Nave: Sono partita...

[3]Nave: finito di chiamare i porti

[3]Nave:  ho scelto il porto
[3]Nave: avvisato chi non è stato scelto
[3]Nave: Sono partita...

[19]Nave: finito di chiamare i porti

[19]Nave:  ho scelto il porto
[19]Nave: avvisato chi non è stato scelto
[19]Nave: Sono partita...

[31]Nave: finito di chiamare i porti

[31]Nave:  ho scelto il porto
[31]Nave: avvisato chi non è stato scelto
[31]Nave: Sono partita...

[14]Nave: finito di chiamare i porti

[14]Nave:  ho scelto il porto
[14]Nave: avvisato chi non è stato scelto
[14]Nave: Sono partita...

[14]Nave: fatta travel
[29]Nave: finito di chiamare i porti

[29]Nave: sto per fare CHOOSE QUANTITY

[29]Nave: cap = max

[29]Nave: BEST QUANTITY: 65
[29]Nave: controllo se ha senso continuare

[29]Nave: prima di removeExpiredGoodsOnShip
[29]: Nave
coords: [x:0.000078, y:1.315378]
ton trasportati:0
valore di storm: 0
carico trasportato:
[  ]
______________________________________________
[29]Nave: dopo di removeExpiredGoodsOnShip
[29]: Nave
coords: [x:0.000078, y:1.315378]
ton trasportati:0
valore di storm: 0
carico trasportato:
[  ]
______________________________________________
[37]Nave: finito di chiamare i porti

[37]Nave: sto per fare CHOOSE QUANTITY

[33]Nave: fatta travel
[37]Nave: cap = max

[37]Nave: BEST QUANTITY: 65
[37]Nave: controllo se ha senso continuare

[37]Nave: prima di removeExpiredGoodsOnShip
[37]: Nave
coords: [x:0.000078, y:1.315378]
ton trasportati:0
valore di storm: 0
carico trasportato:
[  ]
______________________________________________
[37]Nave: dopo di removeExpiredGoodsOnShip
[37]: Nave
coords: [x:0.000078, y:1.315378]
ton trasportati:0
valore di storm: 0
carico trasportato:
[  ]
______________________________________________
[2]Nave: finito di chiamare i porti

[2]Nave: sto per fare CHOOSE QUANTITY

