Quantità primo giorno: 2500
M: Finito generazione
✅✅✅✅✅✅✅✅✅✅✅✅✅✅✅✅✅✅✅✅✅✅✅✅✅✅✅✅✅✅✅✅✅✅✅✅✅✅✅✅✅✅✅✅✅✅✅✅✅✅✅✅✅✅✅✅✅✅✅✅✅✅✅✅
Quantità primo giorno: 2500
M: Finito generazione
✅✅✅✅✅✅✅✅✅✅✅✅✅✅✅✅✅✅✅✅✅✅✅✅✅✅✅✅✅✅✅✅✅✅✅✅✅✅✅✅✅✅✅✅✅✅✅✅✅✅✅✅✅✅✅✅✅✅✅✅✅✅✅✅
MASTER: DAY: 0
Master: dormo
MASTER: DAY: 1
Master: dormo
Quantità primo giorno: 2500
M: Finito generazione
✅✅✅✅✅✅✅✅✅✅✅✅✅✅✅✅✅✅✅✅✅✅✅✅✅✅✅✅✅✅✅✅✅✅✅✅✅✅✅✅✅✅✅✅✅✅✅✅✅✅✅✅✅✅✅✅✅✅✅✅✅✅✅✅
MASTER: DAY: 0
Master: dormo
MASTER: DAY: 1
Master: dormo
Quantità primo giorno: 2500
M: Finito generazione
✅✅✅✅✅✅✅✅✅✅✅✅✅✅✅✅✅✅✅✅✅✅✅✅✅✅✅✅✅✅✅✅✅✅✅✅✅✅✅✅✅✅✅✅✅✅✅✅✅✅✅✅✅✅✅✅✅✅✅✅✅✅✅✅
MASTER: DAY: 0
Master: dormo
MASTER: DAY: 1
Master: dormo
Quantità primo giorno: 2500
M: Finito generazione
✅✅✅✅✅✅✅✅✅✅✅✅✅✅✅✅✅✅✅✅✅✅✅✅✅✅✅✅✅✅✅✅✅✅✅✅✅✅✅✅✅✅✅✅✅✅✅✅✅✅✅✅✅✅✅✅✅✅✅✅✅✅✅✅
MASTER: DAY: 0
Master: dormo
MASTER: DAY: 1
Master: dormo
Quantità primo giorno: 2500
M: Finito generazione
✅✅✅✅✅✅✅✅✅✅✅✅✅✅✅✅✅✅✅✅✅✅✅✅✅✅✅✅✅✅✅✅✅✅✅✅✅✅✅✅✅✅✅✅✅✅✅✅✅✅✅✅✅✅✅✅✅✅✅✅✅✅✅✅
MASTER: DAY: 0
Master: dormo
MASTER: DAY: 1
Master: dormo
Quantità primo giorno: 2500
M: Finito generazione
✅✅✅✅✅✅✅✅✅✅✅✅✅✅✅✅✅✅✅✅✅✅✅✅✅✅✅✅✅✅✅✅✅✅✅✅✅✅✅✅✅✅✅✅✅✅✅✅✅✅✅✅✅✅✅✅✅✅✅✅✅✅✅✅
MASTER: DAY: 0
Master: dormo
Quantità primo giorno: 2500
M: Finito generazione
✅✅✅✅✅✅✅✅✅✅✅✅✅✅✅✅✅✅✅✅✅✅✅✅✅✅✅✅✅✅✅✅✅✅✅✅✅✅✅✅✅✅✅✅✅✅✅✅✅✅✅✅✅✅✅✅✅✅✅✅✅✅✅✅
MASTER: DAY: 0
Master: dormo
MASTER: DAY: 1
Master: dormo
MASTER: DAY: 2
Master: dormo
Quantità primo giorno: 2500
M: Finito generazione
✅✅✅✅✅✅✅✅✅✅✅✅✅✅✅✅✅✅✅✅✅✅✅✅✅✅✅✅✅✅✅✅✅✅✅✅✅✅✅✅✅✅✅✅✅✅✅✅✅✅✅✅✅✅✅✅✅✅✅✅✅✅✅✅
MASTER: DAY: 0
Master: dormo
MASTER: DAY: 1
Master: dormo
MASTER: DAY: 2
Master: dormo
Quantità primo giorno: 2500
M: Finito generazione
✅✅✅✅✅✅✅✅✅✅✅✅✅✅✅✅✅✅✅✅✅✅✅✅✅✅✅✅✅✅✅✅✅✅✅✅✅✅✅✅✅✅✅✅✅✅✅✅✅✅✅✅✅✅✅✅✅✅✅✅✅✅✅✅
MASTER: DAY: 0
Master: dormo
MASTER: DAY: 1
Master: dormo
MASTER: DAY: 2
Master: dormo
Quantità primo giorno: 2500
M: Finito generazione
✅✅✅✅✅✅✅✅✅✅✅✅✅✅✅✅✅✅✅✅✅✅✅✅✅✅✅✅✅✅✅✅✅✅✅✅✅✅✅✅✅✅✅✅✅✅✅✅✅✅✅✅✅✅✅✅✅✅✅✅✅✅✅✅
MASTER: DAY: 0
Master: dormo
MASTER: DAY: 1
Master: dormo
MASTER: DAY: 2
Master: dormo
Quantità primo giorno: 2500
M: Finito generazione
✅✅✅✅✅✅✅✅✅✅✅✅✅✅✅✅✅✅✅✅✅✅✅✅✅✅✅✅✅✅✅✅✅✅✅✅✅✅✅✅✅✅✅✅✅✅✅✅✅✅✅✅✅✅✅✅✅✅✅✅✅✅✅✅
MASTER: DAY: 0
Master: dormo
MASTER: DAY: 1
Master: dormo
MASTER: DAY: 2
Master: dormo
Quantità primo giorno: 2500
M: Finito generazione
✅✅✅✅✅✅✅✅✅✅✅✅✅✅✅✅✅✅✅✅✅✅✅✅✅✅✅✅✅✅✅✅✅✅✅✅✅✅✅✅✅✅✅✅✅✅✅✅✅✅✅✅✅✅✅✅✅✅✅✅✅✅✅✅
MASTER: DAY: 0
Master: dormo
MASTER: DAY: 1
Master: dormo
