[28735]Risorse porto 0:
DOMANDE:
0, 
0, 
0, 
0, 
0, 
SUPPLIES:
GIORNO 0: [ 0, 0, 0, 0, 0, ]
GIORNO 1: [ 0, 0, 0, 0, 0, ]
GIORNO 2: [ 0, 0, 0, 0, 0, ]
GIORNO 3: [ 0, 0, 0, 0, 0, ]
GIORNO 4: [ 0, 0, 0, 0, 0, ]
GIORNO 5: [ 0, 0, 0, 0, 0, ]
GIORNO 6: [ 0, 0, 0, 0, 0, ]
GIORNO 7: [ 0, 0, 0, 0, 0, ]
GIORNO 8: [ 0, 0, 0, 0, 0, ]
GIORNO 9: [ 0, 0, 0, 0, 0, ]
EXP TIMES:
[0, 0, 0, 0, 0, 0, 0, 0, 0, 0, 0, 0, 0, 0, 0, 0, 0, 0, 0, 0, 0, 0, 0, 0, 0, 0, 0, 0, 0, 0, 0, 0, 0, 0, 0, 0, 0, 0, 0, 0, 0, 0, 0, 0, 0, 0, 0, 0, 0, 0, ]
--------------------------------------
coords:
x: 0.000000
y: 0.000000
______________________________________________
